mode: set
github.com/panyam/slyds/main.go:5.13,7.2 1 0
github.com/panyam/slyds/assets/embed.go:38.37,41.16 3 0
github.com/panyam/slyds/assets/embed.go:41.16,43.3 1 0
github.com/panyam/slyds/assets/embed.go:44.2,44.28 1 0
github.com/panyam/slyds/assets/embed.go:44.28,45.56 1 0
github.com/panyam/slyds/assets/embed.go:45.56,46.74 1 0
github.com/panyam/slyds/assets/embed.go:46.74,48.5 1 0
github.com/panyam/slyds/assets/embed.go:51.2,51.14 1 0
github.com/panyam/slyds/assets/embed.go:56.32,58.16 2 0
github.com/panyam/slyds/assets/embed.go:58.16,60.3 1 0
github.com/panyam/slyds/assets/embed.go:61.2,62.28 2 0
github.com/panyam/slyds/assets/embed.go:62.28,63.83 1 0
github.com/panyam/slyds/assets/embed.go:63.83,65.4 1 0
github.com/panyam/slyds/assets/embed.go:67.2,68.48 2 0
github.com/panyam/slyds/gen/go/mcp/v1/annotations.pb.go:75.34,80.2 4 0
github.com/panyam/slyds/gen/go/mcp/v1/annotations.pb.go:82.42,84.2 1 0
github.com/panyam/slyds/gen/go/mcp/v1/annotations.pb.go:86.40,86.41 0 0
github.com/panyam/slyds/gen/go/mcp/v1/annotations.pb.go:88.62,90.14 2 0
github.com/panyam/slyds/gen/go/mcp/v1/annotations.pb.go:90.14,92.34 2 0
github.com/panyam/slyds/gen/go/mcp/v1/annotations.pb.go:92.34,94.4 1 0
github.com/panyam/slyds/gen/go/mcp/v1/annotations.pb.go:95.3,95.12 1 0
github.com/panyam/slyds/gen/go/mcp/v1/annotations.pb.go:97.2,97.24 1 0
github.com/panyam/slyds/gen/go/mcp/v1/annotations.pb.go:101.53,103.2 1 0
github.com/panyam/slyds/gen/go/mcp/v1/annotations.pb.go:105.43,106.14 1 0
github.com/panyam/slyds/gen/go/mcp/v1/annotations.pb.go:106.14,108.3 1 0
github.com/panyam/slyds/gen/go/mcp/v1/annotations.pb.go:109.2,109.11 1 0
github.com/panyam/slyds/gen/go/mcp/v1/annotations.pb.go:112.50,113.14 1 0
github.com/panyam/slyds/gen/go/mcp/v1/annotations.pb.go:113.14,115.3 1 0
github.com/panyam/slyds/gen/go/mcp/v1/annotations.pb.go:116.2,116.11 1 0
github.com/panyam/slyds/gen/go/mcp/v1/annotations.pb.go:119.46,120.14 1 0
github.com/panyam/slyds/gen/go/mcp/v1/annotations.pb.go:120.14,122.3 1 0
github.com/panyam/slyds/gen/go/mcp/v1/annotations.pb.go:123.2,123.11 1 0
github.com/panyam/slyds/gen/go/mcp/v1/annotations.pb.go:126.53,127.14 1 0
github.com/panyam/slyds/gen/go/mcp/v1/annotations.pb.go:127.14,129.3 1 0
github.com/panyam/slyds/gen/go/mcp/v1/annotations.pb.go:130.2,130.14 1 0
github.com/panyam/slyds/gen/go/mcp/v1/annotations.pb.go:133.52,134.14 1 0
github.com/panyam/slyds/gen/go/mcp/v1/annotations.pb.go:134.14,136.3 1 0
github.com/panyam/slyds/gen/go/mcp/v1/annotations.pb.go:137.2,137.11 1 0
github.com/panyam/slyds/gen/go/mcp/v1/annotations.pb.go:158.38,163.2 4 0
github.com/panyam/slyds/gen/go/mcp/v1/annotations.pb.go:165.46,167.2 1 0
github.com/panyam/slyds/gen/go/mcp/v1/annotations.pb.go:169.44,169.45 0 0
github.com/panyam/slyds/gen/go/mcp/v1/annotations.pb.go:171.66,173.14 2 0
github.com/panyam/slyds/gen/go/mcp/v1/annotations.pb.go:173.14,175.34 2 0
github.com/panyam/slyds/gen/go/mcp/v1/annotations.pb.go:175.34,177.4 1 0
github.com/panyam/slyds/gen/go/mcp/v1/annotations.pb.go:178.3,178.12 1 0
github.com/panyam/slyds/gen/go/mcp/v1/annotations.pb.go:180.2,180.24 1 0
github.com/panyam/slyds/gen/go/mcp/v1/annotations.pb.go:184.57,186.2 1 0
github.com/panyam/slyds/gen/go/mcp/v1/annotations.pb.go:188.54,189.14 1 0
github.com/panyam/slyds/gen/go/mcp/v1/annotations.pb.go:189.14,191.3 1 0
github.com/panyam/slyds/gen/go/mcp/v1/annotations.pb.go:192.2,192.11 1 0
github.com/panyam/slyds/gen/go/mcp/v1/annotations.pb.go:195.47,196.14 1 0
github.com/panyam/slyds/gen/go/mcp/v1/annotations.pb.go:196.14,198.3 1 0
github.com/panyam/slyds/gen/go/mcp/v1/annotations.pb.go:199.2,199.11 1 0
github.com/panyam/slyds/gen/go/mcp/v1/annotations.pb.go:202.51,203.14 1 0
github.com/panyam/slyds/gen/go/mcp/v1/annotations.pb.go:203.14,205.3 1 0
github.com/panyam/slyds/gen/go/mcp/v1/annotations.pb.go:206.2,206.11 1 0
github.com/panyam/slyds/gen/go/mcp/v1/annotations.pb.go:209.54,210.14 1 0
github.com/panyam/slyds/gen/go/mcp/v1/annotations.pb.go:210.14,212.3 1 0
github.com/panyam/slyds/gen/go/mcp/v1/annotations.pb.go:213.2,213.11 1 0
github.com/panyam/slyds/gen/go/mcp/v1/annotations.pb.go:227.36,232.2 4 0
github.com/panyam/slyds/gen/go/mcp/v1/annotations.pb.go:234.44,236.2 1 0
github.com/panyam/slyds/gen/go/mcp/v1/annotations.pb.go:238.42,238.43 0 0
github.com/panyam/slyds/gen/go/mcp/v1/annotations.pb.go:240.64,242.14 2 0
github.com/panyam/slyds/gen/go/mcp/v1/annotations.pb.go:242.14,244.34 2 0
github.com/panyam/slyds/gen/go/mcp/v1/annotations.pb.go:244.34,246.4 1 0
github.com/panyam/slyds/gen/go/mcp/v1/annotations.pb.go:247.3,247.12 1 0
github.com/panyam/slyds/gen/go/mcp/v1/annotations.pb.go:249.2,249.24 1 0
github.com/panyam/slyds/gen/go/mcp/v1/annotations.pb.go:253.55,255.2 1 0
github.com/panyam/slyds/gen/go/mcp/v1/annotations.pb.go:257.45,258.14 1 0
github.com/panyam/slyds/gen/go/mcp/v1/annotations.pb.go:258.14,260.3 1 0
github.com/panyam/slyds/gen/go/mcp/v1/annotations.pb.go:261.2,261.11 1 0
github.com/panyam/slyds/gen/go/mcp/v1/annotations.pb.go:264.52,265.14 1 0
github.com/panyam/slyds/gen/go/mcp/v1/annotations.pb.go:265.14,267.3 1 0
github.com/panyam/slyds/gen/go/mcp/v1/annotations.pb.go:268.2,268.11 1 0
github.com/panyam/slyds/gen/go/mcp/v1/annotations.pb.go:281.37,286.2 4 0
github.com/panyam/slyds/gen/go/mcp/v1/annotations.pb.go:288.45,290.2 1 0
github.com/panyam/slyds/gen/go/mcp/v1/annotations.pb.go:292.43,292.44 0 0
github.com/panyam/slyds/gen/go/mcp/v1/annotations.pb.go:294.65,296.14 2 0
github.com/panyam/slyds/gen/go/mcp/v1/annotations.pb.go:296.14,298.34 2 0
github.com/panyam/slyds/gen/go/mcp/v1/annotations.pb.go:298.34,300.4 1 0
github.com/panyam/slyds/gen/go/mcp/v1/annotations.pb.go:301.3,301.12 1 0
github.com/panyam/slyds/gen/go/mcp/v1/annotations.pb.go:303.2,303.24 1 0
github.com/panyam/slyds/gen/go/mcp/v1/annotations.pb.go:307.56,309.2 1 0
github.com/panyam/slyds/gen/go/mcp/v1/annotations.pb.go:311.51,312.14 1 0
github.com/panyam/slyds/gen/go/mcp/v1/annotations.pb.go:312.14,314.3 1 0
github.com/panyam/slyds/gen/go/mcp/v1/annotations.pb.go:315.2,315.11 1 0
github.com/panyam/slyds/gen/go/mcp/v1/annotations.pb.go:404.57,405.54 1 0
github.com/panyam/slyds/gen/go/mcp/v1/annotations.pb.go:405.54,407.3 1 0
github.com/panyam/slyds/gen/go/mcp/v1/annotations.pb.go:408.2,408.50 1 0
github.com/panyam/slyds/gen/go/mcp/v1/annotations.pb.go:436.13,436.53 1 0
github.com/panyam/slyds/gen/go/mcp/v1/annotations.pb.go:437.43,438.42 1 0
github.com/panyam/slyds/gen/go/mcp/v1/annotations.pb.go:438.42,440.3 1 0
github.com/panyam/slyds/gen/go/mcp/v1/annotations.pb.go:441.2,458.45 5 0
github.com/panyam/slyds/gen/go/slyds/v1/models.pb.go:39.31,44.2 4 0
github.com/panyam/slyds/gen/go/slyds/v1/models.pb.go:46.39,48.2 1 0
github.com/panyam/slyds/gen/go/slyds/v1/models.pb.go:50.37,50.38 0 0
github.com/panyam/slyds/gen/go/slyds/v1/models.pb.go:52.59,54.14 2 0
github.com/panyam/slyds/gen/go/slyds/v1/models.pb.go:54.14,56.34 2 0
github.com/panyam/slyds/gen/go/slyds/v1/models.pb.go:56.34,58.4 1 0
github.com/panyam/slyds/gen/go/slyds/v1/models.pb.go:59.3,59.12 1 0
github.com/panyam/slyds/gen/go/slyds/v1/models.pb.go:61.2,61.24 1 0
github.com/panyam/slyds/gen/go/slyds/v1/models.pb.go:65.50,67.2 1 0
github.com/panyam/slyds/gen/go/slyds/v1/models.pb.go:69.40,70.14 1 0
github.com/panyam/slyds/gen/go/slyds/v1/models.pb.go:70.14,72.3 1 0
github.com/panyam/slyds/gen/go/slyds/v1/models.pb.go:73.2,73.11 1 0
github.com/panyam/slyds/gen/go/slyds/v1/models.pb.go:82.36,87.2 4 0
github.com/panyam/slyds/gen/go/slyds/v1/models.pb.go:89.44,91.2 1 0
github.com/panyam/slyds/gen/go/slyds/v1/models.pb.go:93.42,93.43 0 0
github.com/panyam/slyds/gen/go/slyds/v1/models.pb.go:95.64,97.14 2 0
github.com/panyam/slyds/gen/go/slyds/v1/models.pb.go:97.14,99.34 2 0
github.com/panyam/slyds/gen/go/slyds/v1/models.pb.go:99.34,101.4 1 0
github.com/panyam/slyds/gen/go/slyds/v1/models.pb.go:102.3,102.12 1 0
github.com/panyam/slyds/gen/go/slyds/v1/models.pb.go:104.2,104.24 1 0
github.com/panyam/slyds/gen/go/slyds/v1/models.pb.go:108.55,110.2 1 0
github.com/panyam/slyds/gen/go/slyds/v1/models.pb.go:119.37,124.2 4 0
github.com/panyam/slyds/gen/go/slyds/v1/models.pb.go:126.45,128.2 1 0
github.com/panyam/slyds/gen/go/slyds/v1/models.pb.go:130.43,130.44 0 0
github.com/panyam/slyds/gen/go/slyds/v1/models.pb.go:132.65,134.14 2 0
github.com/panyam/slyds/gen/go/slyds/v1/models.pb.go:134.14,136.34 2 0
github.com/panyam/slyds/gen/go/slyds/v1/models.pb.go:136.34,138.4 1 0
github.com/panyam/slyds/gen/go/slyds/v1/models.pb.go:139.3,139.12 1 0
github.com/panyam/slyds/gen/go/slyds/v1/models.pb.go:141.2,141.24 1 0
github.com/panyam/slyds/gen/go/slyds/v1/models.pb.go:145.56,147.2 1 0
github.com/panyam/slyds/gen/go/slyds/v1/models.pb.go:149.55,150.14 1 0
github.com/panyam/slyds/gen/go/slyds/v1/models.pb.go:150.14,152.3 1 0
github.com/panyam/slyds/gen/go/slyds/v1/models.pb.go:153.2,153.12 1 0
github.com/panyam/slyds/gen/go/slyds/v1/models.pb.go:167.31,172.2 4 0
github.com/panyam/slyds/gen/go/slyds/v1/models.pb.go:174.39,176.2 1 0
github.com/panyam/slyds/gen/go/slyds/v1/models.pb.go:178.37,178.38 0 0
github.com/panyam/slyds/gen/go/slyds/v1/models.pb.go:180.59,182.14 2 0
github.com/panyam/slyds/gen/go/slyds/v1/models.pb.go:182.14,184.34 2 0
github.com/panyam/slyds/gen/go/slyds/v1/models.pb.go:184.34,186.4 1 0
github.com/panyam/slyds/gen/go/slyds/v1/models.pb.go:187.3,187.12 1 0
github.com/panyam/slyds/gen/go/slyds/v1/models.pb.go:189.2,189.24 1 0
github.com/panyam/slyds/gen/go/slyds/v1/models.pb.go:193.50,195.2 1 0
github.com/panyam/slyds/gen/go/slyds/v1/models.pb.go:197.40,198.14 1 0
github.com/panyam/slyds/gen/go/slyds/v1/models.pb.go:198.14,200.3 1 0
github.com/panyam/slyds/gen/go/slyds/v1/models.pb.go:201.2,201.11 1 0
github.com/panyam/slyds/gen/go/slyds/v1/models.pb.go:204.41,205.14 1 0
github.com/panyam/slyds/gen/go/slyds/v1/models.pb.go:205.14,207.3 1 0
github.com/panyam/slyds/gen/go/slyds/v1/models.pb.go:208.2,208.11 1 0
github.com/panyam/slyds/gen/go/slyds/v1/models.pb.go:211.41,212.14 1 0
github.com/panyam/slyds/gen/go/slyds/v1/models.pb.go:212.14,214.3 1 0
github.com/panyam/slyds/gen/go/slyds/v1/models.pb.go:215.2,215.11 1 0
github.com/panyam/slyds/gen/go/slyds/v1/models.pb.go:218.41,219.14 1 0
github.com/panyam/slyds/gen/go/slyds/v1/models.pb.go:219.14,221.3 1 0
github.com/panyam/slyds/gen/go/slyds/v1/models.pb.go:222.2,222.10 1 0
github.com/panyam/slyds/gen/go/slyds/v1/models.pb.go:239.37,244.2 4 0
github.com/panyam/slyds/gen/go/slyds/v1/models.pb.go:246.45,248.2 1 0
github.com/panyam/slyds/gen/go/slyds/v1/models.pb.go:250.43,250.44 0 0
github.com/panyam/slyds/gen/go/slyds/v1/models.pb.go:252.65,254.14 2 0
github.com/panyam/slyds/gen/go/slyds/v1/models.pb.go:254.14,256.34 2 0
github.com/panyam/slyds/gen/go/slyds/v1/models.pb.go:256.34,258.4 1 0
github.com/panyam/slyds/gen/go/slyds/v1/models.pb.go:259.3,259.12 1 0
github.com/panyam/slyds/gen/go/slyds/v1/models.pb.go:261.2,261.24 1 0
github.com/panyam/slyds/gen/go/slyds/v1/models.pb.go:265.56,267.2 1 0
github.com/panyam/slyds/gen/go/slyds/v1/models.pb.go:269.46,270.14 1 0
github.com/panyam/slyds/gen/go/slyds/v1/models.pb.go:270.14,272.3 1 0
github.com/panyam/slyds/gen/go/slyds/v1/models.pb.go:273.2,273.11 1 0
github.com/panyam/slyds/gen/go/slyds/v1/models.pb.go:276.47,277.14 1 0
github.com/panyam/slyds/gen/go/slyds/v1/models.pb.go:277.14,279.3 1 0
github.com/panyam/slyds/gen/go/slyds/v1/models.pb.go:280.2,280.11 1 0
github.com/panyam/slyds/gen/go/slyds/v1/models.pb.go:283.47,284.32 1 0
github.com/panyam/slyds/gen/go/slyds/v1/models.pb.go:284.32,286.3 1 0
github.com/panyam/slyds/gen/go/slyds/v1/models.pb.go:287.2,287.11 1 0
github.com/panyam/slyds/gen/go/slyds/v1/models.pb.go:290.47,291.33 1 0
github.com/panyam/slyds/gen/go/slyds/v1/models.pb.go:291.33,293.3 1 0
github.com/panyam/slyds/gen/go/slyds/v1/models.pb.go:294.2,294.10 1 0
github.com/panyam/slyds/gen/go/slyds/v1/models.pb.go:312.35,317.2 4 0
github.com/panyam/slyds/gen/go/slyds/v1/models.pb.go:319.43,321.2 1 0
github.com/panyam/slyds/gen/go/slyds/v1/models.pb.go:323.41,323.42 0 0
github.com/panyam/slyds/gen/go/slyds/v1/models.pb.go:325.63,327.14 2 0
github.com/panyam/slyds/gen/go/slyds/v1/models.pb.go:327.14,329.34 2 0
github.com/panyam/slyds/gen/go/slyds/v1/models.pb.go:329.34,331.4 1 0
github.com/panyam/slyds/gen/go/slyds/v1/models.pb.go:332.3,332.12 1 0
github.com/panyam/slyds/gen/go/slyds/v1/models.pb.go:334.2,334.24 1 0
github.com/panyam/slyds/gen/go/slyds/v1/models.pb.go:338.54,340.2 1 0
github.com/panyam/slyds/gen/go/slyds/v1/models.pb.go:342.45,343.14 1 0
github.com/panyam/slyds/gen/go/slyds/v1/models.pb.go:343.14,345.3 1 0
github.com/panyam/slyds/gen/go/slyds/v1/models.pb.go:346.2,346.11 1 0
github.com/panyam/slyds/gen/go/slyds/v1/models.pb.go:349.45,350.14 1 0
github.com/panyam/slyds/gen/go/slyds/v1/models.pb.go:350.14,352.3 1 0
github.com/panyam/slyds/gen/go/slyds/v1/models.pb.go:353.2,353.11 1 0
github.com/panyam/slyds/gen/go/slyds/v1/models.pb.go:356.49,357.14 1 0
github.com/panyam/slyds/gen/go/slyds/v1/models.pb.go:357.14,359.3 1 0
github.com/panyam/slyds/gen/go/slyds/v1/models.pb.go:360.2,360.10 1 0
github.com/panyam/slyds/gen/go/slyds/v1/models.pb.go:363.51,364.14 1 0
github.com/panyam/slyds/gen/go/slyds/v1/models.pb.go:364.14,366.3 1 0
github.com/panyam/slyds/gen/go/slyds/v1/models.pb.go:367.2,367.11 1 0
github.com/panyam/slyds/gen/go/slyds/v1/models.pb.go:370.53,371.14 1 0
github.com/panyam/slyds/gen/go/slyds/v1/models.pb.go:371.14,373.3 1 0
github.com/panyam/slyds/gen/go/slyds/v1/models.pb.go:374.2,374.12 1 0
github.com/panyam/slyds/gen/go/slyds/v1/models.pb.go:377.59,378.14 1 0
github.com/panyam/slyds/gen/go/slyds/v1/models.pb.go:378.14,380.3 1 0
github.com/panyam/slyds/gen/go/slyds/v1/models.pb.go:381.2,381.12 1 0
github.com/panyam/slyds/gen/go/slyds/v1/models.pb.go:384.57,385.14 1 0
github.com/panyam/slyds/gen/go/slyds/v1/models.pb.go:385.14,387.3 1 0
github.com/panyam/slyds/gen/go/slyds/v1/models.pb.go:388.2,388.12 1 0
github.com/panyam/slyds/gen/go/slyds/v1/models.pb.go:391.58,392.14 1 0
github.com/panyam/slyds/gen/go/slyds/v1/models.pb.go:392.14,394.3 1 0
github.com/panyam/slyds/gen/go/slyds/v1/models.pb.go:395.2,395.12 1 0
github.com/panyam/slyds/gen/go/slyds/v1/models.pb.go:415.36,420.2 4 0
github.com/panyam/slyds/gen/go/slyds/v1/models.pb.go:422.44,424.2 1 0
github.com/panyam/slyds/gen/go/slyds/v1/models.pb.go:426.42,426.43 0 0
github.com/panyam/slyds/gen/go/slyds/v1/models.pb.go:428.64,430.14 2 0
github.com/panyam/slyds/gen/go/slyds/v1/models.pb.go:430.14,432.34 2 0
github.com/panyam/slyds/gen/go/slyds/v1/models.pb.go:432.34,434.4 1 0
github.com/panyam/slyds/gen/go/slyds/v1/models.pb.go:435.3,435.12 1 0
github.com/panyam/slyds/gen/go/slyds/v1/models.pb.go:437.2,437.24 1 0
github.com/panyam/slyds/gen/go/slyds/v1/models.pb.go:441.55,443.2 1 0
github.com/panyam/slyds/gen/go/slyds/v1/models.pb.go:445.48,446.14 1 0
github.com/panyam/slyds/gen/go/slyds/v1/models.pb.go:446.14,448.3 1 0
github.com/panyam/slyds/gen/go/slyds/v1/models.pb.go:449.2,449.10 1 0
github.com/panyam/slyds/gen/go/slyds/v1/models.pb.go:452.45,453.14 1 0
github.com/panyam/slyds/gen/go/slyds/v1/models.pb.go:453.14,455.3 1 0
github.com/panyam/slyds/gen/go/slyds/v1/models.pb.go:456.2,456.11 1 0
github.com/panyam/slyds/gen/go/slyds/v1/models.pb.go:459.48,460.14 1 0
github.com/panyam/slyds/gen/go/slyds/v1/models.pb.go:460.14,462.3 1 0
github.com/panyam/slyds/gen/go/slyds/v1/models.pb.go:463.2,463.11 1 0
github.com/panyam/slyds/gen/go/slyds/v1/models.pb.go:466.45,467.14 1 0
github.com/panyam/slyds/gen/go/slyds/v1/models.pb.go:467.14,469.3 1 0
github.com/panyam/slyds/gen/go/slyds/v1/models.pb.go:470.2,470.11 1 0
github.com/panyam/slyds/gen/go/slyds/v1/models.pb.go:473.47,474.14 1 0
github.com/panyam/slyds/gen/go/slyds/v1/models.pb.go:474.14,476.3 1 0
github.com/panyam/slyds/gen/go/slyds/v1/models.pb.go:477.2,477.11 1 0
github.com/panyam/slyds/gen/go/slyds/v1/models.pb.go:480.46,481.14 1 0
github.com/panyam/slyds/gen/go/slyds/v1/models.pb.go:481.14,483.3 1 0
github.com/panyam/slyds/gen/go/slyds/v1/models.pb.go:484.2,484.11 1 0
github.com/panyam/slyds/gen/go/slyds/v1/models.pb.go:487.45,488.14 1 0
github.com/panyam/slyds/gen/go/slyds/v1/models.pb.go:488.14,490.3 1 0
github.com/panyam/slyds/gen/go/slyds/v1/models.pb.go:491.2,491.10 1 0
github.com/panyam/slyds/gen/go/slyds/v1/models.pb.go:494.47,495.14 1 0
github.com/panyam/slyds/gen/go/slyds/v1/models.pb.go:495.14,497.3 1 0
github.com/panyam/slyds/gen/go/slyds/v1/models.pb.go:498.2,498.14 1 0
github.com/panyam/slyds/gen/go/slyds/v1/models.pb.go:501.46,502.14 1 0
github.com/panyam/slyds/gen/go/slyds/v1/models.pb.go:502.14,504.3 1 0
github.com/panyam/slyds/gen/go/slyds/v1/models.pb.go:505.2,505.10 1 0
github.com/panyam/slyds/gen/go/slyds/v1/models.pb.go:508.48,509.14 1 0
github.com/panyam/slyds/gen/go/slyds/v1/models.pb.go:509.14,511.3 1 0
github.com/panyam/slyds/gen/go/slyds/v1/models.pb.go:512.2,512.11 1 0
github.com/panyam/slyds/gen/go/slyds/v1/models.pb.go:522.38,527.2 4 0
github.com/panyam/slyds/gen/go/slyds/v1/models.pb.go:529.46,531.2 1 0
github.com/panyam/slyds/gen/go/slyds/v1/models.pb.go:533.44,533.45 0 0
github.com/panyam/slyds/gen/go/slyds/v1/models.pb.go:535.66,537.14 2 0
github.com/panyam/slyds/gen/go/slyds/v1/models.pb.go:537.14,539.34 2 0
github.com/panyam/slyds/gen/go/slyds/v1/models.pb.go:539.34,541.4 1 0
github.com/panyam/slyds/gen/go/slyds/v1/models.pb.go:542.3,542.12 1 0
github.com/panyam/slyds/gen/go/slyds/v1/models.pb.go:544.2,544.24 1 0
github.com/panyam/slyds/gen/go/slyds/v1/models.pb.go:548.57,550.2 1 0
github.com/panyam/slyds/gen/go/slyds/v1/models.pb.go:552.62,553.14 1 0
github.com/panyam/slyds/gen/go/slyds/v1/models.pb.go:553.14,555.3 1 0
github.com/panyam/slyds/gen/go/slyds/v1/models.pb.go:556.2,556.12 1 0
github.com/panyam/slyds/gen/go/slyds/v1/models.pb.go:570.36,575.2 4 0
github.com/panyam/slyds/gen/go/slyds/v1/models.pb.go:577.44,579.2 1 0
github.com/panyam/slyds/gen/go/slyds/v1/models.pb.go:581.42,581.43 0 0
github.com/panyam/slyds/gen/go/slyds/v1/models.pb.go:583.64,585.14 2 0
github.com/panyam/slyds/gen/go/slyds/v1/models.pb.go:585.14,587.34 2 0
github.com/panyam/slyds/gen/go/slyds/v1/models.pb.go:587.34,589.4 1 0
github.com/panyam/slyds/gen/go/slyds/v1/models.pb.go:590.3,590.12 1 0
github.com/panyam/slyds/gen/go/slyds/v1/models.pb.go:592.2,592.24 1 0
github.com/panyam/slyds/gen/go/slyds/v1/models.pb.go:596.55,598.2 1 0
github.com/panyam/slyds/gen/go/slyds/v1/models.pb.go:600.45,601.14 1 0
github.com/panyam/slyds/gen/go/slyds/v1/models.pb.go:601.14,603.3 1 0
github.com/panyam/slyds/gen/go/slyds/v1/models.pb.go:604.2,604.11 1 0
github.com/panyam/slyds/gen/go/slyds/v1/models.pb.go:607.46,608.32 1 0
github.com/panyam/slyds/gen/go/slyds/v1/models.pb.go:608.32,610.3 1 0
github.com/panyam/slyds/gen/go/slyds/v1/models.pb.go:611.2,611.11 1 0
github.com/panyam/slyds/gen/go/slyds/v1/models.pb.go:614.48,615.35 1 0
github.com/panyam/slyds/gen/go/slyds/v1/models.pb.go:615.35,617.3 1 0
github.com/panyam/slyds/gen/go/slyds/v1/models.pb.go:618.2,618.10 1 0
github.com/panyam/slyds/gen/go/slyds/v1/models.pb.go:631.35,636.2 4 0
github.com/panyam/slyds/gen/go/slyds/v1/models.pb.go:638.43,640.2 1 0
github.com/panyam/slyds/gen/go/slyds/v1/models.pb.go:642.41,642.42 0 0
github.com/panyam/slyds/gen/go/slyds/v1/models.pb.go:644.63,646.14 2 0
github.com/panyam/slyds/gen/go/slyds/v1/models.pb.go:646.14,648.34 2 0
github.com/panyam/slyds/gen/go/slyds/v1/models.pb.go:648.34,650.4 1 0
github.com/panyam/slyds/gen/go/slyds/v1/models.pb.go:651.3,651.12 1 0
github.com/panyam/slyds/gen/go/slyds/v1/models.pb.go:653.2,653.24 1 0
github.com/panyam/slyds/gen/go/slyds/v1/models.pb.go:657.54,659.2 1 0
github.com/panyam/slyds/gen/go/slyds/v1/models.pb.go:661.47,662.14 1 0
github.com/panyam/slyds/gen/go/slyds/v1/models.pb.go:662.14,664.3 1 0
github.com/panyam/slyds/gen/go/slyds/v1/models.pb.go:665.2,665.11 1 0
github.com/panyam/slyds/gen/go/slyds/v1/models.pb.go:668.47,669.14 1 0
github.com/panyam/slyds/gen/go/slyds/v1/models.pb.go:669.14,671.3 1 0
github.com/panyam/slyds/gen/go/slyds/v1/models.pb.go:672.2,672.11 1 0
github.com/panyam/slyds/gen/go/slyds/v1/models.pb.go:675.51,676.14 1 0
github.com/panyam/slyds/gen/go/slyds/v1/models.pb.go:676.14,678.3 1 0
github.com/panyam/slyds/gen/go/slyds/v1/models.pb.go:679.2,679.11 1 0
github.com/panyam/slyds/gen/go/slyds/v1/models.pb.go:697.36,702.2 4 0
github.com/panyam/slyds/gen/go/slyds/v1/models.pb.go:704.44,706.2 1 0
github.com/panyam/slyds/gen/go/slyds/v1/models.pb.go:708.42,708.43 0 0
github.com/panyam/slyds/gen/go/slyds/v1/models.pb.go:710.64,712.14 2 0
github.com/panyam/slyds/gen/go/slyds/v1/models.pb.go:712.14,714.34 2 0
github.com/panyam/slyds/gen/go/slyds/v1/models.pb.go:714.34,716.4 1 0
github.com/panyam/slyds/gen/go/slyds/v1/models.pb.go:717.3,717.12 1 0
github.com/panyam/slyds/gen/go/slyds/v1/models.pb.go:719.2,719.24 1 0
github.com/panyam/slyds/gen/go/slyds/v1/models.pb.go:723.55,725.2 1 0
github.com/panyam/slyds/gen/go/slyds/v1/models.pb.go:727.45,728.14 1 0
github.com/panyam/slyds/gen/go/slyds/v1/models.pb.go:728.14,730.3 1 0
github.com/panyam/slyds/gen/go/slyds/v1/models.pb.go:731.2,731.11 1 0
github.com/panyam/slyds/gen/go/slyds/v1/models.pb.go:734.46,735.32 1 0
github.com/panyam/slyds/gen/go/slyds/v1/models.pb.go:735.32,737.3 1 0
github.com/panyam/slyds/gen/go/slyds/v1/models.pb.go:738.2,738.11 1 0
github.com/panyam/slyds/gen/go/slyds/v1/models.pb.go:741.48,742.35 1 0
github.com/panyam/slyds/gen/go/slyds/v1/models.pb.go:742.35,744.3 1 0
github.com/panyam/slyds/gen/go/slyds/v1/models.pb.go:745.2,745.10 1 0
github.com/panyam/slyds/gen/go/slyds/v1/models.pb.go:748.48,749.14 1 0
github.com/panyam/slyds/gen/go/slyds/v1/models.pb.go:749.14,751.3 1 0
github.com/panyam/slyds/gen/go/slyds/v1/models.pb.go:752.2,752.11 1 0
github.com/panyam/slyds/gen/go/slyds/v1/models.pb.go:755.56,756.42 1 0
github.com/panyam/slyds/gen/go/slyds/v1/models.pb.go:756.42,758.3 1 0
github.com/panyam/slyds/gen/go/slyds/v1/models.pb.go:759.2,759.11 1 0
github.com/panyam/slyds/gen/go/slyds/v1/models.pb.go:775.35,780.2 4 0
github.com/panyam/slyds/gen/go/slyds/v1/models.pb.go:782.43,784.2 1 0
github.com/panyam/slyds/gen/go/slyds/v1/models.pb.go:786.41,786.42 0 0
github.com/panyam/slyds/gen/go/slyds/v1/models.pb.go:788.63,790.14 2 0
github.com/panyam/slyds/gen/go/slyds/v1/models.pb.go:790.14,792.34 2 0
github.com/panyam/slyds/gen/go/slyds/v1/models.pb.go:792.34,794.4 1 0
github.com/panyam/slyds/gen/go/slyds/v1/models.pb.go:795.3,795.12 1 0
github.com/panyam/slyds/gen/go/slyds/v1/models.pb.go:797.2,797.24 1 0
github.com/panyam/slyds/gen/go/slyds/v1/models.pb.go:801.54,803.2 1 0
github.com/panyam/slyds/gen/go/slyds/v1/models.pb.go:805.47,806.14 1 0
github.com/panyam/slyds/gen/go/slyds/v1/models.pb.go:806.14,808.3 1 0
github.com/panyam/slyds/gen/go/slyds/v1/models.pb.go:809.2,809.11 1 0
github.com/panyam/slyds/gen/go/slyds/v1/models.pb.go:812.51,813.14 1 0
github.com/panyam/slyds/gen/go/slyds/v1/models.pb.go:813.14,815.3 1 0
github.com/panyam/slyds/gen/go/slyds/v1/models.pb.go:816.2,816.11 1 0
github.com/panyam/slyds/gen/go/slyds/v1/models.pb.go:819.47,820.14 1 0
github.com/panyam/slyds/gen/go/slyds/v1/models.pb.go:820.14,822.3 1 0
github.com/panyam/slyds/gen/go/slyds/v1/models.pb.go:823.2,823.10 1 0
github.com/panyam/slyds/gen/go/slyds/v1/models.pb.go:855.37,860.2 4 0
github.com/panyam/slyds/gen/go/slyds/v1/models.pb.go:862.45,864.2 1 0
github.com/panyam/slyds/gen/go/slyds/v1/models.pb.go:866.43,866.44 0 0
github.com/panyam/slyds/gen/go/slyds/v1/models.pb.go:868.65,870.14 2 0
github.com/panyam/slyds/gen/go/slyds/v1/models.pb.go:870.14,872.34 2 0
github.com/panyam/slyds/gen/go/slyds/v1/models.pb.go:872.34,874.4 1 0
github.com/panyam/slyds/gen/go/slyds/v1/models.pb.go:875.3,875.12 1 0
github.com/panyam/slyds/gen/go/slyds/v1/models.pb.go:877.2,877.24 1 0
github.com/panyam/slyds/gen/go/slyds/v1/models.pb.go:881.56,883.2 1 0
github.com/panyam/slyds/gen/go/slyds/v1/models.pb.go:885.46,886.14 1 0
github.com/panyam/slyds/gen/go/slyds/v1/models.pb.go:886.14,888.3 1 0
github.com/panyam/slyds/gen/go/slyds/v1/models.pb.go:889.2,889.11 1 0
github.com/panyam/slyds/gen/go/slyds/v1/models.pb.go:892.47,893.14 1 0
github.com/panyam/slyds/gen/go/slyds/v1/models.pb.go:893.14,895.3 1 0
github.com/panyam/slyds/gen/go/slyds/v1/models.pb.go:896.2,896.11 1 0
github.com/panyam/slyds/gen/go/slyds/v1/models.pb.go:899.50,900.14 1 0
github.com/panyam/slyds/gen/go/slyds/v1/models.pb.go:900.14,902.3 1 0
github.com/panyam/slyds/gen/go/slyds/v1/models.pb.go:903.2,903.11 1 0
github.com/panyam/slyds/gen/go/slyds/v1/models.pb.go:906.44,907.31 1 0
github.com/panyam/slyds/gen/go/slyds/v1/models.pb.go:907.31,909.3 1 0
github.com/panyam/slyds/gen/go/slyds/v1/models.pb.go:910.2,910.14 1 0
github.com/panyam/slyds/gen/go/slyds/v1/models.pb.go:913.46,914.31 1 0
github.com/panyam/slyds/gen/go/slyds/v1/models.pb.go:914.31,916.3 1 0
github.com/panyam/slyds/gen/go/slyds/v1/models.pb.go:917.2,917.11 1 0
github.com/panyam/slyds/gen/go/slyds/v1/models.pb.go:920.45,921.32 1 0
github.com/panyam/slyds/gen/go/slyds/v1/models.pb.go:921.32,923.3 1 0
github.com/panyam/slyds/gen/go/slyds/v1/models.pb.go:924.2,924.14 1 0
github.com/panyam/slyds/gen/go/slyds/v1/models.pb.go:927.45,928.30 1 0
github.com/panyam/slyds/gen/go/slyds/v1/models.pb.go:928.30,930.3 1 0
github.com/panyam/slyds/gen/go/slyds/v1/models.pb.go:931.2,931.11 1 0
github.com/panyam/slyds/gen/go/slyds/v1/models.pb.go:934.49,935.34 1 0
github.com/panyam/slyds/gen/go/slyds/v1/models.pb.go:935.34,937.3 1 0
github.com/panyam/slyds/gen/go/slyds/v1/models.pb.go:938.2,938.11 1 0
github.com/panyam/slyds/gen/go/slyds/v1/models.pb.go:941.49,942.34 1 0
github.com/panyam/slyds/gen/go/slyds/v1/models.pb.go:942.34,944.3 1 0
github.com/panyam/slyds/gen/go/slyds/v1/models.pb.go:945.2,945.11 1 0
github.com/panyam/slyds/gen/go/slyds/v1/models.pb.go:948.48,949.33 1 0
github.com/panyam/slyds/gen/go/slyds/v1/models.pb.go:949.33,951.3 1 0
github.com/panyam/slyds/gen/go/slyds/v1/models.pb.go:952.2,952.11 1 0
github.com/panyam/slyds/gen/go/slyds/v1/models.pb.go:955.46,956.33 1 0
github.com/panyam/slyds/gen/go/slyds/v1/models.pb.go:956.33,958.3 1 0
github.com/panyam/slyds/gen/go/slyds/v1/models.pb.go:959.2,959.14 1 0
github.com/panyam/slyds/gen/go/slyds/v1/models.pb.go:962.43,963.30 1 0
github.com/panyam/slyds/gen/go/slyds/v1/models.pb.go:963.30,965.3 1 0
github.com/panyam/slyds/gen/go/slyds/v1/models.pb.go:966.2,966.14 1 0
github.com/panyam/slyds/gen/go/slyds/v1/models.pb.go:977.38,982.2 4 0
github.com/panyam/slyds/gen/go/slyds/v1/models.pb.go:984.46,986.2 1 0
github.com/panyam/slyds/gen/go/slyds/v1/models.pb.go:988.44,988.45 0 0
github.com/panyam/slyds/gen/go/slyds/v1/models.pb.go:990.66,992.14 2 0
github.com/panyam/slyds/gen/go/slyds/v1/models.pb.go:992.14,994.34 2 0
github.com/panyam/slyds/gen/go/slyds/v1/models.pb.go:994.34,996.4 1 0
github.com/panyam/slyds/gen/go/slyds/v1/models.pb.go:997.3,997.12 1 0
github.com/panyam/slyds/gen/go/slyds/v1/models.pb.go:999.2,999.24 1 0
github.com/panyam/slyds/gen/go/slyds/v1/models.pb.go:1003.57,1005.2 1 0
github.com/panyam/slyds/gen/go/slyds/v1/models.pb.go:1007.52,1008.14 1 0
github.com/panyam/slyds/gen/go/slyds/v1/models.pb.go:1008.14,1010.3 1 0
github.com/panyam/slyds/gen/go/slyds/v1/models.pb.go:1011.2,1011.12 1 0
github.com/panyam/slyds/gen/go/slyds/v1/models.pb.go:1031.35,1036.2 4 0
github.com/panyam/slyds/gen/go/slyds/v1/models.pb.go:1038.43,1040.2 1 0
github.com/panyam/slyds/gen/go/slyds/v1/models.pb.go:1042.41,1042.42 0 0
github.com/panyam/slyds/gen/go/slyds/v1/models.pb.go:1044.63,1046.14 2 0
github.com/panyam/slyds/gen/go/slyds/v1/models.pb.go:1046.14,1048.34 2 0
github.com/panyam/slyds/gen/go/slyds/v1/models.pb.go:1048.34,1050.4 1 0
github.com/panyam/slyds/gen/go/slyds/v1/models.pb.go:1051.3,1051.12 1 0
github.com/panyam/slyds/gen/go/slyds/v1/models.pb.go:1053.2,1053.24 1 0
github.com/panyam/slyds/gen/go/slyds/v1/models.pb.go:1057.54,1059.2 1 0
github.com/panyam/slyds/gen/go/slyds/v1/models.pb.go:1061.44,1062.14 1 0
github.com/panyam/slyds/gen/go/slyds/v1/models.pb.go:1062.14,1064.3 1 0
github.com/panyam/slyds/gen/go/slyds/v1/models.pb.go:1065.2,1065.11 1 0
github.com/panyam/slyds/gen/go/slyds/v1/models.pb.go:1068.47,1069.14 1 0
github.com/panyam/slyds/gen/go/slyds/v1/models.pb.go:1069.14,1071.3 1 0
github.com/panyam/slyds/gen/go/slyds/v1/models.pb.go:1072.2,1072.10 1 0
github.com/panyam/slyds/gen/go/slyds/v1/models.pb.go:1075.44,1076.14 1 0
github.com/panyam/slyds/gen/go/slyds/v1/models.pb.go:1076.14,1078.3 1 0
github.com/panyam/slyds/gen/go/slyds/v1/models.pb.go:1079.2,1079.11 1 0
github.com/panyam/slyds/gen/go/slyds/v1/models.pb.go:1082.46,1083.33 1 0
github.com/panyam/slyds/gen/go/slyds/v1/models.pb.go:1083.33,1085.3 1 0
github.com/panyam/slyds/gen/go/slyds/v1/models.pb.go:1086.2,1086.11 1 0
github.com/panyam/slyds/gen/go/slyds/v1/models.pb.go:1089.45,1090.32 1 0
github.com/panyam/slyds/gen/go/slyds/v1/models.pb.go:1090.32,1092.3 1 0
github.com/panyam/slyds/gen/go/slyds/v1/models.pb.go:1093.2,1093.11 1 0
github.com/panyam/slyds/gen/go/slyds/v1/models.pb.go:1096.59,1097.46 1 0
github.com/panyam/slyds/gen/go/slyds/v1/models.pb.go:1097.46,1099.3 1 0
github.com/panyam/slyds/gen/go/slyds/v1/models.pb.go:1100.2,1100.11 1 0
github.com/panyam/slyds/gen/go/slyds/v1/models.pb.go:1118.36,1123.2 4 0
github.com/panyam/slyds/gen/go/slyds/v1/models.pb.go:1125.44,1127.2 1 0
github.com/panyam/slyds/gen/go/slyds/v1/models.pb.go:1129.42,1129.43 0 0
github.com/panyam/slyds/gen/go/slyds/v1/models.pb.go:1131.64,1133.14 2 0
github.com/panyam/slyds/gen/go/slyds/v1/models.pb.go:1133.14,1135.34 2 0
github.com/panyam/slyds/gen/go/slyds/v1/models.pb.go:1135.34,1137.4 1 0
github.com/panyam/slyds/gen/go/slyds/v1/models.pb.go:1138.3,1138.12 1 0
github.com/panyam/slyds/gen/go/slyds/v1/models.pb.go:1140.2,1140.24 1 0
github.com/panyam/slyds/gen/go/slyds/v1/models.pb.go:1144.55,1146.2 1 0
github.com/panyam/slyds/gen/go/slyds/v1/models.pb.go:1148.45,1149.14 1 0
github.com/panyam/slyds/gen/go/slyds/v1/models.pb.go:1149.14,1151.3 1 0
github.com/panyam/slyds/gen/go/slyds/v1/models.pb.go:1152.2,1152.11 1 0
github.com/panyam/slyds/gen/go/slyds/v1/models.pb.go:1155.48,1156.14 1 0
github.com/panyam/slyds/gen/go/slyds/v1/models.pb.go:1156.14,1158.3 1 0
github.com/panyam/slyds/gen/go/slyds/v1/models.pb.go:1159.2,1159.11 1 0
github.com/panyam/slyds/gen/go/slyds/v1/models.pb.go:1162.52,1163.14 1 0
github.com/panyam/slyds/gen/go/slyds/v1/models.pb.go:1163.14,1165.3 1 0
github.com/panyam/slyds/gen/go/slyds/v1/models.pb.go:1166.2,1166.11 1 0
github.com/panyam/slyds/gen/go/slyds/v1/models.pb.go:1169.48,1170.14 1 0
github.com/panyam/slyds/gen/go/slyds/v1/models.pb.go:1170.14,1172.3 1 0
github.com/panyam/slyds/gen/go/slyds/v1/models.pb.go:1173.2,1173.10 1 0
github.com/panyam/slyds/gen/go/slyds/v1/models.pb.go:1187.38,1192.2 4 0
github.com/panyam/slyds/gen/go/slyds/v1/models.pb.go:1194.46,1196.2 1 0
github.com/panyam/slyds/gen/go/slyds/v1/models.pb.go:1198.44,1198.45 0 0
github.com/panyam/slyds/gen/go/slyds/v1/models.pb.go:1200.66,1202.14 2 0
github.com/panyam/slyds/gen/go/slyds/v1/models.pb.go:1202.14,1204.34 2 0
github.com/panyam/slyds/gen/go/slyds/v1/models.pb.go:1204.34,1206.4 1 0
github.com/panyam/slyds/gen/go/slyds/v1/models.pb.go:1207.3,1207.12 1 0
github.com/panyam/slyds/gen/go/slyds/v1/models.pb.go:1209.2,1209.24 1 0
github.com/panyam/slyds/gen/go/slyds/v1/models.pb.go:1213.57,1215.2 1 0
github.com/panyam/slyds/gen/go/slyds/v1/models.pb.go:1217.47,1218.14 1 0
github.com/panyam/slyds/gen/go/slyds/v1/models.pb.go:1218.14,1220.3 1 0
github.com/panyam/slyds/gen/go/slyds/v1/models.pb.go:1221.2,1221.11 1 0
github.com/panyam/slyds/gen/go/slyds/v1/models.pb.go:1224.48,1225.14 1 0
github.com/panyam/slyds/gen/go/slyds/v1/models.pb.go:1225.14,1227.3 1 0
github.com/panyam/slyds/gen/go/slyds/v1/models.pb.go:1228.2,1228.11 1 0
github.com/panyam/slyds/gen/go/slyds/v1/models.pb.go:1231.62,1232.46 1 0
github.com/panyam/slyds/gen/go/slyds/v1/models.pb.go:1232.46,1234.3 1 0
github.com/panyam/slyds/gen/go/slyds/v1/models.pb.go:1235.2,1235.11 1 0
github.com/panyam/slyds/gen/go/slyds/v1/models.pb.go:1251.39,1256.2 4 0
github.com/panyam/slyds/gen/go/slyds/v1/models.pb.go:1258.47,1260.2 1 0
github.com/panyam/slyds/gen/go/slyds/v1/models.pb.go:1262.45,1262.46 0 0
github.com/panyam/slyds/gen/go/slyds/v1/models.pb.go:1264.67,1266.14 2 0
github.com/panyam/slyds/gen/go/slyds/v1/models.pb.go:1266.14,1268.34 2 0
github.com/panyam/slyds/gen/go/slyds/v1/models.pb.go:1268.34,1270.4 1 0
github.com/panyam/slyds/gen/go/slyds/v1/models.pb.go:1271.3,1271.12 1 0
github.com/panyam/slyds/gen/go/slyds/v1/models.pb.go:1273.2,1273.24 1 0
github.com/panyam/slyds/gen/go/slyds/v1/models.pb.go:1277.58,1279.2 1 0
github.com/panyam/slyds/gen/go/slyds/v1/models.pb.go:1281.55,1282.14 1 0
github.com/panyam/slyds/gen/go/slyds/v1/models.pb.go:1282.14,1284.3 1 0
github.com/panyam/slyds/gen/go/slyds/v1/models.pb.go:1285.2,1285.11 1 0
github.com/panyam/slyds/gen/go/slyds/v1/models.pb.go:1288.53,1289.14 1 0
github.com/panyam/slyds/gen/go/slyds/v1/models.pb.go:1289.14,1291.3 1 0
github.com/panyam/slyds/gen/go/slyds/v1/models.pb.go:1292.2,1292.10 1 0
github.com/panyam/slyds/gen/go/slyds/v1/models.pb.go:1295.55,1296.14 1 0
github.com/panyam/slyds/gen/go/slyds/v1/models.pb.go:1296.14,1298.3 1 0
github.com/panyam/slyds/gen/go/slyds/v1/models.pb.go:1299.2,1299.11 1 0
github.com/panyam/slyds/gen/go/slyds/v1/models.pb.go:1309.37,1314.2 4 0
github.com/panyam/slyds/gen/go/slyds/v1/models.pb.go:1316.45,1318.2 1 0
github.com/panyam/slyds/gen/go/slyds/v1/models.pb.go:1320.43,1320.44 0 0
github.com/panyam/slyds/gen/go/slyds/v1/models.pb.go:1322.65,1324.14 2 0
github.com/panyam/slyds/gen/go/slyds/v1/models.pb.go:1324.14,1326.34 2 0
github.com/panyam/slyds/gen/go/slyds/v1/models.pb.go:1326.34,1328.4 1 0
github.com/panyam/slyds/gen/go/slyds/v1/models.pb.go:1329.3,1329.12 1 0
github.com/panyam/slyds/gen/go/slyds/v1/models.pb.go:1331.2,1331.24 1 0
github.com/panyam/slyds/gen/go/slyds/v1/models.pb.go:1335.56,1337.2 1 0
github.com/panyam/slyds/gen/go/slyds/v1/models.pb.go:1339.50,1340.14 1 0
github.com/panyam/slyds/gen/go/slyds/v1/models.pb.go:1340.14,1342.3 1 0
github.com/panyam/slyds/gen/go/slyds/v1/models.pb.go:1343.2,1343.12 1 0
github.com/panyam/slyds/gen/go/slyds/v1/models.pb.go:1357.25,1362.2 4 0
github.com/panyam/slyds/gen/go/slyds/v1/models.pb.go:1364.33,1366.2 1 0
github.com/panyam/slyds/gen/go/slyds/v1/models.pb.go:1368.31,1368.32 0 0
github.com/panyam/slyds/gen/go/slyds/v1/models.pb.go:1370.53,1372.14 2 0
github.com/panyam/slyds/gen/go/slyds/v1/models.pb.go:1372.14,1374.34 2 0
github.com/panyam/slyds/gen/go/slyds/v1/models.pb.go:1374.34,1376.4 1 0
github.com/panyam/slyds/gen/go/slyds/v1/models.pb.go:1377.3,1377.12 1 0
github.com/panyam/slyds/gen/go/slyds/v1/models.pb.go:1379.2,1379.24 1 0
github.com/panyam/slyds/gen/go/slyds/v1/models.pb.go:1383.44,1385.2 1 0
github.com/panyam/slyds/gen/go/slyds/v1/models.pb.go:1387.34,1388.14 1 0
github.com/panyam/slyds/gen/go/slyds/v1/models.pb.go:1388.14,1390.3 1 0
github.com/panyam/slyds/gen/go/slyds/v1/models.pb.go:1391.2,1391.11 1 0
github.com/panyam/slyds/gen/go/slyds/v1/models.pb.go:1394.35,1395.14 1 0
github.com/panyam/slyds/gen/go/slyds/v1/models.pb.go:1395.14,1397.3 1 0
github.com/panyam/slyds/gen/go/slyds/v1/models.pb.go:1398.2,1398.11 1 0
github.com/panyam/slyds/gen/go/slyds/v1/models.pb.go:1401.36,1402.14 1 0
github.com/panyam/slyds/gen/go/slyds/v1/models.pb.go:1402.14,1404.3 1 0
github.com/panyam/slyds/gen/go/slyds/v1/models.pb.go:1405.2,1405.11 1 0
github.com/panyam/slyds/gen/go/slyds/v1/models.pb.go:1418.37,1423.2 4 0
github.com/panyam/slyds/gen/go/slyds/v1/models.pb.go:1425.45,1427.2 1 0
github.com/panyam/slyds/gen/go/slyds/v1/models.pb.go:1429.43,1429.44 0 0
github.com/panyam/slyds/gen/go/slyds/v1/models.pb.go:1431.65,1433.14 2 0
github.com/panyam/slyds/gen/go/slyds/v1/models.pb.go:1433.14,1435.34 2 0
github.com/panyam/slyds/gen/go/slyds/v1/models.pb.go:1435.34,1437.4 1 0
github.com/panyam/slyds/gen/go/slyds/v1/models.pb.go:1438.3,1438.12 1 0
github.com/panyam/slyds/gen/go/slyds/v1/models.pb.go:1440.2,1440.24 1 0
github.com/panyam/slyds/gen/go/slyds/v1/models.pb.go:1444.56,1446.2 1 0
github.com/panyam/slyds/gen/go/slyds/v1/models.pb.go:1448.46,1449.14 1 0
github.com/panyam/slyds/gen/go/slyds/v1/models.pb.go:1449.14,1451.3 1 0
github.com/panyam/slyds/gen/go/slyds/v1/models.pb.go:1452.2,1452.11 1 0
github.com/panyam/slyds/gen/go/slyds/v1/models.pb.go:1455.52,1456.14 1 0
github.com/panyam/slyds/gen/go/slyds/v1/models.pb.go:1456.14,1458.3 1 0
github.com/panyam/slyds/gen/go/slyds/v1/models.pb.go:1459.2,1459.12 1 0
github.com/panyam/slyds/gen/go/slyds/v1/models.pb.go:1468.37,1473.2 4 0
github.com/panyam/slyds/gen/go/slyds/v1/models.pb.go:1475.45,1477.2 1 0
github.com/panyam/slyds/gen/go/slyds/v1/models.pb.go:1479.43,1479.44 0 0
github.com/panyam/slyds/gen/go/slyds/v1/models.pb.go:1481.65,1483.14 2 0
github.com/panyam/slyds/gen/go/slyds/v1/models.pb.go:1483.14,1485.34 2 0
github.com/panyam/slyds/gen/go/slyds/v1/models.pb.go:1485.34,1487.4 1 0
github.com/panyam/slyds/gen/go/slyds/v1/models.pb.go:1488.3,1488.12 1 0
github.com/panyam/slyds/gen/go/slyds/v1/models.pb.go:1490.2,1490.24 1 0
github.com/panyam/slyds/gen/go/slyds/v1/models.pb.go:1494.56,1496.2 1 0
github.com/panyam/slyds/gen/go/slyds/v1/models.pb.go:1509.30,1514.2 4 0
github.com/panyam/slyds/gen/go/slyds/v1/models.pb.go:1516.38,1518.2 1 0
github.com/panyam/slyds/gen/go/slyds/v1/models.pb.go:1520.36,1520.37 0 0
github.com/panyam/slyds/gen/go/slyds/v1/models.pb.go:1522.58,1524.14 2 0
github.com/panyam/slyds/gen/go/slyds/v1/models.pb.go:1524.14,1526.34 2 0
github.com/panyam/slyds/gen/go/slyds/v1/models.pb.go:1526.34,1528.4 1 0
github.com/panyam/slyds/gen/go/slyds/v1/models.pb.go:1529.3,1529.12 1 0
github.com/panyam/slyds/gen/go/slyds/v1/models.pb.go:1531.2,1531.24 1 0
github.com/panyam/slyds/gen/go/slyds/v1/models.pb.go:1535.49,1537.2 1 0
github.com/panyam/slyds/gen/go/slyds/v1/models.pb.go:1539.39,1540.14 1 0
github.com/panyam/slyds/gen/go/slyds/v1/models.pb.go:1540.14,1542.3 1 0
github.com/panyam/slyds/gen/go/slyds/v1/models.pb.go:1543.2,1543.11 1 0
github.com/panyam/slyds/gen/go/slyds/v1/models.pb.go:1546.42,1547.14 1 0
github.com/panyam/slyds/gen/go/slyds/v1/models.pb.go:1547.14,1549.3 1 0
github.com/panyam/slyds/gen/go/slyds/v1/models.pb.go:1550.2,1550.11 1 0
github.com/panyam/slyds/gen/go/slyds/v1/models.pb.go:1553.43,1554.14 1 0
github.com/panyam/slyds/gen/go/slyds/v1/models.pb.go:1554.14,1556.3 1 0
github.com/panyam/slyds/gen/go/slyds/v1/models.pb.go:1557.2,1557.12 1 0
github.com/panyam/slyds/gen/go/slyds/v1/models.pb.go:1560.44,1561.14 1 0
github.com/panyam/slyds/gen/go/slyds/v1/models.pb.go:1561.14,1563.3 1 0
github.com/panyam/slyds/gen/go/slyds/v1/models.pb.go:1564.2,1564.12 1 0
github.com/panyam/slyds/gen/go/slyds/v1/models.pb.go:1567.43,1568.35 1 0
github.com/panyam/slyds/gen/go/slyds/v1/models.pb.go:1568.35,1570.3 1 0
github.com/panyam/slyds/gen/go/slyds/v1/models.pb.go:1571.2,1571.11 1 0
github.com/panyam/slyds/gen/go/slyds/v1/models.pb.go:1580.35,1585.2 4 0
github.com/panyam/slyds/gen/go/slyds/v1/models.pb.go:1587.43,1589.2 1 0
github.com/panyam/slyds/gen/go/slyds/v1/models.pb.go:1591.41,1591.42 0 0
github.com/panyam/slyds/gen/go/slyds/v1/models.pb.go:1593.63,1595.14 2 0
github.com/panyam/slyds/gen/go/slyds/v1/models.pb.go:1595.14,1597.34 2 0
github.com/panyam/slyds/gen/go/slyds/v1/models.pb.go:1597.34,1599.4 1 0
github.com/panyam/slyds/gen/go/slyds/v1/models.pb.go:1600.3,1600.12 1 0
github.com/panyam/slyds/gen/go/slyds/v1/models.pb.go:1602.2,1602.24 1 0
github.com/panyam/slyds/gen/go/slyds/v1/models.pb.go:1606.54,1608.2 1 0
github.com/panyam/slyds/gen/go/slyds/v1/models.pb.go:1617.42,1622.2 4 0
github.com/panyam/slyds/gen/go/slyds/v1/models.pb.go:1624.50,1626.2 1 0
github.com/panyam/slyds/gen/go/slyds/v1/models.pb.go:1628.48,1628.49 0 0
github.com/panyam/slyds/gen/go/slyds/v1/models.pb.go:1630.70,1632.14 2 0
github.com/panyam/slyds/gen/go/slyds/v1/models.pb.go:1632.14,1634.34 2 0
github.com/panyam/slyds/gen/go/slyds/v1/models.pb.go:1634.34,1636.4 1 0
github.com/panyam/slyds/gen/go/slyds/v1/models.pb.go:1637.3,1637.12 1 0
github.com/panyam/slyds/gen/go/slyds/v1/models.pb.go:1639.2,1639.24 1 0
github.com/panyam/slyds/gen/go/slyds/v1/models.pb.go:1643.61,1645.2 1 0
github.com/panyam/slyds/gen/go/slyds/v1/models.pb.go:1647.51,1648.14 1 0
github.com/panyam/slyds/gen/go/slyds/v1/models.pb.go:1648.14,1650.3 1 0
github.com/panyam/slyds/gen/go/slyds/v1/models.pb.go:1651.2,1651.11 1 0
github.com/panyam/slyds/gen/go/slyds/v1/models.pb.go:1661.47,1666.2 4 0
github.com/panyam/slyds/gen/go/slyds/v1/models.pb.go:1668.55,1670.2 1 0
github.com/panyam/slyds/gen/go/slyds/v1/models.pb.go:1672.53,1672.54 0 0
github.com/panyam/slyds/gen/go/slyds/v1/models.pb.go:1674.75,1676.14 2 0
github.com/panyam/slyds/gen/go/slyds/v1/models.pb.go:1676.14,1678.34 2 0
github.com/panyam/slyds/gen/go/slyds/v1/models.pb.go:1678.34,1680.4 1 0
github.com/panyam/slyds/gen/go/slyds/v1/models.pb.go:1681.3,1681.12 1 0
github.com/panyam/slyds/gen/go/slyds/v1/models.pb.go:1683.2,1683.24 1 0
github.com/panyam/slyds/gen/go/slyds/v1/models.pb.go:1687.66,1689.2 1 0
github.com/panyam/slyds/gen/go/slyds/v1/models.pb.go:1691.56,1692.14 1 0
github.com/panyam/slyds/gen/go/slyds/v1/models.pb.go:1692.14,1694.3 1 0
github.com/panyam/slyds/gen/go/slyds/v1/models.pb.go:1695.2,1695.11 1 0
github.com/panyam/slyds/gen/go/slyds/v1/models.pb.go:1706.50,1711.2 4 0
github.com/panyam/slyds/gen/go/slyds/v1/models.pb.go:1713.58,1715.2 1 0
github.com/panyam/slyds/gen/go/slyds/v1/models.pb.go:1717.56,1717.57 0 0
github.com/panyam/slyds/gen/go/slyds/v1/models.pb.go:1719.78,1721.14 2 0
github.com/panyam/slyds/gen/go/slyds/v1/models.pb.go:1721.14,1723.34 2 0
github.com/panyam/slyds/gen/go/slyds/v1/models.pb.go:1723.34,1725.4 1 0
github.com/panyam/slyds/gen/go/slyds/v1/models.pb.go:1726.3,1726.12 1 0
github.com/panyam/slyds/gen/go/slyds/v1/models.pb.go:1728.2,1728.24 1 0
github.com/panyam/slyds/gen/go/slyds/v1/models.pb.go:1732.69,1734.2 1 0
github.com/panyam/slyds/gen/go/slyds/v1/models.pb.go:1736.59,1737.14 1 0
github.com/panyam/slyds/gen/go/slyds/v1/models.pb.go:1737.14,1739.3 1 0
github.com/panyam/slyds/gen/go/slyds/v1/models.pb.go:1740.2,1740.11 1 0
github.com/panyam/slyds/gen/go/slyds/v1/models.pb.go:1743.56,1744.14 1 0
github.com/panyam/slyds/gen/go/slyds/v1/models.pb.go:1744.14,1746.3 1 0
github.com/panyam/slyds/gen/go/slyds/v1/models.pb.go:1747.2,1747.11 1 0
github.com/panyam/slyds/gen/go/slyds/v1/models.pb.go:1758.40,1763.2 4 0
github.com/panyam/slyds/gen/go/slyds/v1/models.pb.go:1765.48,1767.2 1 0
github.com/panyam/slyds/gen/go/slyds/v1/models.pb.go:1769.46,1769.47 0 0
github.com/panyam/slyds/gen/go/slyds/v1/models.pb.go:1771.68,1773.14 2 0
github.com/panyam/slyds/gen/go/slyds/v1/models.pb.go:1773.14,1775.34 2 0
github.com/panyam/slyds/gen/go/slyds/v1/models.pb.go:1775.34,1777.4 1 0
github.com/panyam/slyds/gen/go/slyds/v1/models.pb.go:1778.3,1778.12 1 0
github.com/panyam/slyds/gen/go/slyds/v1/models.pb.go:1780.2,1780.24 1 0
github.com/panyam/slyds/gen/go/slyds/v1/models.pb.go:1784.59,1786.2 1 0
github.com/panyam/slyds/gen/go/slyds/v1/models.pb.go:1788.52,1789.14 1 0
github.com/panyam/slyds/gen/go/slyds/v1/models.pb.go:1789.14,1791.3 1 0
github.com/panyam/slyds/gen/go/slyds/v1/models.pb.go:1792.2,1792.11 1 0
github.com/panyam/slyds/gen/go/slyds/v1/models.pb.go:1803.38,1808.2 4 0
github.com/panyam/slyds/gen/go/slyds/v1/models.pb.go:1810.46,1812.2 1 0
github.com/panyam/slyds/gen/go/slyds/v1/models.pb.go:1814.44,1814.45 0 0
github.com/panyam/slyds/gen/go/slyds/v1/models.pb.go:1816.66,1818.14 2 0
github.com/panyam/slyds/gen/go/slyds/v1/models.pb.go:1818.14,1820.34 2 0
github.com/panyam/slyds/gen/go/slyds/v1/models.pb.go:1820.34,1822.4 1 0
github.com/panyam/slyds/gen/go/slyds/v1/models.pb.go:1823.3,1823.12 1 0
github.com/panyam/slyds/gen/go/slyds/v1/models.pb.go:1825.2,1825.24 1 0
github.com/panyam/slyds/gen/go/slyds/v1/models.pb.go:1829.57,1831.2 1 0
github.com/panyam/slyds/gen/go/slyds/v1/models.pb.go:1833.50,1834.14 1 0
github.com/panyam/slyds/gen/go/slyds/v1/models.pb.go:1834.14,1836.3 1 0
github.com/panyam/slyds/gen/go/slyds/v1/models.pb.go:1837.2,1837.11 1 0
github.com/panyam/slyds/gen/go/slyds/v1/models.pb.go:1848.38,1853.2 4 0
github.com/panyam/slyds/gen/go/slyds/v1/models.pb.go:1855.46,1857.2 1 0
github.com/panyam/slyds/gen/go/slyds/v1/models.pb.go:1859.44,1859.45 0 0
github.com/panyam/slyds/gen/go/slyds/v1/models.pb.go:1861.66,1863.14 2 0
github.com/panyam/slyds/gen/go/slyds/v1/models.pb.go:1863.14,1865.34 2 0
github.com/panyam/slyds/gen/go/slyds/v1/models.pb.go:1865.34,1867.4 1 0
github.com/panyam/slyds/gen/go/slyds/v1/models.pb.go:1868.3,1868.12 1 0
github.com/panyam/slyds/gen/go/slyds/v1/models.pb.go:1870.2,1870.24 1 0
github.com/panyam/slyds/gen/go/slyds/v1/models.pb.go:1874.57,1876.2 1 0
github.com/panyam/slyds/gen/go/slyds/v1/models.pb.go:1878.50,1879.14 1 0
github.com/panyam/slyds/gen/go/slyds/v1/models.pb.go:1879.14,1881.3 1 0
github.com/panyam/slyds/gen/go/slyds/v1/models.pb.go:1882.2,1882.11 1 0
github.com/panyam/slyds/gen/go/slyds/v1/models.pb.go:1900.41,1905.2 4 0
github.com/panyam/slyds/gen/go/slyds/v1/models.pb.go:1907.49,1909.2 1 0
github.com/panyam/slyds/gen/go/slyds/v1/models.pb.go:1911.47,1911.48 0 0
github.com/panyam/slyds/gen/go/slyds/v1/models.pb.go:1913.69,1915.14 2 0
github.com/panyam/slyds/gen/go/slyds/v1/models.pb.go:1915.14,1917.34 2 0
github.com/panyam/slyds/gen/go/slyds/v1/models.pb.go:1917.34,1919.4 1 0
github.com/panyam/slyds/gen/go/slyds/v1/models.pb.go:1920.3,1920.12 1 0
github.com/panyam/slyds/gen/go/slyds/v1/models.pb.go:1922.2,1922.24 1 0
github.com/panyam/slyds/gen/go/slyds/v1/models.pb.go:1926.60,1928.2 1 0
github.com/panyam/slyds/gen/go/slyds/v1/models.pb.go:1930.60,1931.14 1 0
github.com/panyam/slyds/gen/go/slyds/v1/models.pb.go:1931.14,1933.3 1 0
github.com/panyam/slyds/gen/go/slyds/v1/models.pb.go:1934.2,1934.11 1 0
github.com/panyam/slyds/gen/go/slyds/v1/models.pb.go:1937.60,1938.41 1 0
github.com/panyam/slyds/gen/go/slyds/v1/models.pb.go:1938.41,1940.3 1 0
github.com/panyam/slyds/gen/go/slyds/v1/models.pb.go:1941.2,1941.11 1 0
github.com/panyam/slyds/gen/go/slyds/v1/models.pb.go:1944.57,1945.38 1 0
github.com/panyam/slyds/gen/go/slyds/v1/models.pb.go:1945.38,1947.3 1 0
github.com/panyam/slyds/gen/go/slyds/v1/models.pb.go:1948.2,1948.11 1 0
github.com/panyam/slyds/gen/go/slyds/v1/models.pb.go:2116.54,2117.51 1 0
github.com/panyam/slyds/gen/go/slyds/v1/models.pb.go:2117.51,2119.3 1 0
github.com/panyam/slyds/gen/go/slyds/v1/models.pb.go:2120.2,2120.47 1 0
github.com/panyam/slyds/gen/go/slyds/v1/models.pb.go:2169.13,2169.50 1 0
github.com/panyam/slyds/gen/go/slyds/v1/models.pb.go:2170.40,2171.39 1 0
github.com/panyam/slyds/gen/go/slyds/v1/models.pb.go:2171.39,2173.3 1 0
github.com/panyam/slyds/gen/go/slyds/v1/models.pb.go:2174.2,2198.42 13 0
github.com/panyam/slyds/gen/go/slyds/v1/service.pb.go:157.13,157.51 1 0
github.com/panyam/slyds/gen/go/slyds/v1/service.pb.go:158.41,159.40 1 0
github.com/panyam/slyds/gen/go/slyds/v1/service.pb.go:159.40,161.3 1 0
github.com/panyam/slyds/gen/go/slyds/v1/service.pb.go:162.2,178.43 6 0
github.com/panyam/slyds/gen/go/slyds/v1/service.pb.mcp.go:45.78,53.96 1 0
github.com/panyam/slyds/gen/go/slyds/v1/service.pb.mcp.go:53.96,55.55 2 0
github.com/panyam/slyds/gen/go/slyds/v1/service.pb.mcp.go:55.55,57.6 1 0
github.com/panyam/slyds/gen/go/slyds/v1/service.pb.mcp.go:58.5,59.19 2 0
github.com/panyam/slyds/gen/go/slyds/v1/service.pb.mcp.go:59.19,61.6 1 0
github.com/panyam/slyds/gen/go/slyds/v1/service.pb.mcp.go:62.5,62.41 1 0
github.com/panyam/slyds/gen/go/slyds/v1/service.pb.mcp.go:71.96,73.55 2 0
github.com/panyam/slyds/gen/go/slyds/v1/service.pb.mcp.go:73.55,75.6 1 0
github.com/panyam/slyds/gen/go/slyds/v1/service.pb.mcp.go:76.5,77.19 2 0
github.com/panyam/slyds/gen/go/slyds/v1/service.pb.mcp.go:77.19,79.6 1 0
github.com/panyam/slyds/gen/go/slyds/v1/service.pb.mcp.go:80.5,80.47 1 0
github.com/panyam/slyds/gen/go/slyds/v1/service.pb.mcp.go:89.96,91.55 2 0
github.com/panyam/slyds/gen/go/slyds/v1/service.pb.mcp.go:91.55,93.6 1 0
github.com/panyam/slyds/gen/go/slyds/v1/service.pb.mcp.go:94.5,95.19 2 0
github.com/panyam/slyds/gen/go/slyds/v1/service.pb.mcp.go:95.19,97.6 1 0
github.com/panyam/slyds/gen/go/slyds/v1/service.pb.mcp.go:98.5,98.47 1 0
github.com/panyam/slyds/gen/go/slyds/v1/service.pb.mcp.go:107.96,109.55 2 0
github.com/panyam/slyds/gen/go/slyds/v1/service.pb.mcp.go:109.55,111.6 1 0
github.com/panyam/slyds/gen/go/slyds/v1/service.pb.mcp.go:112.5,113.19 2 0
github.com/panyam/slyds/gen/go/slyds/v1/service.pb.mcp.go:113.19,115.6 1 0
github.com/panyam/slyds/gen/go/slyds/v1/service.pb.mcp.go:116.5,116.47 1 0
github.com/panyam/slyds/gen/go/slyds/v1/service.pb.mcp.go:125.96,127.55 2 0
github.com/panyam/slyds/gen/go/slyds/v1/service.pb.mcp.go:127.55,129.6 1 0
github.com/panyam/slyds/gen/go/slyds/v1/service.pb.mcp.go:130.5,131.19 2 0
github.com/panyam/slyds/gen/go/slyds/v1/service.pb.mcp.go:131.19,133.6 1 0
github.com/panyam/slyds/gen/go/slyds/v1/service.pb.mcp.go:134.5,134.47 1 0
github.com/panyam/slyds/gen/go/slyds/v1/service.pb.mcp.go:143.96,145.55 2 0
github.com/panyam/slyds/gen/go/slyds/v1/service.pb.mcp.go:145.55,147.6 1 0
github.com/panyam/slyds/gen/go/slyds/v1/service.pb.mcp.go:148.5,149.19 2 0
github.com/panyam/slyds/gen/go/slyds/v1/service.pb.mcp.go:149.19,151.6 1 0
github.com/panyam/slyds/gen/go/slyds/v1/service.pb.mcp.go:152.5,152.47 1 0
github.com/panyam/slyds/gen/go/slyds/v1/service.pb.mcp.go:161.96,163.55 2 0
github.com/panyam/slyds/gen/go/slyds/v1/service.pb.mcp.go:163.55,165.6 1 0
github.com/panyam/slyds/gen/go/slyds/v1/service.pb.mcp.go:166.5,167.19 2 0
github.com/panyam/slyds/gen/go/slyds/v1/service.pb.mcp.go:167.19,169.6 1 0
github.com/panyam/slyds/gen/go/slyds/v1/service.pb.mcp.go:170.5,170.47 1 0
github.com/panyam/slyds/gen/go/slyds/v1/service.pb.mcp.go:179.96,181.55 2 0
github.com/panyam/slyds/gen/go/slyds/v1/service.pb.mcp.go:181.55,183.6 1 0
github.com/panyam/slyds/gen/go/slyds/v1/service.pb.mcp.go:184.5,185.19 2 0
github.com/panyam/slyds/gen/go/slyds/v1/service.pb.mcp.go:185.19,187.6 1 0
github.com/panyam/slyds/gen/go/slyds/v1/service.pb.mcp.go:188.5,188.41 1 0
github.com/panyam/slyds/gen/go/slyds/v1/service.pb.mcp.go:197.96,199.55 2 0
github.com/panyam/slyds/gen/go/slyds/v1/service.pb.mcp.go:199.55,201.6 1 0
github.com/panyam/slyds/gen/go/slyds/v1/service.pb.mcp.go:202.5,203.19 2 0
github.com/panyam/slyds/gen/go/slyds/v1/service.pb.mcp.go:203.19,205.6 1 0
github.com/panyam/slyds/gen/go/slyds/v1/service.pb.mcp.go:206.5,206.41 1 0
github.com/panyam/slyds/gen/go/slyds/v1/service.pb.mcp.go:216.96,218.55 2 0
github.com/panyam/slyds/gen/go/slyds/v1/service.pb.mcp.go:218.55,220.6 1 0
github.com/panyam/slyds/gen/go/slyds/v1/service.pb.mcp.go:221.5,222.19 2 0
github.com/panyam/slyds/gen/go/slyds/v1/service.pb.mcp.go:222.19,224.6 1 0
github.com/panyam/slyds/gen/go/slyds/v1/service.pb.mcp.go:225.5,225.47 1 0
github.com/panyam/slyds/gen/go/slyds/v1/service.pb.mcp.go:235.96,237.55 2 0
github.com/panyam/slyds/gen/go/slyds/v1/service.pb.mcp.go:237.55,239.6 1 0
github.com/panyam/slyds/gen/go/slyds/v1/service.pb.mcp.go:240.5,241.19 2 0
github.com/panyam/slyds/gen/go/slyds/v1/service.pb.mcp.go:241.19,243.6 1 0
github.com/panyam/slyds/gen/go/slyds/v1/service.pb.mcp.go:244.5,244.41 1 0
github.com/panyam/slyds/gen/go/slyds/v1/service.pb.mcp.go:262.95,271.108 1 0
github.com/panyam/slyds/gen/go/slyds/v1/service.pb.mcp.go:271.108,274.19 3 0
github.com/panyam/slyds/gen/go/slyds/v1/service.pb.mcp.go:274.19,276.6 1 0
github.com/panyam/slyds/gen/go/slyds/v1/service.pb.mcp.go:277.5,277.74 1 0
github.com/panyam/slyds/gen/go/slyds/v1/service.pb.mcp.go:287.108,290.19 3 0
github.com/panyam/slyds/gen/go/slyds/v1/service.pb.mcp.go:290.19,292.6 1 0
github.com/panyam/slyds/gen/go/slyds/v1/service.pb.mcp.go:293.5,293.74 1 0
github.com/panyam/slyds/gen/go/slyds/v1/service.pb.mcp.go:302.117,304.59 2 0
github.com/panyam/slyds/gen/go/slyds/v1/service.pb.mcp.go:304.59,306.6 1 0
github.com/panyam/slyds/gen/go/slyds/v1/service.pb.mcp.go:307.5,308.19 2 0
github.com/panyam/slyds/gen/go/slyds/v1/service.pb.mcp.go:308.19,310.6 1 0
github.com/panyam/slyds/gen/go/slyds/v1/service.pb.mcp.go:311.5,311.70 1 0
github.com/panyam/slyds/gen/go/slyds/v1/service.pb.mcp.go:320.117,322.59 2 0
github.com/panyam/slyds/gen/go/slyds/v1/service.pb.mcp.go:322.59,324.6 1 0
github.com/panyam/slyds/gen/go/slyds/v1/service.pb.mcp.go:325.5,326.19 2 0
github.com/panyam/slyds/gen/go/slyds/v1/service.pb.mcp.go:326.19,328.6 1 0
github.com/panyam/slyds/gen/go/slyds/v1/service.pb.mcp.go:329.5,329.70 1 0
github.com/panyam/slyds/gen/go/slyds/v1/service.pb.mcp.go:338.117,340.59 2 0
github.com/panyam/slyds/gen/go/slyds/v1/service.pb.mcp.go:340.59,342.6 1 0
github.com/panyam/slyds/gen/go/slyds/v1/service.pb.mcp.go:343.5,344.19 2 0
github.com/panyam/slyds/gen/go/slyds/v1/service.pb.mcp.go:344.19,346.6 1 0
github.com/panyam/slyds/gen/go/slyds/v1/service.pb.mcp.go:347.5,347.63 1 0
github.com/panyam/slyds/gen/go/slyds/v1/service.pb.mcp.go:356.117,358.59 2 0
github.com/panyam/slyds/gen/go/slyds/v1/service.pb.mcp.go:358.59,360.6 1 0
github.com/panyam/slyds/gen/go/slyds/v1/service.pb.mcp.go:361.5,362.19 2 0
github.com/panyam/slyds/gen/go/slyds/v1/service.pb.mcp.go:362.19,364.6 1 0
github.com/panyam/slyds/gen/go/slyds/v1/service.pb.mcp.go:365.5,365.63 1 0
github.com/panyam/slyds/gen/go/slyds/v1/service.pb.mcp.go:374.117,376.59 2 0
github.com/panyam/slyds/gen/go/slyds/v1/service.pb.mcp.go:376.59,378.6 1 0
github.com/panyam/slyds/gen/go/slyds/v1/service.pb.mcp.go:379.5,380.19 2 0
github.com/panyam/slyds/gen/go/slyds/v1/service.pb.mcp.go:380.19,382.6 1 0
github.com/panyam/slyds/gen/go/slyds/v1/service.pb.mcp.go:383.5,383.67 1 0
github.com/panyam/slyds/core/agentmd.go:26.55,32.35 5 1
github.com/panyam/slyds/core/agentmd.go:32.35,34.17 2 1
github.com/panyam/slyds/core/agentmd.go:34.17,35.45 1 1
github.com/panyam/slyds/core/agentmd.go:35.45,38.5 2 1
github.com/panyam/slyds/core/agentmd.go:40.3,40.35 1 1
github.com/panyam/slyds/core/agentmd.go:43.2,52.16 3 1
github.com/panyam/slyds/core/agentmd.go:52.16,54.3 1 0
github.com/panyam/slyds/core/agentmd.go:56.2,57.16 2 1
github.com/panyam/slyds/core/agentmd.go:57.16,59.3 1 0
github.com/panyam/slyds/core/agentmd.go:61.2,62.49 2 1
github.com/panyam/slyds/core/agentmd.go:62.49,64.3 1 0
github.com/panyam/slyds/core/agentmd.go:65.2,65.26 1 1
github.com/panyam/slyds/core/builder.go:20.41,28.16 4 1
github.com/panyam/slyds/core/builder.go:28.16,30.3 1 0
github.com/panyam/slyds/core/builder.go:31.2,31.25 1 1
github.com/panyam/slyds/core/builder.go:31.25,33.3 1 0
github.com/panyam/slyds/core/builder.go:36.2,38.16 3 1
github.com/panyam/slyds/core/builder.go:38.16,40.3 1 0
github.com/panyam/slyds/core/builder.go:42.2,46.16 3 1
github.com/panyam/slyds/core/builder.go:46.16,48.3 1 0
github.com/panyam/slyds/core/builder.go:50.2,50.20 1 1
github.com/panyam/slyds/core/builder.go:55.42,57.16 2 0
github.com/panyam/slyds/core/builder.go:57.16,59.3 1 0
github.com/panyam/slyds/core/builder.go:60.2,60.18 1 0
github.com/panyam/slyds/core/builder.go:65.61,66.6 1 1
github.com/panyam/slyds/core/builder.go:66.6,68.16 2 1
github.com/panyam/slyds/core/builder.go:68.16,69.9 1 1
github.com/panyam/slyds/core/builder.go:71.3,72.16 2 1
github.com/panyam/slyds/core/builder.go:72.16,73.9 1 0
github.com/panyam/slyds/core/builder.go:75.3,82.47 6 1
github.com/panyam/slyds/core/builder.go:82.47,84.12 2 0
github.com/panyam/slyds/core/builder.go:87.3,88.21 2 1
github.com/panyam/slyds/core/builder.go:88.21,90.4 1 0
github.com/panyam/slyds/core/builder.go:91.3,94.17 3 1
github.com/panyam/slyds/core/builder.go:94.17,96.4 1 1
github.com/panyam/slyds/core/builder.go:98.3,98.51 1 1
github.com/panyam/slyds/core/builder.go:100.2,100.18 1 1
github.com/panyam/slyds/core/builder.go:104.64,107.2 2 0
github.com/panyam/slyds/core/check.go:22.36,23.34 1 1
github.com/panyam/slyds/core/check.go:23.34,25.3 1 1
github.com/panyam/slyds/core/check.go:26.2,26.43 1 1
github.com/panyam/slyds/core/check.go:30.50,32.2 1 1
github.com/panyam/slyds/core/check.go:45.34,46.38 1 1
github.com/panyam/slyds/core/check.go:46.38,46.69 1 1
github.com/panyam/slyds/core/check.go:50.36,51.38 1 1
github.com/panyam/slyds/core/check.go:51.38,51.71 1 1
github.com/panyam/slyds/core/check.go:55.53,57.23 2 1
github.com/panyam/slyds/core/check.go:57.23,58.12 1 1
github.com/panyam/slyds/core/check.go:58.12,60.4 1 1
github.com/panyam/slyds/core/check.go:62.2,62.12 1 1
github.com/panyam/slyds/core/check.go:66.49,67.38 1 1
github.com/panyam/slyds/core/check.go:67.38,69.3 1 1
github.com/panyam/slyds/core/check.go:73.35,73.66 1 1
github.com/panyam/slyds/core/check.go:90.46,95.16 3 1
github.com/panyam/slyds/core/check.go:95.16,97.3 1 0
github.com/panyam/slyds/core/check.go:98.2,104.32 4 1
github.com/panyam/slyds/core/check.go:104.32,106.3 1 1
github.com/panyam/slyds/core/check.go:107.2,108.31 2 1
github.com/panyam/slyds/core/check.go:108.31,110.3 1 1
github.com/panyam/slyds/core/check.go:113.2,113.32 1 1
github.com/panyam/slyds/core/check.go:113.32,114.18 1 1
github.com/panyam/slyds/core/check.go:114.18,121.4 2 1
github.com/panyam/slyds/core/check.go:125.2,125.31 1 1
github.com/panyam/slyds/core/check.go:125.31,126.19 1 1
github.com/panyam/slyds/core/check.go:126.19,133.4 2 1
github.com/panyam/slyds/core/check.go:137.2,138.32 2 1
github.com/panyam/slyds/core/check.go:138.32,140.17 2 1
github.com/panyam/slyds/core/check.go:140.17,141.12 1 1
github.com/panyam/slyds/core/check.go:143.3,146.40 2 1
github.com/panyam/slyds/core/check.go:146.40,152.4 1 1
github.com/panyam/slyds/core/check.go:155.3,155.68 1 1
github.com/panyam/slyds/core/check.go:155.68,159.4 3 1
github.com/panyam/slyds/core/check.go:162.3,163.46 2 1
github.com/panyam/slyds/core/check.go:163.46,169.4 1 1
github.com/panyam/slyds/core/check.go:169.9,169.43 1 1
github.com/panyam/slyds/core/check.go:169.43,175.4 1 1
github.com/panyam/slyds/core/check.go:178.3,179.29 2 1
github.com/panyam/slyds/core/check.go:179.29,181.33 2 1
github.com/panyam/slyds/core/check.go:181.33,182.13 1 1
github.com/panyam/slyds/core/check.go:185.4,185.30 1 1
github.com/panyam/slyds/core/check.go:185.30,191.5 1 1
github.com/panyam/slyds/core/check.go:196.2,196.20 1 1
github.com/panyam/slyds/core/check.go:196.20,198.3 1 1
github.com/panyam/slyds/core/check.go:200.2,200.20 1 1
github.com/panyam/slyds/core/check.go:204.56,206.46 1 1
github.com/panyam/slyds/core/check.go:206.46,208.3 1 1
github.com/panyam/slyds/core/check.go:210.2,210.58 1 1
github.com/panyam/slyds/core/check.go:210.58,212.3 1 0
github.com/panyam/slyds/core/check.go:213.2,213.14 1 1
github.com/panyam/slyds/core/check.go:216.44,223.2 1 1
github.com/panyam/slyds/core/deck.go:52.44,53.21 1 1
github.com/panyam/slyds/core/deck.go:53.21,55.3 1 0
github.com/panyam/slyds/core/deck.go:56.2,56.17 1 1
github.com/panyam/slyds/core/deck.go:67.55,68.55 1 1
github.com/panyam/slyds/core/deck.go:68.55,70.3 1 1
github.com/panyam/slyds/core/deck.go:71.2,73.21 3 1
github.com/panyam/slyds/core/deck.go:73.21,75.3 1 1
github.com/panyam/slyds/core/deck.go:75.8,77.3 1 1
github.com/panyam/slyds/core/deck.go:78.2,79.15 2 1
github.com/panyam/slyds/core/deck.go:83.31,84.23 1 1
github.com/panyam/slyds/core/deck.go:84.23,86.3 1 1
github.com/panyam/slyds/core/deck.go:87.2,87.11 1 1
github.com/panyam/slyds/core/deck.go:91.31,92.49 1 1
github.com/panyam/slyds/core/deck.go:92.49,94.3 1 1
github.com/panyam/slyds/core/deck.go:95.2,95.18 1 1
github.com/panyam/slyds/core/deck.go:102.51,104.16 2 1
github.com/panyam/slyds/core/deck.go:104.16,106.3 1 0
github.com/panyam/slyds/core/deck.go:108.2,109.57 2 1
github.com/panyam/slyds/core/deck.go:109.57,110.56 1 1
github.com/panyam/slyds/core/deck.go:110.56,113.4 2 1
github.com/panyam/slyds/core/deck.go:115.2,115.21 1 1
github.com/panyam/slyds/core/deck.go:115.21,117.3 1 1
github.com/panyam/slyds/core/deck.go:120.2,120.53 1 1
github.com/panyam/slyds/core/deck.go:120.53,122.41 2 1
github.com/panyam/slyds/core/deck.go:122.41,124.4 1 1
github.com/panyam/slyds/core/deck.go:125.3,125.20 1 1
github.com/panyam/slyds/core/deck.go:129.2,129.32 1 0
github.com/panyam/slyds/core/deck.go:133.42,135.16 2 1
github.com/panyam/slyds/core/deck.go:135.16,137.3 1 0
github.com/panyam/slyds/core/deck.go:138.2,138.24 1 1
github.com/panyam/slyds/core/deck.go:142.62,144.16 2 1
github.com/panyam/slyds/core/deck.go:144.16,146.3 1 0
github.com/panyam/slyds/core/deck.go:147.2,147.43 1 1
github.com/panyam/slyds/core/deck.go:147.43,149.3 1 1
github.com/panyam/slyds/core/deck.go:150.2,151.16 2 1
github.com/panyam/slyds/core/deck.go:151.16,153.3 1 0
github.com/panyam/slyds/core/deck.go:154.2,154.26 1 1
github.com/panyam/slyds/core/deck.go:158.69,160.16 2 1
github.com/panyam/slyds/core/deck.go:160.16,162.3 1 0
github.com/panyam/slyds/core/deck.go:163.2,163.43 1 1
github.com/panyam/slyds/core/deck.go:163.43,165.3 1 0
github.com/panyam/slyds/core/deck.go:166.2,166.75 1 1
github.com/panyam/slyds/core/deck.go:174.63,180.39 5 1
github.com/panyam/slyds/core/deck.go:180.39,183.25 3 1
github.com/panyam/slyds/core/deck.go:183.25,186.4 2 1
github.com/panyam/slyds/core/deck.go:187.3,187.28 1 1
github.com/panyam/slyds/core/deck.go:190.2,190.28 1 1
github.com/panyam/slyds/core/deck.go:190.28,192.3 1 1
github.com/panyam/slyds/core/deck.go:193.2,193.28 1 1
github.com/panyam/slyds/core/deck.go:193.28,195.3 1 1
github.com/panyam/slyds/core/deck.go:197.2,198.16 2 1
github.com/panyam/slyds/core/deck.go:198.16,200.3 1 0
github.com/panyam/slyds/core/deck.go:202.2,206.29 4 1
github.com/panyam/slyds/core/deck.go:206.29,207.34 1 1
github.com/panyam/slyds/core/deck.go:207.34,208.24 1 1
github.com/panyam/slyds/core/deck.go:208.24,209.36 1 1
github.com/panyam/slyds/core/deck.go:209.36,211.6 1 1
github.com/panyam/slyds/core/deck.go:212.5,212.27 1 1
github.com/panyam/slyds/core/deck.go:214.4,214.12 1 1
github.com/panyam/slyds/core/deck.go:216.3,216.36 1 1
github.com/panyam/slyds/core/deck.go:219.2,219.97 1 1
github.com/panyam/slyds/core/deck.go:219.97,221.3 1 0
github.com/panyam/slyds/core/deck.go:224.2,224.75 1 1
github.com/panyam/slyds/core/deck.go:224.75,227.3 2 1
github.com/panyam/slyds/core/deck.go:228.2,228.12 1 1
github.com/panyam/slyds/core/deck.go:233.78,234.43 1 1
github.com/panyam/slyds/core/deck.go:234.43,236.3 1 0
github.com/panyam/slyds/core/deck.go:238.2,239.16 2 1
github.com/panyam/slyds/core/deck.go:239.16,241.3 1 0
github.com/panyam/slyds/core/deck.go:242.2,242.48 1 1
github.com/panyam/slyds/core/deck.go:242.48,244.3 1 1
github.com/panyam/slyds/core/deck.go:246.2,247.82 2 1
github.com/panyam/slyds/core/deck.go:247.82,249.3 1 0
github.com/panyam/slyds/core/deck.go:252.2,253.40 2 1
github.com/panyam/slyds/core/deck.go:253.40,255.3 1 1
github.com/panyam/slyds/core/deck.go:256.2,265.38 8 1
github.com/panyam/slyds/core/deck.go:270.51,271.43 1 1
github.com/panyam/slyds/core/deck.go:271.43,273.3 1 0
github.com/panyam/slyds/core/deck.go:275.2,276.16 2 1
github.com/panyam/slyds/core/deck.go:276.16,278.3 1 0
github.com/panyam/slyds/core/deck.go:279.2,279.58 1 1
github.com/panyam/slyds/core/deck.go:279.58,281.3 1 0
github.com/panyam/slyds/core/deck.go:284.2,285.40 2 1
github.com/panyam/slyds/core/deck.go:285.40,286.27 1 1
github.com/panyam/slyds/core/deck.go:286.27,288.4 1 1
github.com/panyam/slyds/core/deck.go:290.2,294.29 4 1
github.com/panyam/slyds/core/deck.go:294.29,295.20 1 1
github.com/panyam/slyds/core/deck.go:295.20,297.4 1 1
github.com/panyam/slyds/core/deck.go:299.2,299.39 1 1
github.com/panyam/slyds/core/deck.go:304.46,305.43 1 1
github.com/panyam/slyds/core/deck.go:305.43,307.3 1 0
github.com/panyam/slyds/core/deck.go:309.2,310.16 2 1
github.com/panyam/slyds/core/deck.go:310.16,312.3 1 0
github.com/panyam/slyds/core/deck.go:313.2,313.70 1 1
github.com/panyam/slyds/core/deck.go:313.70,315.3 1 0
github.com/panyam/slyds/core/deck.go:317.2,319.27 3 1
github.com/panyam/slyds/core/deck.go:319.27,321.3 1 0
github.com/panyam/slyds/core/deck.go:321.8,323.3 1 1
github.com/panyam/slyds/core/deck.go:325.2,325.38 1 1
github.com/panyam/slyds/core/deck.go:333.71,334.43 1 1
github.com/panyam/slyds/core/deck.go:334.43,336.3 1 0
github.com/panyam/slyds/core/deck.go:338.2,339.16 2 1
github.com/panyam/slyds/core/deck.go:339.16,341.3 1 0
github.com/panyam/slyds/core/deck.go:343.2,347.34 4 1
github.com/panyam/slyds/core/deck.go:347.34,350.20 3 1
github.com/panyam/slyds/core/deck.go:350.20,354.12 4 0
github.com/panyam/slyds/core/deck.go:357.3,359.26 3 1
github.com/panyam/slyds/core/deck.go:359.26,361.4 1 0
github.com/panyam/slyds/core/deck.go:363.3,365.26 3 1
github.com/panyam/slyds/core/deck.go:365.26,367.4 1 1
github.com/panyam/slyds/core/deck.go:370.2,370.18 1 1
github.com/panyam/slyds/core/deck.go:370.18,372.3 1 1
github.com/panyam/slyds/core/deck.go:376.2,379.33 4 1
github.com/panyam/slyds/core/deck.go:379.33,380.29 1 1
github.com/panyam/slyds/core/deck.go:380.29,383.4 2 1
github.com/panyam/slyds/core/deck.go:388.2,390.28 2 1
github.com/panyam/slyds/core/deck.go:390.28,392.3 1 1
github.com/panyam/slyds/core/deck.go:393.2,393.28 1 1
github.com/panyam/slyds/core/deck.go:393.28,395.3 1 1
github.com/panyam/slyds/core/deck.go:397.2,397.54 1 1
github.com/panyam/slyds/core/deck.go:397.54,399.3 1 0
github.com/panyam/slyds/core/deck.go:405.2,405.34 1 1
github.com/panyam/slyds/core/deck.go:420.98,424.17 3 1
github.com/panyam/slyds/core/deck.go:424.17,426.3 1 1
github.com/panyam/slyds/core/deck.go:428.2,432.16 2 1
github.com/panyam/slyds/core/deck.go:432.16,434.3 1 1
github.com/panyam/slyds/core/deck.go:436.2,437.64 2 1
github.com/panyam/slyds/core/deck.go:437.64,439.3 1 0
github.com/panyam/slyds/core/deck.go:444.2,445.40 2 1
github.com/panyam/slyds/core/deck.go:445.40,446.47 1 1
github.com/panyam/slyds/core/deck.go:446.47,448.9 2 1
github.com/panyam/slyds/core/deck.go:451.2,451.32 1 1
github.com/panyam/slyds/core/deck.go:459.50,462.27 3 1
github.com/panyam/slyds/core/deck.go:462.27,464.3 1 1
github.com/panyam/slyds/core/deck.go:465.2,465.20 1 1
github.com/panyam/slyds/core/deck.go:465.20,467.3 1 1
github.com/panyam/slyds/core/deck.go:468.2,468.20 1 1
github.com/panyam/slyds/core/deck.go:468.20,470.23 2 1
github.com/panyam/slyds/core/deck.go:470.23,472.4 1 1
github.com/panyam/slyds/core/deck.go:478.72,480.32 2 1
github.com/panyam/slyds/core/deck.go:480.32,483.70 3 1
github.com/panyam/slyds/core/deck.go:483.70,485.4 1 0
github.com/panyam/slyds/core/deck.go:487.2,487.12 1 1
github.com/panyam/slyds/core/deck.go:491.38,493.26 2 1
github.com/panyam/slyds/core/deck.go:493.26,494.17 1 1
github.com/panyam/slyds/core/deck.go:494.17,496.4 1 1
github.com/panyam/slyds/core/deck.go:498.2,498.33 1 1
github.com/panyam/slyds/core/deck.go:502.46,504.52 2 1
github.com/panyam/slyds/core/deck.go:504.52,506.3 1 1
github.com/panyam/slyds/core/deck.go:507.2,507.17 1 1
github.com/panyam/slyds/core/deck.go:511.46,514.14 3 1
github.com/panyam/slyds/core/deck.go:514.14,516.3 1 1
github.com/panyam/slyds/core/deck.go:517.2,517.11 1 1
github.com/panyam/slyds/core/deck.go:522.42,524.16 2 1
github.com/panyam/slyds/core/deck.go:524.16,526.3 1 0
github.com/panyam/slyds/core/deck.go:527.2,528.28 2 1
github.com/panyam/slyds/core/deck.go:528.28,529.57 1 1
github.com/panyam/slyds/core/deck.go:529.57,531.4 1 1
github.com/panyam/slyds/core/deck.go:533.2,534.14 2 1
github.com/panyam/slyds/core/deck.go:540.54,542.16 2 1
github.com/panyam/slyds/core/deck.go:542.16,544.3 1 1
github.com/panyam/slyds/core/deck.go:545.2,546.49 2 1
github.com/panyam/slyds/core/deck.go:546.49,548.3 1 0
github.com/panyam/slyds/core/deck.go:549.2,549.11 1 1
github.com/panyam/slyds/core/describe.go:53.53,55.16 2 1
github.com/panyam/slyds/core/describe.go:55.16,57.3 1 0
github.com/panyam/slyds/core/describe.go:59.2,62.27 3 1
github.com/panyam/slyds/core/describe.go:62.27,72.75 6 1
github.com/panyam/slyds/core/describe.go:72.75,74.4 1 1
github.com/panyam/slyds/core/describe.go:75.3,94.5 6 1
github.com/panyam/slyds/core/describe.go:97.2,98.27 2 1
github.com/panyam/slyds/core/describe.go:98.27,100.3 1 1
github.com/panyam/slyds/core/describe.go:101.2,116.8 5 1
github.com/panyam/slyds/core/describe.go:120.37,123.26 3 1
github.com/panyam/slyds/core/describe.go:123.26,124.23 1 1
github.com/panyam/slyds/core/describe.go:124.23,125.12 1 1
github.com/panyam/slyds/core/describe.go:127.3,127.55 1 1
github.com/panyam/slyds/core/describe.go:129.2,129.14 1 1
github.com/panyam/slyds/core/embed.go:19.37,21.2 1 1
github.com/panyam/slyds/core/embed.go:24.32,26.2 1 1
github.com/panyam/slyds/core/filename_scheme.go:44.48,45.15 1 1
github.com/panyam/slyds/core/filename_scheme.go:46.29,47.26 1 1
github.com/panyam/slyds/core/filename_scheme.go:48.10,49.26 1 1
github.com/panyam/slyds/core/filename_scheme.go:60.59,62.2 1 1
github.com/panyam/slyds/core/filename_scheme.go:64.45,64.60 1 1
github.com/panyam/slyds/core/filename_scheme.go:66.52,68.2 1 1
github.com/panyam/slyds/core/filename_scheme.go:70.37,70.69 1 1
github.com/panyam/slyds/core/filename_scheme.go:80.57,82.2 1 1
github.com/panyam/slyds/core/filename_scheme.go:84.45,84.61 1 1
github.com/panyam/slyds/core/filename_scheme.go:86.52,88.2 1 1
github.com/panyam/slyds/core/filename_scheme.go:90.37,90.69 1 1
github.com/panyam/slyds/core/inline.go:27.59,30.26 1 1
github.com/panyam/slyds/core/inline.go:30.26,32.3 1 1
github.com/panyam/slyds/core/inline.go:34.2,35.16 2 1
github.com/panyam/slyds/core/inline.go:35.16,37.3 1 0
github.com/panyam/slyds/core/inline.go:39.2,43.83 2 1
github.com/panyam/slyds/core/inline.go:43.83,45.21 2 1
github.com/panyam/slyds/core/inline.go:45.21,47.4 1 1
github.com/panyam/slyds/core/inline.go:48.3,49.17 2 1
github.com/panyam/slyds/core/inline.go:49.17,52.4 2 1
github.com/panyam/slyds/core/inline.go:55.3,56.58 2 1
github.com/panyam/slyds/core/inline.go:61.2,61.65 1 1
github.com/panyam/slyds/core/inline.go:61.65,63.20 2 1
github.com/panyam/slyds/core/inline.go:63.20,65.4 1 1
github.com/panyam/slyds/core/inline.go:66.3,67.17 2 1
github.com/panyam/slyds/core/inline.go:67.17,70.4 2 0
github.com/panyam/slyds/core/inline.go:73.3,73.37 1 1
github.com/panyam/slyds/core/inline.go:73.37,74.22 1 1
github.com/panyam/slyds/core/inline.go:74.22,76.10 2 1
github.com/panyam/slyds/core/inline.go:79.3,79.35 1 1
github.com/panyam/slyds/core/inline.go:83.2,83.62 1 1
github.com/panyam/slyds/core/inline.go:83.62,85.55 2 1
github.com/panyam/slyds/core/inline.go:85.55,87.4 1 1
github.com/panyam/slyds/core/inline.go:88.3,89.17 2 1
github.com/panyam/slyds/core/inline.go:89.17,92.4 2 0
github.com/panyam/slyds/core/inline.go:93.3,93.41 1 1
github.com/panyam/slyds/core/inline.go:96.2,97.16 2 1
github.com/panyam/slyds/core/inline.go:97.16,99.3 1 0
github.com/panyam/slyds/core/inline.go:100.2,100.52 1 1
github.com/panyam/slyds/core/inline.go:105.38,109.2 1 1
github.com/panyam/slyds/core/inline.go:115.78,116.70 1 1
github.com/panyam/slyds/core/inline.go:116.70,119.16 3 1
github.com/panyam/slyds/core/inline.go:119.16,121.4 1 1
github.com/panyam/slyds/core/inline.go:122.3,122.16 1 1
github.com/panyam/slyds/core/inline.go:122.16,124.4 1 0
github.com/panyam/slyds/core/inline.go:125.3,125.99 1 1
github.com/panyam/slyds/core/inline.go:125.99,127.4 1 1
github.com/panyam/slyds/core/inline.go:129.3,130.38 2 1
github.com/panyam/slyds/core/inline.go:130.38,132.4 1 1
github.com/panyam/slyds/core/inline.go:133.3,134.17 2 1
github.com/panyam/slyds/core/inline.go:134.17,137.4 2 1
github.com/panyam/slyds/core/inline.go:138.3,138.52 1 1
github.com/panyam/slyds/core/inline.go:143.57,144.19 1 1
github.com/panyam/slyds/core/inline.go:144.19,146.3 1 0
github.com/panyam/slyds/core/inline.go:147.2,148.16 2 1
github.com/panyam/slyds/core/inline.go:148.16,150.3 1 1
github.com/panyam/slyds/core/inline.go:151.2,151.26 1 1
github.com/panyam/slyds/core/inline.go:155.32,157.2 1 1
github.com/panyam/slyds/core/inline.go:161.48,163.20 2 1
github.com/panyam/slyds/core/inline.go:163.20,165.3 1 0
github.com/panyam/slyds/core/inline.go:166.2,166.92 1 1
github.com/panyam/slyds/core/inline.go:170.65,172.16 2 0
github.com/panyam/slyds/core/inline.go:172.16,175.3 1 0
github.com/panyam/slyds/core/inline.go:176.2,176.29 1 0
github.com/panyam/slyds/core/inline.go:179.43,181.16 2 0
github.com/panyam/slyds/core/inline.go:181.16,183.3 1 0
github.com/panyam/slyds/core/inline.go:184.2,185.28 2 0
github.com/panyam/slyds/core/inline.go:185.28,187.3 1 0
github.com/panyam/slyds/core/inline.go:188.2,189.16 2 0
github.com/panyam/slyds/core/inline.go:189.16,191.3 1 0
github.com/panyam/slyds/core/inline.go:192.2,192.26 1 0
github.com/panyam/slyds/core/layout.go:46.46,48.16 2 1
github.com/panyam/slyds/core/layout.go:48.16,50.3 1 0
github.com/panyam/slyds/core/layout.go:51.2,52.51 2 1
github.com/panyam/slyds/core/layout.go:52.51,54.3 1 0
github.com/panyam/slyds/core/layout.go:55.2,55.18 1 1
github.com/panyam/slyds/core/layout.go:59.38,61.16 2 1
github.com/panyam/slyds/core/layout.go:61.16,63.3 1 0
github.com/panyam/slyds/core/layout.go:64.2,65.32 2 1
github.com/panyam/slyds/core/layout.go:65.32,67.3 1 1
github.com/panyam/slyds/core/layout.go:68.2,69.19 2 1
github.com/panyam/slyds/core/layout.go:73.37,75.16 2 1
github.com/panyam/slyds/core/layout.go:75.16,77.3 1 0
github.com/panyam/slyds/core/layout.go:78.2,79.11 2 1
github.com/panyam/slyds/core/layout.go:84.63,86.16 2 1
github.com/panyam/slyds/core/layout.go:86.16,88.3 1 0
github.com/panyam/slyds/core/layout.go:89.2,90.9 2 1
github.com/panyam/slyds/core/layout.go:90.9,93.3 2 1
github.com/panyam/slyds/core/layout.go:95.2,97.16 3 1
github.com/panyam/slyds/core/layout.go:97.16,99.3 1 0
github.com/panyam/slyds/core/layout.go:101.2,102.16 2 1
github.com/panyam/slyds/core/layout.go:102.16,104.3 1 0
github.com/panyam/slyds/core/layout.go:106.2,107.49 2 1
github.com/panyam/slyds/core/layout.go:107.49,109.3 1 0
github.com/panyam/slyds/core/layout.go:110.2,110.26 1 1
github.com/panyam/slyds/core/layout.go:117.39,119.58 1 1
github.com/panyam/slyds/core/layout.go:119.58,121.3 1 1
github.com/panyam/slyds/core/layout.go:124.2,124.59 1 1
github.com/panyam/slyds/core/layout.go:124.59,125.15 1 1
github.com/panyam/slyds/core/layout.go:126.22,127.18 1 1
github.com/panyam/slyds/core/layout.go:128.28,129.20 1 1
github.com/panyam/slyds/core/layout.go:130.24,131.20 1 1
github.com/panyam/slyds/core/layout.go:132.27,133.20 1 1
github.com/panyam/slyds/core/layout.go:137.2,137.18 1 1
github.com/panyam/slyds/core/layout.go:142.50,143.49 1 1
github.com/panyam/slyds/core/layout.go:143.49,145.3 1 1
github.com/panyam/slyds/core/layout.go:147.2,147.28 1 1
github.com/panyam/slyds/core/layout.go:147.28,149.3 1 1
github.com/panyam/slyds/core/layout.go:150.2,150.24 1 1
github.com/panyam/slyds/core/manifest.go:68.48,69.24 1 0
github.com/panyam/slyds/core/manifest.go:69.24,71.3 1 0
github.com/panyam/slyds/core/manifest.go:72.2,72.26 1 0
github.com/panyam/slyds/core/manifest.go:76.38,78.2 1 1
github.com/panyam/slyds/core/manifest.go:81.49,82.30 1 1
github.com/panyam/slyds/core/manifest.go:82.30,84.3 1 1
github.com/panyam/slyds/core/manifest.go:85.2,85.27 1 1
github.com/panyam/slyds/core/manifest.go:89.65,91.16 2 1
github.com/panyam/slyds/core/manifest.go:91.16,93.3 1 1
github.com/panyam/slyds/core/manifest.go:94.2,95.49 2 1
github.com/panyam/slyds/core/manifest.go:95.49,97.3 1 0
github.com/panyam/slyds/core/manifest.go:98.2,98.16 1 1
github.com/panyam/slyds/core/manifest.go:102.65,104.16 2 1
github.com/panyam/slyds/core/manifest.go:104.16,106.3 1 0
github.com/panyam/slyds/core/manifest.go:107.2,107.50 1 1
github.com/panyam/slyds/core/modules.go:23.88,27.42 3 0
github.com/panyam/slyds/core/modules.go:27.42,36.3 1 0
github.com/panyam/slyds/core/modules.go:38.2,46.3 1 0
github.com/panyam/slyds/core/modules.go:51.66,52.28 1 0
github.com/panyam/slyds/core/modules.go:52.28,54.3 1 0
github.com/panyam/slyds/core/modules.go:56.2,63.16 4 0
github.com/panyam/slyds/core/modules.go:63.16,65.3 1 0
github.com/panyam/slyds/core/modules.go:68.2,72.36 2 0
github.com/panyam/slyds/core/modules.go:72.36,80.3 1 0
github.com/panyam/slyds/core/modules.go:83.2,83.90 1 0
github.com/panyam/slyds/core/modules.go:83.90,85.3 1 0
github.com/panyam/slyds/core/modules.go:88.2,90.12 2 0
github.com/panyam/slyds/core/modules.go:94.71,96.42 2 1
github.com/panyam/slyds/core/modules.go:96.42,99.3 1 1
github.com/panyam/slyds/core/modules.go:101.2,106.26 3 0
github.com/panyam/slyds/core/modules.go:110.49,112.16 2 0
github.com/panyam/slyds/core/modules.go:112.16,114.3 1 0
github.com/panyam/slyds/core/modules.go:115.2,116.16 2 0
github.com/panyam/slyds/core/modules.go:116.16,118.3 1 0
github.com/panyam/slyds/core/modules.go:119.2,119.25 1 0
github.com/panyam/slyds/core/osfs.go:14.47,16.16 2 1
github.com/panyam/slyds/core/osfs.go:16.16,18.3 1 0
github.com/panyam/slyds/core/osfs.go:19.2,19.78 1 1
github.com/panyam/slyds/core/osfs.go:19.78,21.3 1 1
github.com/panyam/slyds/core/osfs.go:22.2,22.18 1 1
github.com/panyam/slyds/core/osfs.go:26.45,28.16 2 1
github.com/panyam/slyds/core/osfs.go:28.16,30.3 1 0
github.com/panyam/slyds/core/osfs.go:31.2,31.43 1 1
github.com/panyam/slyds/core/osfs.go:35.35,37.2 1 0
github.com/panyam/slyds/core/osfs.go:43.59,45.2 1 1
github.com/panyam/slyds/core/osfs.go:49.82,51.2 1 0
github.com/panyam/slyds/core/osfs.go:58.117,65.2 1 1
github.com/panyam/slyds/core/osfs.go:72.76,74.16 2 1
github.com/panyam/slyds/core/osfs.go:74.16,76.3 1 0
github.com/panyam/slyds/core/osfs.go:79.2,79.43 1 1
github.com/panyam/slyds/core/osfs.go:79.43,80.20 1 1
github.com/panyam/slyds/core/osfs.go:80.20,82.4 1 0
github.com/panyam/slyds/core/osfs.go:83.3,84.23 2 1
github.com/panyam/slyds/core/osfs.go:84.23,86.4 1 1
github.com/panyam/slyds/core/osfs.go:90.2,90.47 1 1
github.com/panyam/slyds/core/osfs.go:90.47,92.3 1 0
github.com/panyam/slyds/core/osfs.go:94.2,96.16 3 1
github.com/panyam/slyds/core/osfs.go:96.16,98.3 1 0
github.com/panyam/slyds/core/osfs.go:101.2,105.20 4 1
github.com/panyam/slyds/core/osfs.go:110.81,111.50 1 0
github.com/panyam/slyds/core/osfs.go:111.50,113.3 1 0
github.com/panyam/slyds/core/osfs.go:114.2,116.63 3 0
github.com/panyam/slyds/core/osfs.go:120.56,122.16 2 0
github.com/panyam/slyds/core/osfs.go:122.16,124.3 1 0
github.com/panyam/slyds/core/osfs.go:126.2,127.71 2 0
github.com/panyam/slyds/core/osfs.go:127.71,129.3 1 0
github.com/panyam/slyds/core/osfs.go:132.2,134.43 3 0
github.com/panyam/slyds/core/query.go:34.35,36.2 1 1
github.com/panyam/slyds/core/query.go:64.57,68.20 1 1
github.com/panyam/slyds/core/query.go:68.20,69.38 1 1
github.com/panyam/slyds/core/query.go:69.38,71.4 1 1
github.com/panyam/slyds/core/query.go:72.3,72.54 1 0
github.com/panyam/slyds/core/query.go:75.2,76.16 2 1
github.com/panyam/slyds/core/query.go:76.16,78.3 1 0
github.com/panyam/slyds/core/query.go:81.2,81.47 1 1
github.com/panyam/slyds/core/query.go:81.47,82.35 1 1
github.com/panyam/slyds/core/query.go:82.35,84.4 1 0
github.com/panyam/slyds/core/query.go:85.3,85.28 1 1
github.com/panyam/slyds/core/query.go:89.2,89.27 1 1
github.com/panyam/slyds/core/query.go:89.27,90.15 1 1
github.com/panyam/slyds/core/query.go:90.15,92.4 1 1
github.com/panyam/slyds/core/query.go:96.2,97.27 2 1
github.com/panyam/slyds/core/query.go:97.27,99.18 2 1
github.com/panyam/slyds/core/query.go:99.18,101.4 1 1
github.com/panyam/slyds/core/query.go:103.2,103.27 1 1
github.com/panyam/slyds/core/query.go:103.27,105.3 1 1
github.com/panyam/slyds/core/query.go:106.2,106.26 1 1
github.com/panyam/slyds/core/query.go:106.26,108.3 1 1
github.com/panyam/slyds/core/query.go:111.2,112.27 2 1
github.com/panyam/slyds/core/query.go:112.27,113.31 1 1
github.com/panyam/slyds/core/query.go:113.31,115.4 1 1
github.com/panyam/slyds/core/query.go:117.2,117.26 1 1
github.com/panyam/slyds/core/query.go:117.26,119.3 1 1
github.com/panyam/slyds/core/query.go:120.2,120.25 1 1
github.com/panyam/slyds/core/query.go:120.25,122.3 1 1
github.com/panyam/slyds/core/query.go:124.2,124.50 1 1
github.com/panyam/slyds/core/query.go:130.83,132.16 2 1
github.com/panyam/slyds/core/query.go:132.16,134.3 1 0
github.com/panyam/slyds/core/query.go:136.2,137.16 2 1
github.com/panyam/slyds/core/query.go:137.16,139.3 1 0
[...]
github.com/panyam/slyds/cmd/mcp_tools.go:361.2,361.66 1 1
github.com/panyam/slyds/cmd/mcp_tools.go:364.35,388.95 1 1
github.com/panyam/slyds/cmd/mcp_tools.go:388.95,403.39 2 1
github.com/panyam/slyds/cmd/mcp_tools.go:403.39,405.5 1 0
github.com/panyam/slyds/cmd/mcp_tools.go:406.4,407.24 2 1
github.com/panyam/slyds/cmd/mcp_tools.go:407.24,409.5 1 1
github.com/panyam/slyds/cmd/mcp_tools.go:410.4,422.18 3 1
github.com/panyam/slyds/cmd/mcp_tools.go:422.18,424.5 1 0
github.com/panyam/slyds/cmd/mcp_tools.go:425.4,425.57 1 1
github.com/panyam/slyds/cmd/mcp_tools.go:430.33,448.95 1 1
github.com/panyam/slyds/cmd/mcp_tools.go:448.95,457.39 2 1
github.com/panyam/slyds/cmd/mcp_tools.go:457.39,459.5 1 0
github.com/panyam/slyds/cmd/mcp_tools.go:460.4,460.22 1 1
github.com/panyam/slyds/cmd/mcp_tools.go:460.22,462.5 1 1
github.com/panyam/slyds/cmd/mcp_tools.go:463.4,464.24 2 1
github.com/panyam/slyds/cmd/mcp_tools.go:464.24,466.5 1 1
github.com/panyam/slyds/cmd/mcp_tools.go:468.4,468.72 1 1
github.com/panyam/slyds/cmd/mcp_tools.go:468.72,470.19 2 1
github.com/panyam/slyds/cmd/mcp_tools.go:470.19,472.6 1 0
github.com/panyam/slyds/cmd/mcp_tools.go:473.5,473.48 1 1
github.com/panyam/slyds/cmd/mcp_tools.go:473.48,480.6 2 1
github.com/panyam/slyds/cmd/mcp_tools.go:482.4,483.18 2 1
github.com/panyam/slyds/cmd/mcp_tools.go:483.18,485.5 1 0
github.com/panyam/slyds/cmd/mcp_tools.go:486.4,489.27 4 1
github.com/panyam/slyds/cmd/mcp_tools.go:489.27,494.5 1 1
github.com/panyam/slyds/cmd/mcp_tools.go:495.4,498.11 1 1
github.com/panyam/slyds/cmd/mcp_tools.go:503.36,518.95 1 1
github.com/panyam/slyds/cmd/mcp_tools.go:518.95,524.39 2 1
github.com/panyam/slyds/cmd/mcp_tools.go:524.39,526.5 1 0
github.com/panyam/slyds/cmd/mcp_tools.go:527.4,528.24 2 1
github.com/panyam/slyds/cmd/mcp_tools.go:528.24,530.5 1 1
github.com/panyam/slyds/cmd/mcp_tools.go:532.4,532.72 1 1
github.com/panyam/slyds/cmd/mcp_tools.go:532.72,534.19 2 1
github.com/panyam/slyds/cmd/mcp_tools.go:534.19,536.6 1 0
github.com/panyam/slyds/cmd/mcp_tools.go:537.5,537.48 1 1
github.com/panyam/slyds/cmd/mcp_tools.go:537.48,544.6 2 1
github.com/panyam/slyds/cmd/mcp_tools.go:546.4,547.18 2 1
github.com/panyam/slyds/cmd/mcp_tools.go:547.18,549.5 1 0
github.com/panyam/slyds/cmd/mcp_tools.go:550.4,550.50 1 1
github.com/panyam/slyds/cmd/mcp_tools.go:550.50,552.5 1 0
github.com/panyam/slyds/cmd/mcp_tools.go:553.4,556.106 4 1
github.com/panyam/slyds/cmd/mcp_tools.go:561.34,569.95 1 1
github.com/panyam/slyds/cmd/mcp_tools.go:569.95,571.18 2 1
github.com/panyam/slyds/cmd/mcp_tools.go:571.18,573.5 1 0
github.com/panyam/slyds/cmd/mcp_tools.go:574.4,575.24 2 1
github.com/panyam/slyds/cmd/mcp_tools.go:575.24,577.5 1 1
github.com/panyam/slyds/cmd/mcp_tools.go:578.4,582.18 3 1
github.com/panyam/slyds/cmd/mcp_tools.go:582.18,584.5 1 0
github.com/panyam/slyds/cmd/mcp_tools.go:585.4,585.29 1 1
github.com/panyam/slyds/cmd/mcp_tools.go:590.34,598.95 1 1
github.com/panyam/slyds/cmd/mcp_tools.go:598.95,600.18 2 1
github.com/panyam/slyds/cmd/mcp_tools.go:600.18,602.5 1 0
github.com/panyam/slyds/cmd/mcp_tools.go:603.4,604.24 2 1
github.com/panyam/slyds/cmd/mcp_tools.go:604.24,606.5 1 1
github.com/panyam/slyds/cmd/mcp_tools.go:607.4,611.18 3 1
github.com/panyam/slyds/cmd/mcp_tools.go:611.18,613.5 1 0
github.com/panyam/slyds/cmd/mcp_tools.go:615.4,615.32 1 1
github.com/panyam/slyds/cmd/mcp_tools.go:615.32,620.5 1 0
github.com/panyam/slyds/cmd/mcp_tools.go:621.4,621.47 1 1
github.com/panyam/slyds/cmd/mcp_tools.go:629.38,637.2 1 1
github.com/panyam/slyds/cmd/mcp_tools.go:643.64,645.37 2 1
github.com/panyam/slyds/cmd/mcp_tools.go:645.37,647.3 1 0
github.com/panyam/slyds/cmd/mcp_tools.go:648.2,648.18 1 1
github.com/panyam/slyds/cmd/mcp_tools.go:648.18,650.3 1 0
github.com/panyam/slyds/cmd/mcp_tools.go:651.2,651.15 1 1
github.com/panyam/slyds/cmd/mcp_tools.go:657.52,659.16 2 1
github.com/panyam/slyds/cmd/mcp_tools.go:659.16,661.3 1 0
github.com/panyam/slyds/cmd/mcp_tools.go:662.2,662.55 1 1
github.com/panyam/slyds/cmd/mcp_tools.go:665.45,667.2 1 1
github.com/panyam/slyds/cmd/mcp_tools.go:669.42,671.2 1 1
github.com/panyam/slyds/cmd/mcp_tools.go:673.43,675.2 1 1
github.com/panyam/slyds/cmd/preview.go:33.54,35.17 2 0
github.com/panyam/slyds/cmd/preview.go:35.17,37.4 1 0
github.com/panyam/slyds/cmd/preview.go:40.3,41.17 2 0
github.com/panyam/slyds/cmd/preview.go:41.17,43.4 1 0
github.com/panyam/slyds/cmd/preview.go:44.3,48.17 3 0
github.com/panyam/slyds/cmd/preview.go:48.17,50.4 1 0
github.com/panyam/slyds/cmd/preview.go:53.3,57.72 3 0
github.com/panyam/slyds/cmd/preview.go:57.72,59.4 1 0
github.com/panyam/slyds/cmd/preview.go:62.3,63.17 2 0
github.com/panyam/slyds/cmd/preview.go:63.17,65.4 1 0
github.com/panyam/slyds/cmd/preview.go:66.3,70.40 3 0
github.com/panyam/slyds/cmd/preview.go:70.40,71.31 1 0
github.com/panyam/slyds/cmd/preview.go:71.31,72.13 1 0
github.com/panyam/slyds/cmd/preview.go:74.4,75.18 2 0
github.com/panyam/slyds/cmd/preview.go:75.18,77.13 2 0
github.com/panyam/slyds/cmd/preview.go:79.4,80.66 2 0
github.com/panyam/slyds/cmd/preview.go:80.66,82.5 1 0
github.com/panyam/slyds/cmd/preview.go:83.4,83.14 1 0
github.com/panyam/slyds/cmd/preview.go:85.3,94.68 6 0
github.com/panyam/slyds/cmd/preview.go:94.68,96.19 2 0
github.com/panyam/slyds/cmd/preview.go:96.19,98.5 1 0
github.com/panyam/slyds/cmd/preview.go:99.4,99.37 1 0
github.com/panyam/slyds/cmd/preview.go:99.37,102.19 3 0
github.com/panyam/slyds/cmd/preview.go:102.19,105.6 2 0
github.com/panyam/slyds/cmd/preview.go:106.5,107.96 2 0
github.com/panyam/slyds/cmd/preview.go:107.96,110.6 2 0
github.com/panyam/slyds/cmd/preview.go:111.5,111.11 1 0
github.com/panyam/slyds/cmd/preview.go:113.4,113.30 1 0
github.com/panyam/slyds/cmd/preview.go:116.3,127.54 7 0
github.com/panyam/slyds/cmd/preview.go:127.54,127.85 1 0
github.com/panyam/slyds/cmd/preview.go:130.3,130.13 1 0
github.com/panyam/slyds/cmd/preview.go:130.13,134.4 3 0
github.com/panyam/slyds/cmd/preview.go:136.3,137.34 2 0
github.com/panyam/slyds/cmd/preview.go:137.34,139.4 1 0
github.com/panyam/slyds/cmd/preview.go:140.3,140.13 1 0
github.com/panyam/slyds/cmd/preview.go:144.13,147.2 2 1
github.com/panyam/slyds/cmd/query.go:51.54,52.27 1 0
github.com/panyam/slyds/cmd/query.go:52.27,54.4 1 0
github.com/panyam/slyds/cmd/query.go:56.3,56.20 1 0
github.com/panyam/slyds/cmd/query.go:56.20,58.4 1 0
github.com/panyam/slyds/cmd/query.go:60.3,63.20 4 0
github.com/panyam/slyds/cmd/query.go:63.20,65.4 1 0
github.com/panyam/slyds/cmd/query.go:67.3,68.17 2 0
github.com/panyam/slyds/cmd/query.go:68.17,70.4 1 0
github.com/panyam/slyds/cmd/query.go:72.3,79.33 2 0
github.com/panyam/slyds/cmd/query.go:79.33,81.4 1 0
github.com/panyam/slyds/cmd/query.go:82.3,82.38 1 0
github.com/panyam/slyds/cmd/query.go:82.38,84.4 1 0
github.com/panyam/slyds/cmd/query.go:85.3,85.36 1 0
github.com/panyam/slyds/cmd/query.go:85.36,87.4 1 0
github.com/panyam/slyds/cmd/query.go:88.3,88.38 1 0
github.com/panyam/slyds/cmd/query.go:88.38,90.4 1 0
github.com/panyam/slyds/cmd/query.go:92.3,93.17 2 0
github.com/panyam/slyds/cmd/query.go:93.17,95.4 1 0
github.com/panyam/slyds/cmd/query.go:96.3,96.28 1 0
github.com/panyam/slyds/cmd/query.go:96.28,98.4 1 0
github.com/panyam/slyds/cmd/query.go:99.3,99.13 1 0
github.com/panyam/slyds/cmd/query.go:103.39,105.20 2 0
github.com/panyam/slyds/cmd/query.go:105.20,107.3 1 0
github.com/panyam/slyds/cmd/query.go:107.8,107.26 1 0
github.com/panyam/slyds/cmd/query.go:107.26,109.3 1 0
github.com/panyam/slyds/cmd/query.go:111.2,112.16 2 0
github.com/panyam/slyds/cmd/query.go:112.16,114.3 1 0
github.com/panyam/slyds/cmd/query.go:116.2,117.27 2 0
github.com/panyam/slyds/cmd/query.go:117.27,119.3 1 0
github.com/panyam/slyds/cmd/query.go:119.8,121.17 2 0
github.com/panyam/slyds/cmd/query.go:121.17,123.4 1 0
github.com/panyam/slyds/cmd/query.go:124.3,125.8 2 0
github.com/panyam/slyds/cmd/query.go:128.2,129.16 2 0
github.com/panyam/slyds/cmd/query.go:129.16,131.3 1 0
github.com/panyam/slyds/cmd/query.go:133.2,134.53 2 0
github.com/panyam/slyds/cmd/query.go:134.53,136.3 1 0
github.com/panyam/slyds/cmd/query.go:138.2,138.77 1 0
github.com/panyam/slyds/cmd/query.go:141.13,155.2 13 1
github.com/panyam/slyds/cmd/root.go:16.47,18.3 1 0
github.com/panyam/slyds/cmd/root.go:24.47,26.3 1 0
github.com/panyam/slyds/cmd/root.go:29.16,30.42 1 0
github.com/panyam/slyds/cmd/root.go:30.42,33.3 2 0
github.com/panyam/slyds/cmd/root.go:36.13,39.2 2 1
github.com/panyam/slyds/cmd/serve.go:22.54,24.20 2 0
github.com/panyam/slyds/cmd/serve.go:24.20,26.4 1 0
github.com/panyam/slyds/cmd/serve.go:27.3,28.17 2 0
github.com/panyam/slyds/cmd/serve.go:28.17,30.4 1 0
github.com/panyam/slyds/cmd/serve.go:34.3,42.68 5 0
github.com/panyam/slyds/cmd/serve.go:42.68,44.19 2 0
github.com/panyam/slyds/cmd/serve.go:44.19,46.5 1 0
github.com/panyam/slyds/cmd/serve.go:49.4,49.37 1 0
github.com/panyam/slyds/cmd/serve.go:49.37,52.19 3 0
github.com/panyam/slyds/cmd/serve.go:52.19,56.6 3 0
github.com/panyam/slyds/cmd/serve.go:57.5,58.96 2 0
github.com/panyam/slyds/cmd/serve.go:58.96,61.6 2 0
github.com/panyam/slyds/cmd/serve.go:62.5,62.11 1 0
github.com/panyam/slyds/cmd/serve.go:66.4,66.30 1 0
github.com/panyam/slyds/cmd/serve.go:69.3,76.54 4 0
github.com/panyam/slyds/cmd/serve.go:76.54,76.85 1 0
github.com/panyam/slyds/cmd/serve.go:78.3,78.33 1 0
github.com/panyam/slyds/cmd/serve.go:82.13,85.2 2 1
github.com/panyam/slyds/cmd/slides.go:33.54,36.17 3 0
github.com/panyam/slyds/cmd/slides.go:36.17,38.4 1 0
github.com/panyam/slyds/cmd/slides.go:40.3,41.17 2 0
github.com/panyam/slyds/cmd/slides.go:41.17,43.4 1 0
github.com/panyam/slyds/cmd/slides.go:46.3,47.21 2 0
github.com/panyam/slyds/cmd/slides.go:47.21,48.34 1 0
github.com/panyam/slyds/cmd/slides.go:48.34,50.5 1 0
github.com/panyam/slyds/cmd/slides.go:51.4,51.29 1 0
github.com/panyam/slyds/cmd/slides.go:54.3,56.17 3 0
github.com/panyam/slyds/cmd/slides.go:56.17,58.4 1 0
github.com/panyam/slyds/cmd/slides.go:59.3,59.24 1 0
github.com/panyam/slyds/cmd/slides.go:59.24,61.4 1 0
github.com/panyam/slyds/cmd/slides.go:63.3,63.25 1 0
github.com/panyam/slyds/cmd/slides.go:63.25,65.18 2 0
github.com/panyam/slyds/cmd/slides.go:65.18,67.5 1 0
github.com/panyam/slyds/cmd/slides.go:68.4,68.56 1 0
github.com/panyam/slyds/cmd/slides.go:68.56,70.5 1 0
github.com/panyam/slyds/cmd/slides.go:73.3,75.13 3 0
github.com/panyam/slyds/cmd/slides.go:83.54,85.17 2 0
github.com/panyam/slyds/cmd/slides.go:85.17,87.4 1 0
github.com/panyam/slyds/cmd/slides.go:89.3,91.17 3 0
github.com/panyam/slyds/cmd/slides.go:91.17,93.4 1 0
github.com/panyam/slyds/cmd/slides.go:95.3,96.51 2 0
github.com/panyam/slyds/cmd/slides.go:96.51,97.38 1 0
github.com/panyam/slyds/cmd/slides.go:97.38,99.5 1 0
github.com/panyam/slyds/cmd/slides.go:100.4,100.31 1 0
github.com/panyam/slyds/cmd/slides.go:101.9,102.31 1 0
github.com/panyam/slyds/cmd/slides.go:102.31,103.36 1 0
github.com/panyam/slyds/cmd/slides.go:103.36,105.11 2 0
github.com/panyam/slyds/cmd/slides.go:110.3,110.22 1 0
github.com/panyam/slyds/cmd/slides.go:110.22,112.4 1 0
github.com/panyam/slyds/cmd/slides.go:114.3,114.50 1 0
github.com/panyam/slyds/cmd/slides.go:114.50,116.4 1 0
github.com/panyam/slyds/cmd/slides.go:118.3,119.13 2 0
github.com/panyam/slyds/cmd/slides.go:127.54,129.17 2 0
github.com/panyam/slyds/cmd/slides.go:129.17,131.4 1 0
github.com/panyam/slyds/cmd/slides.go:133.3,134.17 2 0
github.com/panyam/slyds/cmd/slides.go:134.17,136.4 1 0
github.com/panyam/slyds/cmd/slides.go:137.3,138.17 2 0
github.com/panyam/slyds/cmd/slides.go:138.17,140.4 1 0
github.com/panyam/slyds/cmd/slides.go:142.3,142.31 1 0
github.com/panyam/slyds/cmd/slides.go:159.54,161.20 2 0
github.com/panyam/slyds/cmd/slides.go:161.20,163.4 1 0
github.com/panyam/slyds/cmd/slides.go:164.3,165.17 2 0
github.com/panyam/slyds/cmd/slides.go:165.17,167.4 1 0
github.com/panyam/slyds/cmd/slides.go:169.3,170.17 2 0
github.com/panyam/slyds/cmd/slides.go:170.17,172.4 1 0
github.com/panyam/slyds/cmd/slides.go:173.3,173.23 1 0
github.com/panyam/slyds/cmd/slides.go:173.23,174.14 1 0
github.com/panyam/slyds/cmd/slides.go:174.14,176.5 1 0
github.com/panyam/slyds/cmd/slides.go:176.10,178.5 1 0
github.com/panyam/slyds/cmd/slides.go:179.4,179.14 1 0
github.com/panyam/slyds/cmd/slides.go:182.3,182.13 1 0
github.com/panyam/slyds/cmd/slides.go:182.13,184.29 2 0
github.com/panyam/slyds/cmd/slides.go:184.29,192.5 2 0
github.com/panyam/slyds/cmd/slides.go:193.4,194.18 2 0
github.com/panyam/slyds/cmd/slides.go:194.18,196.5 1 0
github.com/panyam/slyds/cmd/slides.go:197.4,198.14 2 0
github.com/panyam/slyds/cmd/slides.go:201.3,201.28 1 0
github.com/panyam/slyds/cmd/slides.go:201.28,206.4 4 0
github.com/panyam/slyds/cmd/slides.go:207.3,207.13 1 0
github.com/panyam/slyds/cmd/slides.go:221.54,223.17 2 0
github.com/panyam/slyds/cmd/slides.go:223.17,225.4 1 0
github.com/panyam/slyds/cmd/slides.go:226.3,229.17 3 0
github.com/panyam/slyds/cmd/slides.go:229.17,231.4 1 0
github.com/panyam/slyds/cmd/slides.go:233.3,235.17 3 0
github.com/panyam/slyds/cmd/slides.go:235.17,237.4 1 0
github.com/panyam/slyds/cmd/slides.go:238.3,238.24 1 0
github.com/panyam/slyds/cmd/slides.go:238.24,240.4 1 0
github.com/panyam/slyds/cmd/slides.go:242.3,242.28 1 0
github.com/panyam/slyds/cmd/slides.go:242.28,244.18 2 0
github.com/panyam/slyds/cmd/slides.go:244.18,246.5 1 0
github.com/panyam/slyds/cmd/slides.go:247.4,247.51 1 0
github.com/panyam/slyds/cmd/slides.go:247.51,249.5 1 0
github.com/panyam/slyds/cmd/slides.go:252.3,254.13 3 0
github.com/panyam/slyds/cmd/slides.go:268.54,270.20 2 0
github.com/panyam/slyds/cmd/slides.go:270.20,272.4 1 0
github.com/panyam/slyds/cmd/slides.go:273.3,274.17 2 0
github.com/panyam/slyds/cmd/slides.go:274.17,276.4 1 0
github.com/panyam/slyds/cmd/slides.go:278.3,279.17 2 0
github.com/panyam/slyds/cmd/slides.go:279.17,281.4 1 0
github.com/panyam/slyds/cmd/slides.go:283.3,283.19 1 0
github.com/panyam/slyds/cmd/slides.go:283.19,285.4 1 0
github.com/panyam/slyds/cmd/slides.go:285.9,287.4 1 0
github.com/panyam/slyds/cmd/slides.go:288.3,288.13 1 0
github.com/panyam/slyds/cmd/slides.go:293.13,313.2 17 1
github.com/panyam/slyds/cmd/slides.go:326.60,327.47 1 1
github.com/panyam/slyds/cmd/slides.go:327.47,332.3 3 1
github.com/panyam/slyds/cmd/slides.go:333.2,333.19 1 0
github.com/panyam/slyds/cmd/slides.go:338.60,340.16 2 0
github.com/panyam/slyds/cmd/slides.go:340.16,342.3 1 0
github.com/panyam/slyds/cmd/slides.go:343.2,344.49 2 0
github.com/panyam/slyds/cmd/slides.go:344.49,346.3 1 0
github.com/panyam/slyds/cmd/slides.go:347.2,347.15 1 0
github.com/panyam/slyds/cmd/update.go:26.54,28.20 2 0
github.com/panyam/slyds/cmd/update.go:28.20,30.4 1 0
github.com/panyam/slyds/cmd/update.go:31.3,32.17 2 0
github.com/panyam/slyds/cmd/update.go:32.17,34.4 1 0
github.com/panyam/slyds/cmd/update.go:36.3,36.51 1 0
github.com/panyam/slyds/cmd/update.go:36.51,38.4 1 0
github.com/panyam/slyds/cmd/update.go:40.3,41.38 2 0
github.com/panyam/slyds/cmd/update.go:41.38,43.18 2 0
github.com/panyam/slyds/cmd/update.go:43.18,45.5 1 0
github.com/panyam/slyds/cmd/update.go:46.9,46.24 1 0
github.com/panyam/slyds/cmd/update.go:46.24,48.4 1 0
github.com/panyam/slyds/cmd/update.go:51.3,52.75 2 0
github.com/panyam/slyds/cmd/update.go:52.75,54.4 1 0
github.com/panyam/slyds/cmd/update.go:57.3,57.29 1 0
github.com/panyam/slyds/cmd/update.go:57.29,65.84 3 0
github.com/panyam/slyds/cmd/update.go:65.84,67.5 1 0
github.com/panyam/slyds/cmd/update.go:71.3,72.75 2 0
github.com/panyam/slyds/cmd/update.go:72.75,75.4 2 0
github.com/panyam/slyds/cmd/update.go:75.9,77.4 1 0
github.com/panyam/slyds/cmd/update.go:79.3,80.13 2 0
github.com/panyam/slyds/cmd/update.go:84.50,92.17 7 0
github.com/panyam/slyds/cmd/update.go:92.17,94.3 1 0
github.com/panyam/slyds/cmd/update.go:95.2,95.30 1 0
github.com/panyam/slyds/cmd/update.go:95.30,97.3 1 0
github.com/panyam/slyds/cmd/update.go:99.2,102.17 4 0
github.com/panyam/slyds/cmd/update.go:102.17,104.3 1 0
github.com/panyam/slyds/cmd/update.go:106.2,106.56 1 0
github.com/panyam/slyds/cmd/update.go:109.13,111.2 1 1
github.com/panyam/slyds/cmd/workspace.go:67.42,68.31 1 1
github.com/panyam/slyds/cmd/workspace.go:68.31,70.3 1 1
github.com/panyam/slyds/cmd/workspace.go:71.2,71.73 1 1
github.com/panyam/slyds/cmd/workspace.go:71.73,73.3 1 1
github.com/panyam/slyds/cmd/workspace.go:74.2,74.67 1 1
github.com/panyam/slyds/cmd/workspace.go:74.67,76.3 1 1
github.com/panyam/slyds/cmd/workspace.go:77.2,77.12 1 1
github.com/panyam/slyds/cmd/workspace.go:91.62,93.16 2 1
github.com/panyam/slyds/cmd/workspace.go:93.16,95.3 1 0
github.com/panyam/slyds/cmd/workspace.go:96.2,96.40 1 1
github.com/panyam/slyds/cmd/workspace.go:102.40,102.57 1 1
github.com/panyam/slyds/cmd/workspace.go:107.68,108.47 1 1
github.com/panyam/slyds/cmd/workspace.go:108.47,110.3 1 1
github.com/panyam/slyds/cmd/workspace.go:111.2,112.31 2 1
github.com/panyam/slyds/cmd/workspace.go:112.31,114.3 1 1
github.com/panyam/slyds/cmd/workspace.go:114.8,116.3 1 1
github.com/panyam/slyds/cmd/workspace.go:117.2,118.16 2 1
github.com/panyam/slyds/cmd/workspace.go:118.16,120.3 1 1
github.com/panyam/slyds/cmd/workspace.go:121.2,121.15 1 1
github.com/panyam/slyds/cmd/workspace.go:127.57,129.72 2 1
github.com/panyam/slyds/cmd/workspace.go:129.72,131.3 1 1
github.com/panyam/slyds/cmd/workspace.go:132.2,133.16 2 1
github.com/panyam/slyds/cmd/workspace.go:133.16,137.3 1 0
github.com/panyam/slyds/cmd/workspace.go:138.2,138.28 1 1
github.com/panyam/slyds/cmd/workspace.go:138.28,139.17 1 1
github.com/panyam/slyds/cmd/workspace.go:139.17,140.12 1 1
github.com/panyam/slyds/cmd/workspace.go:142.3,142.83 1 1
github.com/panyam/slyds/cmd/workspace.go:142.83,144.4 1 1
github.com/panyam/slyds/cmd/workspace.go:146.2,146.18 1 1
github.com/panyam/slyds/cmd/workspace.go:152.96,153.47 1 1
github.com/panyam/slyds/cmd/workspace.go:153.47,155.3 1 1
github.com/panyam/slyds/cmd/workspace.go:156.2,156.31 1 1
github.com/panyam/slyds/cmd/workspace.go:156.31,158.3 1 0
github.com/panyam/slyds/cmd/workspace.go:159.2,160.80 2 1
github.com/panyam/slyds/cmd/workspace.go:160.80,162.3 1 0
github.com/panyam/slyds/cmd/workspace.go:163.2,163.25 1 1
github.com/panyam/slyds/cmd/workspace.go:182.58,185.2 2 1
github.com/panyam/slyds/cmd/workspace.go:190.71,192.2 1 1
github.com/panyam/slyds/cmd/workspace.go:199.58,200.103 1 1
github.com/panyam/slyds/cmd/workspace.go:200.103,203.3 2 1
github.com/panyam/slyds/cmd/workspace.go:209.77,211.15 2 1
github.com/panyam/slyds/cmd/workspace.go:211.15,214.3 2 1
github.com/panyam/slyds/cmd/workspace.go:215.2,215.16 1 1
github.com/panyam/slyds/cmd/workspace.go:223.94,225.22 2 1
github.com/panyam/slyds/cmd/workspace.go:225.22,227.3 1 1
github.com/panyam/slyds/cmd/workspace.go:228.2,229.16 2 1
github.com/panyam/slyds/cmd/workspace.go:229.16,232.3 2 1
github.com/panyam/slyds/cmd/workspace.go:233.2,233.15 1 1
github.com/panyam/slyds/cmd/ws.go:35.54,37.17 2 1
github.com/panyam/slyds/cmd/ws.go:37.17,39.4 1 0
github.com/panyam/slyds/cmd/ws.go:40.3,41.17 2 1
github.com/panyam/slyds/cmd/ws.go:41.17,43.4 1 0
github.com/panyam/slyds/cmd/ws.go:44.3,50.13 3 1
github.com/panyam/slyds/cmd/ws.go:50.13,54.4 3 1
github.com/panyam/slyds/cmd/ws.go:55.3,58.13 4 1
github.com/panyam/slyds/cmd/ws.go:65.54,67.17 2 1
github.com/panyam/slyds/cmd/ws.go:67.17,69.4 1 0
github.com/panyam/slyds/cmd/ws.go:70.3,71.17 2 1
github.com/panyam/slyds/cmd/ws.go:71.17,73.4 1 0
github.com/panyam/slyds/cmd/ws.go:74.3,76.13 2 1
github.com/panyam/slyds/cmd/ws.go:76.13,81.29 2 1
github.com/panyam/slyds/cmd/ws.go:81.29,83.19 2 1
github.com/panyam/slyds/cmd/ws.go:83.19,84.14 1 0
github.com/panyam/slyds/cmd/ws.go:86.5,92.7 2 1
github.com/panyam/slyds/cmd/ws.go:94.4,96.14 3 1
github.com/panyam/slyds/cmd/ws.go:99.3,99.21 1 1
github.com/panyam/slyds/cmd/ws.go:99.21,102.4 2 1
github.com/panyam/slyds/cmd/ws.go:103.3,103.28 1 0
github.com/panyam/slyds/cmd/ws.go:103.28,105.18 2 0
github.com/panyam/slyds/cmd/ws.go:105.18,107.13 2 0
github.com/panyam/slyds/cmd/ws.go:109.4,111.43 2 0
github.com/panyam/slyds/cmd/ws.go:113.3,113.13 1 0
github.com/panyam/slyds/cmd/ws.go:117.13,123.2 5 1
