mode: set
github.com/panyam/slyds/assets/embed.go:38.37,41.16 3 0
github.com/panyam/slyds/assets/embed.go:41.16,43.3 1 0
github.com/panyam/slyds/assets/embed.go:44.2,44.28 1 0
github.com/panyam/slyds/assets/embed.go:44.28,45.56 1 0
github.com/panyam/slyds/assets/embed.go:45.56,46.74 1 0
github.com/panyam/slyds/assets/embed.go:46.74,48.5 1 0
github.com/panyam/slyds/assets/embed.go:51.2,51.14 1 0
github.com/panyam/slyds/assets/embed.go:56.32,58.16 2 0
github.com/panyam/slyds/assets/embed.go:58.16,60.3 1 0
github.com/panyam/slyds/assets/embed.go:61.2,62.28 2 0
github.com/panyam/slyds/assets/embed.go:62.28,63.83 1 0
github.com/panyam/slyds/assets/embed.go:63.83,65.4 1 0
github.com/panyam/slyds/assets/embed.go:67.2,68.48 2 0
github.com/panyam/slyds/main.go:5.13,7.2 1 0
github.com/panyam/slyds/core/agentmd.go:26.55,32.35 5 1
github.com/panyam/slyds/core/agentmd.go:32.35,34.17 2 1
github.com/panyam/slyds/core/agentmd.go:34.17,35.45 1 1
github.com/panyam/slyds/core/agentmd.go:35.45,38.5 2 1
github.com/panyam/slyds/core/agentmd.go:40.3,40.35 1 1
github.com/panyam/slyds/core/agentmd.go:43.2,52.16 3 1
github.com/panyam/slyds/core/agentmd.go:52.16,54.3 1 0
github.com/panyam/slyds/core/agentmd.go:56.2,57.16 2 1
github.com/panyam/slyds/core/agentmd.go:57.16,59.3 1 0
github.com/panyam/slyds/core/agentmd.go:61.2,62.49 2 1
github.com/panyam/slyds/core/agentmd.go:62.49,64.3 1 0
github.com/panyam/slyds/core/agentmd.go:65.2,65.26 1 1
github.com/panyam/slyds/core/builder.go:20.41,28.16 4 1
github.com/panyam/slyds/core/builder.go:28.16,30.3 1 0
github.com/panyam/slyds/core/builder.go:31.2,31.25 1 1
github.com/panyam/slyds/core/builder.go:31.25,33.3 1 0
github.com/panyam/slyds/core/builder.go:36.2,38.16 3 1
github.com/panyam/slyds/core/builder.go:38.16,40.3 1 0
github.com/panyam/slyds/core/builder.go:42.2,46.16 3 1
github.com/panyam/slyds/core/builder.go:46.16,48.3 1 0
github.com/panyam/slyds/core/builder.go:50.2,50.20 1 1
github.com/panyam/slyds/core/builder.go:55.42,57.16 2 0
github.com/panyam/slyds/core/builder.go:57.16,59.3 1 0
github.com/panyam/slyds/core/builder.go:60.2,60.18 1 0
github.com/panyam/slyds/core/builder.go:65.61,66.6 1 1
github.com/panyam/slyds/core/builder.go:66.6,68.16 2 1
github.com/panyam/slyds/core/builder.go:68.16,69.9 1 1
github.com/panyam/slyds/core/builder.go:71.3,72.16 2 1
github.com/panyam/slyds/core/builder.go:72.16,73.9 1 0
github.com/panyam/slyds/core/builder.go:75.3,82.47 6 1
github.com/panyam/slyds/core/builder.go:82.47,84.12 2 0
github.com/panyam/slyds/core/builder.go:87.3,88.21 2 1
github.com/panyam/slyds/core/builder.go:88.21,90.4 1 0
github.com/panyam/slyds/core/builder.go:91.3,94.17 3 1
github.com/panyam/slyds/core/builder.go:94.17,96.4 1 1
github.com/panyam/slyds/core/builder.go:98.3,98.51 1 1
github.com/panyam/slyds/core/builder.go:100.2,100.18 1 1
github.com/panyam/slyds/core/builder.go:104.64,107.2 2 0
github.com/panyam/slyds/core/check.go:22.36,23.34 1 0
github.com/panyam/slyds/core/check.go:23.34,25.3 1 0
github.com/panyam/slyds/core/check.go:26.2,26.43 1 0
github.com/panyam/slyds/core/check.go:30.50,32.2 1 0
github.com/panyam/slyds/core/check.go:45.34,46.38 1 1
github.com/panyam/slyds/core/check.go:46.38,46.69 1 1
github.com/panyam/slyds/core/check.go:50.36,51.38 1 1
github.com/panyam/slyds/core/check.go:51.38,51.71 1 1
github.com/panyam/slyds/core/check.go:55.53,57.23 2 1
github.com/panyam/slyds/core/check.go:57.23,58.12 1 1
github.com/panyam/slyds/core/check.go:58.12,60.4 1 1
github.com/panyam/slyds/core/check.go:62.2,62.12 1 1
github.com/panyam/slyds/core/check.go:66.49,67.38 1 1
github.com/panyam/slyds/core/check.go:67.38,69.3 1 1
github.com/panyam/slyds/core/check.go:73.35,73.66 1 1
github.com/panyam/slyds/core/check.go:90.46,95.16 3 1
github.com/panyam/slyds/core/check.go:95.16,97.3 1 0
github.com/panyam/slyds/core/check.go:98.2,104.32 4 1
github.com/panyam/slyds/core/check.go:104.32,106.3 1 1
github.com/panyam/slyds/core/check.go:107.2,108.31 2 1
github.com/panyam/slyds/core/check.go:108.31,110.3 1 1
github.com/panyam/slyds/core/check.go:113.2,113.32 1 1
github.com/panyam/slyds/core/check.go:113.32,114.18 1 1
github.com/panyam/slyds/core/check.go:114.18,121.4 2 1
github.com/panyam/slyds/core/check.go:125.2,125.31 1 1
github.com/panyam/slyds/core/check.go:125.31,126.19 1 1
github.com/panyam/slyds/core/check.go:126.19,133.4 2 1
github.com/panyam/slyds/core/check.go:137.2,138.32 2 1
github.com/panyam/slyds/core/check.go:138.32,140.17 2 1
github.com/panyam/slyds/core/check.go:140.17,141.12 1 1
github.com/panyam/slyds/core/check.go:143.3,146.40 2 1
github.com/panyam/slyds/core/check.go:146.40,152.4 1 1
github.com/panyam/slyds/core/check.go:155.3,155.68 1 1
github.com/panyam/slyds/core/check.go:155.68,159.4 3 1
github.com/panyam/slyds/core/check.go:162.3,163.46 2 1
github.com/panyam/slyds/core/check.go:163.46,169.4 1 1
github.com/panyam/slyds/core/check.go:169.9,169.43 1 1
github.com/panyam/slyds/core/check.go:169.43,175.4 1 1
github.com/panyam/slyds/core/check.go:178.3,179.29 2 1
github.com/panyam/slyds/core/check.go:179.29,181.33 2 1
github.com/panyam/slyds/core/check.go:181.33,182.13 1 1
github.com/panyam/slyds/core/check.go:185.4,185.30 1 1
github.com/panyam/slyds/core/check.go:185.30,191.5 1 1
github.com/panyam/slyds/core/check.go:196.2,196.20 1 1
github.com/panyam/slyds/core/check.go:196.20,198.3 1 1
github.com/panyam/slyds/core/check.go:200.2,200.20 1 1
github.com/panyam/slyds/core/check.go:204.56,206.46 1 1
github.com/panyam/slyds/core/check.go:206.46,208.3 1 1
github.com/panyam/slyds/core/check.go:210.2,210.58 1 1
github.com/panyam/slyds/core/check.go:210.58,212.3 1 0
github.com/panyam/slyds/core/check.go:213.2,213.14 1 1
github.com/panyam/slyds/core/check.go:216.44,223.2 1 1
github.com/panyam/slyds/core/deck.go:52.44,53.21 1 1
github.com/panyam/slyds/core/deck.go:53.21,55.3 1 0
github.com/panyam/slyds/core/deck.go:56.2,56.17 1 1
github.com/panyam/slyds/core/deck.go:67.55,68.55 1 1
github.com/panyam/slyds/core/deck.go:68.55,70.3 1 1
github.com/panyam/slyds/core/deck.go:71.2,73.21 3 1
github.com/panyam/slyds/core/deck.go:73.21,75.3 1 1
github.com/panyam/slyds/core/deck.go:75.8,77.3 1 1
github.com/panyam/slyds/core/deck.go:78.2,79.15 2 1
github.com/panyam/slyds/core/deck.go:83.31,84.23 1 1
github.com/panyam/slyds/core/deck.go:84.23,86.3 1 1
github.com/panyam/slyds/core/deck.go:87.2,87.11 1 1
github.com/panyam/slyds/core/deck.go:91.31,92.49 1 1
github.com/panyam/slyds/core/deck.go:92.49,94.3 1 1
github.com/panyam/slyds/core/deck.go:95.2,95.18 1 1
github.com/panyam/slyds/core/deck.go:102.51,104.16 2 1
github.com/panyam/slyds/core/deck.go:104.16,106.3 1 0
github.com/panyam/slyds/core/deck.go:108.2,109.57 2 1
github.com/panyam/slyds/core/deck.go:109.57,110.56 1 1
github.com/panyam/slyds/core/deck.go:110.56,113.4 2 1
github.com/panyam/slyds/core/deck.go:115.2,115.21 1 1
github.com/panyam/slyds/core/deck.go:115.21,117.3 1 1
github.com/panyam/slyds/core/deck.go:120.2,120.53 1 1
github.com/panyam/slyds/core/deck.go:120.53,122.41 2 1
github.com/panyam/slyds/core/deck.go:122.41,124.4 1 1
github.com/panyam/slyds/core/deck.go:125.3,125.20 1 1
github.com/panyam/slyds/core/deck.go:129.2,129.32 1 0
github.com/panyam/slyds/core/deck.go:133.42,135.16 2 1
github.com/panyam/slyds/core/deck.go:135.16,137.3 1 0
github.com/panyam/slyds/core/deck.go:138.2,138.24 1 1
github.com/panyam/slyds/core/deck.go:142.62,144.16 2 1
github.com/panyam/slyds/core/deck.go:144.16,146.3 1 0
github.com/panyam/slyds/core/deck.go:147.2,147.43 1 1
github.com/panyam/slyds/core/deck.go:147.43,149.3 1 1
github.com/panyam/slyds/core/deck.go:150.2,151.16 2 1
github.com/panyam/slyds/core/deck.go:151.16,153.3 1 0
github.com/panyam/slyds/core/deck.go:154.2,154.26 1 1
github.com/panyam/slyds/core/deck.go:158.69,160.16 2 1
github.com/panyam/slyds/core/deck.go:160.16,162.3 1 0
github.com/panyam/slyds/core/deck.go:163.2,163.43 1 1
github.com/panyam/slyds/core/deck.go:163.43,165.3 1 0
github.com/panyam/slyds/core/deck.go:166.2,166.75 1 1
github.com/panyam/slyds/core/deck.go:174.63,180.39 5 1
github.com/panyam/slyds/core/deck.go:180.39,183.25 3 1
github.com/panyam/slyds/core/deck.go:183.25,186.4 2 1
github.com/panyam/slyds/core/deck.go:187.3,187.28 1 1
github.com/panyam/slyds/core/deck.go:190.2,190.28 1 1
github.com/panyam/slyds/core/deck.go:190.28,192.3 1 1
github.com/panyam/slyds/core/deck.go:193.2,193.28 1 1
github.com/panyam/slyds/core/deck.go:193.28,195.3 1 1
github.com/panyam/slyds/core/deck.go:197.2,198.16 2 1
github.com/panyam/slyds/core/deck.go:198.16,200.3 1 0
github.com/panyam/slyds/core/deck.go:202.2,206.29 4 1
github.com/panyam/slyds/core/deck.go:206.29,207.34 1 1
github.com/panyam/slyds/core/deck.go:207.34,208.24 1 1
github.com/panyam/slyds/core/deck.go:208.24,209.36 1 1
github.com/panyam/slyds/core/deck.go:209.36,211.6 1 1
github.com/panyam/slyds/core/deck.go:212.5,212.27 1 1
github.com/panyam/slyds/core/deck.go:214.4,214.12 1 1
github.com/panyam/slyds/core/deck.go:216.3,216.36 1 1
github.com/panyam/slyds/core/deck.go:219.2,219.97 1 1
github.com/panyam/slyds/core/deck.go:219.97,221.3 1 0
github.com/panyam/slyds/core/deck.go:224.2,224.75 1 1
github.com/panyam/slyds/core/deck.go:224.75,227.3 2 1
github.com/panyam/slyds/core/deck.go:228.2,228.12 1 1
github.com/panyam/slyds/core/deck.go:233.78,234.43 1 1
github.com/panyam/slyds/core/deck.go:234.43,236.3 1 0
github.com/panyam/slyds/core/deck.go:238.2,239.16 2 1
github.com/panyam/slyds/core/deck.go:239.16,241.3 1 0
github.com/panyam/slyds/core/deck.go:242.2,242.48 1 1
github.com/panyam/slyds/core/deck.go:242.48,244.3 1 1
github.com/panyam/slyds/core/deck.go:246.2,247.82 2 1
github.com/panyam/slyds/core/deck.go:247.82,249.3 1 0
github.com/panyam/slyds/core/deck.go:252.2,253.40 2 1
github.com/panyam/slyds/core/deck.go:253.40,255.3 1 1
github.com/panyam/slyds/core/deck.go:256.2,265.38 8 1
github.com/panyam/slyds/core/deck.go:270.51,271.43 1 1
github.com/panyam/slyds/core/deck.go:271.43,273.3 1 0
github.com/panyam/slyds/core/deck.go:275.2,276.16 2 1
github.com/panyam/slyds/core/deck.go:276.16,278.3 1 0
github.com/panyam/slyds/core/deck.go:279.2,279.58 1 1
github.com/panyam/slyds/core/deck.go:279.58,281.3 1 0
github.com/panyam/slyds/core/deck.go:284.2,285.40 2 1
github.com/panyam/slyds/core/deck.go:285.40,286.27 1 1
github.com/panyam/slyds/core/deck.go:286.27,288.4 1 1
github.com/panyam/slyds/core/deck.go:290.2,294.29 4 1
github.com/panyam/slyds/core/deck.go:294.29,295.20 1 1
github.com/panyam/slyds/core/deck.go:295.20,297.4 1 1
github.com/panyam/slyds/core/deck.go:299.2,299.39 1 1
github.com/panyam/slyds/core/deck.go:304.46,305.43 1 1
github.com/panyam/slyds/core/deck.go:305.43,307.3 1 0
github.com/panyam/slyds/core/deck.go:309.2,310.16 2 1
github.com/panyam/slyds/core/deck.go:310.16,312.3 1 0
github.com/panyam/slyds/core/deck.go:313.2,313.70 1 1
github.com/panyam/slyds/core/deck.go:313.70,315.3 1 0
github.com/panyam/slyds/core/deck.go:317.2,319.27 3 1
github.com/panyam/slyds/core/deck.go:319.27,321.3 1 0
github.com/panyam/slyds/core/deck.go:321.8,323.3 1 1
github.com/panyam/slyds/core/deck.go:325.2,325.38 1 1
github.com/panyam/slyds/core/deck.go:333.71,334.43 1 1
github.com/panyam/slyds/core/deck.go:334.43,336.3 1 0
github.com/panyam/slyds/core/deck.go:338.2,339.16 2 1
github.com/panyam/slyds/core/deck.go:339.16,341.3 1 0
github.com/panyam/slyds/core/deck.go:343.2,347.34 4 1
github.com/panyam/slyds/core/deck.go:347.34,350.20 3 1
github.com/panyam/slyds/core/deck.go:350.20,354.12 4 0
github.com/panyam/slyds/core/deck.go:357.3,359.26 3 1
github.com/panyam/slyds/core/deck.go:359.26,361.4 1 0
github.com/panyam/slyds/core/deck.go:363.3,365.26 3 1
github.com/panyam/slyds/core/deck.go:365.26,367.4 1 1
github.com/panyam/slyds/core/deck.go:370.2,370.18 1 1
github.com/panyam/slyds/core/deck.go:370.18,372.3 1 1
github.com/panyam/slyds/core/deck.go:376.2,379.33 4 1
github.com/panyam/slyds/core/deck.go:379.33,380.29 1 1
github.com/panyam/slyds/core/deck.go:380.29,383.4 2 1
github.com/panyam/slyds/core/deck.go:388.2,390.28 2 1
github.com/panyam/slyds/core/deck.go:390.28,392.3 1 1
github.com/panyam/slyds/core/deck.go:393.2,393.28 1 1
github.com/panyam/slyds/core/deck.go:393.28,395.3 1 1
github.com/panyam/slyds/core/deck.go:397.2,397.54 1 1
github.com/panyam/slyds/core/deck.go:397.54,399.3 1 0
github.com/panyam/slyds/core/deck.go:405.2,405.34 1 1
github.com/panyam/slyds/core/deck.go:420.98,424.17 3 1
github.com/panyam/slyds/core/deck.go:424.17,426.3 1 1
github.com/panyam/slyds/core/deck.go:428.2,432.16 2 1
github.com/panyam/slyds/core/deck.go:432.16,434.3 1 1
github.com/panyam/slyds/core/deck.go:436.2,437.64 2 1
github.com/panyam/slyds/core/deck.go:437.64,439.3 1 0
github.com/panyam/slyds/core/deck.go:444.2,445.40 2 1
github.com/panyam/slyds/core/deck.go:445.40,446.47 1 1
github.com/panyam/slyds/core/deck.go:446.47,448.9 2 1
github.com/panyam/slyds/core/deck.go:451.2,451.32 1 1
github.com/panyam/slyds/core/deck.go:459.50,462.27 3 1
github.com/panyam/slyds/core/deck.go:462.27,464.3 1 1
github.com/panyam/slyds/core/deck.go:465.2,465.20 1 1
github.com/panyam/slyds/core/deck.go:465.20,467.3 1 1
github.com/panyam/slyds/core/deck.go:468.2,468.20 1 1
github.com/panyam/slyds/core/deck.go:468.20,470.23 2 1
github.com/panyam/slyds/core/deck.go:470.23,472.4 1 1
github.com/panyam/slyds/core/deck.go:478.72,480.32 2 1
github.com/panyam/slyds/core/deck.go:480.32,483.70 3 1
github.com/panyam/slyds/core/deck.go:483.70,485.4 1 0
github.com/panyam/slyds/core/deck.go:487.2,487.12 1 1
github.com/panyam/slyds/core/deck.go:491.38,493.26 2 1
github.com/panyam/slyds/core/deck.go:493.26,494.17 1 1
github.com/panyam/slyds/core/deck.go:494.17,496.4 1 1
github.com/panyam/slyds/core/deck.go:498.2,498.33 1 1
github.com/panyam/slyds/core/deck.go:502.46,504.52 2 1
github.com/panyam/slyds/core/deck.go:504.52,506.3 1 1
github.com/panyam/slyds/core/deck.go:507.2,507.17 1 1
github.com/panyam/slyds/core/deck.go:511.46,514.14 3 1
github.com/panyam/slyds/core/deck.go:514.14,516.3 1 1
github.com/panyam/slyds/core/deck.go:517.2,517.11 1 1
github.com/panyam/slyds/core/deck.go:522.42,524.16 2 1
github.com/panyam/slyds/core/deck.go:524.16,526.3 1 0
github.com/panyam/slyds/core/deck.go:527.2,528.28 2 1
github.com/panyam/slyds/core/deck.go:528.28,529.57 1 1
github.com/panyam/slyds/core/deck.go:529.57,531.4 1 1
github.com/panyam/slyds/core/deck.go:533.2,534.14 2 1
github.com/panyam/slyds/core/deck.go:540.54,542.16 2 1
github.com/panyam/slyds/core/deck.go:542.16,544.3 1 1
github.com/panyam/slyds/core/deck.go:545.2,546.49 2 1
github.com/panyam/slyds/core/deck.go:546.49,548.3 1 0
github.com/panyam/slyds/core/deck.go:549.2,549.11 1 1
github.com/panyam/slyds/core/describe.go:51.53,53.16 2 1
github.com/panyam/slyds/core/describe.go:53.16,55.3 1 0
github.com/panyam/slyds/core/describe.go:57.2,60.27 3 1
github.com/panyam/slyds/core/describe.go:60.27,70.75 6 1
github.com/panyam/slyds/core/describe.go:70.75,72.4 1 1
github.com/panyam/slyds/core/describe.go:73.3,89.5 5 1
github.com/panyam/slyds/core/describe.go:92.2,93.27 2 1
github.com/panyam/slyds/core/describe.go:93.27,95.3 1 1
github.com/panyam/slyds/core/describe.go:96.2,109.8 4 1
github.com/panyam/slyds/core/describe.go:113.37,116.26 3 1
github.com/panyam/slyds/core/describe.go:116.26,117.23 1 1
github.com/panyam/slyds/core/describe.go:117.23,118.12 1 1
github.com/panyam/slyds/core/describe.go:120.3,120.55 1 1
github.com/panyam/slyds/core/describe.go:122.2,122.14 1 1
github.com/panyam/slyds/core/embed.go:19.37,21.2 1 1
github.com/panyam/slyds/core/embed.go:24.32,26.2 1 1
github.com/panyam/slyds/core/filename_scheme.go:44.48,45.15 1 1
github.com/panyam/slyds/core/filename_scheme.go:46.29,47.26 1 1
github.com/panyam/slyds/core/filename_scheme.go:48.10,49.26 1 1
github.com/panyam/slyds/core/filename_scheme.go:60.59,62.2 1 1
github.com/panyam/slyds/core/filename_scheme.go:64.45,64.60 1 1
github.com/panyam/slyds/core/filename_scheme.go:66.52,68.2 1 1
github.com/panyam/slyds/core/filename_scheme.go:70.37,70.69 1 1
github.com/panyam/slyds/core/filename_scheme.go:80.57,82.2 1 1
github.com/panyam/slyds/core/filename_scheme.go:84.45,84.61 1 1
github.com/panyam/slyds/core/filename_scheme.go:86.52,88.2 1 1
github.com/panyam/slyds/core/filename_scheme.go:90.37,90.69 1 1
github.com/panyam/slyds/core/inline.go:27.59,30.26 1 1
github.com/panyam/slyds/core/inline.go:30.26,32.3 1 1
github.com/panyam/slyds/core/inline.go:34.2,35.16 2 1
github.com/panyam/slyds/core/inline.go:35.16,37.3 1 0
github.com/panyam/slyds/core/inline.go:39.2,43.83 2 1
github.com/panyam/slyds/core/inline.go:43.83,45.21 2 1
github.com/panyam/slyds/core/inline.go:45.21,47.4 1 1
github.com/panyam/slyds/core/inline.go:48.3,49.17 2 1
github.com/panyam/slyds/core/inline.go:49.17,52.4 2 1
github.com/panyam/slyds/core/inline.go:55.3,56.58 2 1
github.com/panyam/slyds/core/inline.go:61.2,61.65 1 1
github.com/panyam/slyds/core/inline.go:61.65,63.20 2 1
github.com/panyam/slyds/core/inline.go:63.20,65.4 1 1
github.com/panyam/slyds/core/inline.go:66.3,67.17 2 1
github.com/panyam/slyds/core/inline.go:67.17,70.4 2 0
github.com/panyam/slyds/core/inline.go:73.3,73.37 1 1
github.com/panyam/slyds/core/inline.go:73.37,74.22 1 1
github.com/panyam/slyds/core/inline.go:74.22,76.10 2 1
github.com/panyam/slyds/core/inline.go:79.3,79.35 1 1
github.com/panyam/slyds/core/inline.go:83.2,83.62 1 1
github.com/panyam/slyds/core/inline.go:83.62,85.55 2 1
github.com/panyam/slyds/core/inline.go:85.55,87.4 1 1
github.com/panyam/slyds/core/inline.go:88.3,89.17 2 1
github.com/panyam/slyds/core/inline.go:89.17,92.4 2 0
github.com/panyam/slyds/core/inline.go:93.3,93.41 1 1
github.com/panyam/slyds/core/inline.go:96.2,97.16 2 1
github.com/panyam/slyds/core/inline.go:97.16,99.3 1 0
github.com/panyam/slyds/core/inline.go:100.2,100.52 1 1
github.com/panyam/slyds/core/inline.go:105.38,109.2 1 1
github.com/panyam/slyds/core/inline.go:115.78,116.70 1 1
github.com/panyam/slyds/core/inline.go:116.70,119.16 3 1
github.com/panyam/slyds/core/inline.go:119.16,121.4 1 1
github.com/panyam/slyds/core/inline.go:122.3,122.16 1 1
github.com/panyam/slyds/core/inline.go:122.16,124.4 1 0
github.com/panyam/slyds/core/inline.go:125.3,125.99 1 1
github.com/panyam/slyds/core/inline.go:125.99,127.4 1 1
github.com/panyam/slyds/core/inline.go:129.3,130.38 2 1
github.com/panyam/slyds/core/inline.go:130.38,132.4 1 1
github.com/panyam/slyds/core/inline.go:133.3,134.17 2 1
github.com/panyam/slyds/core/inline.go:134.17,137.4 2 1
github.com/panyam/slyds/core/inline.go:138.3,138.52 1 1
github.com/panyam/slyds/core/inline.go:143.57,144.19 1 1
github.com/panyam/slyds/core/inline.go:144.19,146.3 1 0
github.com/panyam/slyds/core/inline.go:147.2,148.16 2 1
github.com/panyam/slyds/core/inline.go:148.16,150.3 1 1
github.com/panyam/slyds/core/inline.go:151.2,151.26 1 1
github.com/panyam/slyds/core/inline.go:155.32,157.2 1 1
github.com/panyam/slyds/core/inline.go:161.48,163.20 2 1
github.com/panyam/slyds/core/inline.go:163.20,165.3 1 0
github.com/panyam/slyds/core/inline.go:166.2,166.92 1 1
github.com/panyam/slyds/core/inline.go:170.65,172.16 2 0
github.com/panyam/slyds/core/inline.go:172.16,175.3 1 0
github.com/panyam/slyds/core/inline.go:176.2,176.29 1 0
github.com/panyam/slyds/core/inline.go:179.43,181.16 2 0
github.com/panyam/slyds/core/inline.go:181.16,183.3 1 0
github.com/panyam/slyds/core/inline.go:184.2,185.28 2 0
github.com/panyam/slyds/core/inline.go:185.28,187.3 1 0
github.com/panyam/slyds/core/inline.go:188.2,189.16 2 0
github.com/panyam/slyds/core/inline.go:189.16,191.3 1 0
github.com/panyam/slyds/core/inline.go:192.2,192.26 1 0
github.com/panyam/slyds/core/layout.go:46.46,48.16 2 1
github.com/panyam/slyds/core/layout.go:48.16,50.3 1 0
github.com/panyam/slyds/core/layout.go:51.2,52.51 2 1
github.com/panyam/slyds/core/layout.go:52.51,54.3 1 0
github.com/panyam/slyds/core/layout.go:55.2,55.18 1 1
github.com/panyam/slyds/core/layout.go:59.38,61.16 2 1
github.com/panyam/slyds/core/layout.go:61.16,63.3 1 0
github.com/panyam/slyds/core/layout.go:64.2,65.32 2 1
github.com/panyam/slyds/core/layout.go:65.32,67.3 1 1
github.com/panyam/slyds/core/layout.go:68.2,69.19 2 1
github.com/panyam/slyds/core/layout.go:73.37,75.16 2 1
github.com/panyam/slyds/core/layout.go:75.16,77.3 1 0
github.com/panyam/slyds/core/layout.go:78.2,79.11 2 1
github.com/panyam/slyds/core/layout.go:84.63,86.16 2 1
github.com/panyam/slyds/core/layout.go:86.16,88.3 1 0
github.com/panyam/slyds/core/layout.go:89.2,90.9 2 1
github.com/panyam/slyds/core/layout.go:90.9,93.3 2 1
github.com/panyam/slyds/core/layout.go:95.2,97.16 3 1
github.com/panyam/slyds/core/layout.go:97.16,99.3 1 0
github.com/panyam/slyds/core/layout.go:101.2,102.16 2 1
github.com/panyam/slyds/core/layout.go:102.16,104.3 1 0
github.com/panyam/slyds/core/layout.go:106.2,107.49 2 1
github.com/panyam/slyds/core/layout.go:107.49,109.3 1 0
github.com/panyam/slyds/core/layout.go:110.2,110.26 1 1
github.com/panyam/slyds/core/layout.go:117.39,119.58 1 1
github.com/panyam/slyds/core/layout.go:119.58,121.3 1 1
github.com/panyam/slyds/core/layout.go:124.2,124.59 1 1
github.com/panyam/slyds/core/layout.go:124.59,125.15 1 1
github.com/panyam/slyds/core/layout.go:126.22,127.18 1 1
github.com/panyam/slyds/core/layout.go:128.28,129.20 1 1
github.com/panyam/slyds/core/layout.go:130.24,131.20 1 1
github.com/panyam/slyds/core/layout.go:132.27,133.20 1 1
github.com/panyam/slyds/core/layout.go:137.2,137.18 1 1
github.com/panyam/slyds/core/layout.go:142.50,143.49 1 1
github.com/panyam/slyds/core/layout.go:143.49,145.3 1 1
github.com/panyam/slyds/core/layout.go:147.2,147.28 1 1
github.com/panyam/slyds/core/layout.go:147.28,149.3 1 1
github.com/panyam/slyds/core/layout.go:150.2,150.24 1 1
github.com/panyam/slyds/core/manifest.go:68.48,69.24 1 0
github.com/panyam/slyds/core/manifest.go:69.24,71.3 1 0
github.com/panyam/slyds/core/manifest.go:72.2,72.26 1 0
github.com/panyam/slyds/core/manifest.go:76.38,78.2 1 1
github.com/panyam/slyds/core/manifest.go:81.49,82.30 1 1
github.com/panyam/slyds/core/manifest.go:82.30,84.3 1 1
github.com/panyam/slyds/core/manifest.go:85.2,85.27 1 1
github.com/panyam/slyds/core/manifest.go:89.65,91.16 2 1
github.com/panyam/slyds/core/manifest.go:91.16,93.3 1 1
github.com/panyam/slyds/core/manifest.go:94.2,95.49 2 1
github.com/panyam/slyds/core/manifest.go:95.49,97.3 1 0
github.com/panyam/slyds/core/manifest.go:98.2,98.16 1 1
github.com/panyam/slyds/core/manifest.go:102.65,104.16 2 1
github.com/panyam/slyds/core/manifest.go:104.16,106.3 1 0
github.com/panyam/slyds/core/manifest.go:107.2,107.50 1 1
github.com/panyam/slyds/core/modules.go:23.88,27.42 3 0
github.com/panyam/slyds/core/modules.go:27.42,36.3 1 0
github.com/panyam/slyds/core/modules.go:38.2,46.3 1 0
github.com/panyam/slyds/core/modules.go:51.66,52.28 1 0
github.com/panyam/slyds/core/modules.go:52.28,54.3 1 0
github.com/panyam/slyds/core/modules.go:56.2,63.16 4 0
github.com/panyam/slyds/core/modules.go:63.16,65.3 1 0
github.com/panyam/slyds/core/modules.go:68.2,72.36 2 0
github.com/panyam/slyds/core/modules.go:72.36,80.3 1 0
github.com/panyam/slyds/core/modules.go:83.2,83.90 1 0
github.com/panyam/slyds/core/modules.go:83.90,85.3 1 0
github.com/panyam/slyds/core/modules.go:88.2,90.12 2 0
github.com/panyam/slyds/core/modules.go:94.71,96.42 2 1
github.com/panyam/slyds/core/modules.go:96.42,99.3 1 1
github.com/panyam/slyds/core/modules.go:101.2,106.26 3 0
github.com/panyam/slyds/core/modules.go:110.49,112.16 2 0
github.com/panyam/slyds/core/modules.go:112.16,114.3 1 0
github.com/panyam/slyds/core/modules.go:115.2,116.16 2 0
github.com/panyam/slyds/core/modules.go:116.16,118.3 1 0
github.com/panyam/slyds/core/modules.go:119.2,119.25 1 0
github.com/panyam/slyds/core/osfs.go:14.47,16.16 2 1
github.com/panyam/slyds/core/osfs.go:16.16,18.3 1 0
github.com/panyam/slyds/core/osfs.go:19.2,19.78 1 1
github.com/panyam/slyds/core/osfs.go:19.78,21.3 1 1
github.com/panyam/slyds/core/osfs.go:22.2,22.18 1 0
github.com/panyam/slyds/core/osfs.go:26.45,28.16 2 0
github.com/panyam/slyds/core/osfs.go:28.16,30.3 1 0
github.com/panyam/slyds/core/osfs.go:31.2,31.43 1 0
github.com/panyam/slyds/core/osfs.go:35.35,37.2 1 0
github.com/panyam/slyds/core/osfs.go:43.59,45.2 1 1
github.com/panyam/slyds/core/osfs.go:49.82,51.2 1 0
github.com/panyam/slyds/core/osfs.go:58.117,65.2 1 1
github.com/panyam/slyds/core/osfs.go:72.76,74.16 2 1
github.com/panyam/slyds/core/osfs.go:74.16,76.3 1 0
github.com/panyam/slyds/core/osfs.go:79.2,79.43 1 1
github.com/panyam/slyds/core/osfs.go:79.43,80.20 1 1
github.com/panyam/slyds/core/osfs.go:80.20,82.4 1 0
github.com/panyam/slyds/core/osfs.go:83.3,84.23 2 1
github.com/panyam/slyds/core/osfs.go:84.23,86.4 1 1
github.com/panyam/slyds/core/osfs.go:90.2,90.47 1 1
github.com/panyam/slyds/core/osfs.go:90.47,92.3 1 0
github.com/panyam/slyds/core/osfs.go:94.2,96.16 3 1
github.com/panyam/slyds/core/osfs.go:96.16,98.3 1 0
github.com/panyam/slyds/core/osfs.go:101.2,105.20 4 1
github.com/panyam/slyds/core/osfs.go:110.81,111.50 1 0
github.com/panyam/slyds/core/osfs.go:111.50,113.3 1 0
github.com/panyam/slyds/core/osfs.go:114.2,116.63 3 0
github.com/panyam/slyds/core/osfs.go:120.56,122.16 2 0
github.com/panyam/slyds/core/osfs.go:122.16,124.3 1 0
github.com/panyam/slyds/core/osfs.go:126.2,127.71 2 0
github.com/panyam/slyds/core/osfs.go:127.71,129.3 1 0
github.com/panyam/slyds/core/osfs.go:132.2,134.43 3 0
github.com/panyam/slyds/core/query.go:34.35,36.2 1 1
github.com/panyam/slyds/core/query.go:64.57,68.20 1 1
github.com/panyam/slyds/core/query.go:68.20,69.38 1 1
github.com/panyam/slyds/core/query.go:69.38,71.4 1 1
github.com/panyam/slyds/core/query.go:72.3,72.54 1 0
github.com/panyam/slyds/core/query.go:75.2,76.16 2 1
github.com/panyam/slyds/core/query.go:76.16,78.3 1 0
github.com/panyam/slyds/core/query.go:81.2,81.47 1 1
github.com/panyam/slyds/core/query.go:81.47,82.35 1 1
github.com/panyam/slyds/core/query.go:82.35,84.4 1 0
github.com/panyam/slyds/core/query.go:85.3,85.28 1 1
github.com/panyam/slyds/core/query.go:89.2,89.27 1 1
github.com/panyam/slyds/core/query.go:89.27,90.15 1 1
github.com/panyam/slyds/core/query.go:90.15,92.4 1 1
github.com/panyam/slyds/core/query.go:96.2,97.27 2 1
github.com/panyam/slyds/core/query.go:97.27,99.18 2 1
github.com/panyam/slyds/core/query.go:99.18,101.4 1 1
github.com/panyam/slyds/core/query.go:103.2,103.27 1 1
github.com/panyam/slyds/core/query.go:103.27,105.3 1 1
github.com/panyam/slyds/core/query.go:106.2,106.26 1 1
github.com/panyam/slyds/core/query.go:106.26,108.3 1 1
github.com/panyam/slyds/core/query.go:111.2,112.27 2 1
github.com/panyam/slyds/core/query.go:112.27,113.31 1 1
github.com/panyam/slyds/core/query.go:113.31,115.4 1 1
github.com/panyam/slyds/core/query.go:117.2,117.26 1 1
github.com/panyam/slyds/core/query.go:117.26,119.3 1 1
github.com/panyam/slyds/core/query.go:120.2,120.25 1 1
github.com/panyam/slyds/core/query.go:120.25,122.3 1 1
github.com/panyam/slyds/core/query.go:124.2,124.50 1 1
github.com/panyam/slyds/core/query.go:130.83,132.16 2 1
github.com/panyam/slyds/core/query.go:132.16,134.3 1 0
github.com/panyam/slyds/core/query.go:136.2,137.16 2 1
github.com/panyam/slyds/core/query.go:137.16,139.3 1 0
github.com/panyam/slyds/core/query.go:141.2,142.16 2 1
github.com/panyam/slyds/core/query.go:142.16,144.3 1 0
github.com/panyam/slyds/core/query.go:146.2,149.20 2 1
github.com/panyam/slyds/core/query.go:149.20,150.24 1 1
github.com/panyam/slyds/core/query.go:150.24,152.4 1 1
github.com/panyam/slyds/core/query.go:153.3,153.55 1 1
github.com/panyam/slyds/core/query.go:153.55,155.4 1 0
github.com/panyam/slyds/core/query.go:156.3,157.17 2 1
github.com/panyam/slyds/core/query.go:157.17,159.4 1 0
github.com/panyam/slyds/core/query.go:160.3,160.70 1 1
github.com/panyam/slyds/core/query.go:164.2,164.16 1 1
github.com/panyam/slyds/core/query.go:164.16,166.3 1 1
github.com/panyam/slyds/core/query.go:168.2,169.45 2 1
github.com/panyam/slyds/core/query.go:169.45,170.22 1 1
github.com/panyam/slyds/core/query.go:170.22,173.4 2 1
github.com/panyam/slyds/core/query.go:173.9,173.23 1 1
github.com/panyam/slyds/core/query.go:173.23,176.4 2 1
github.com/panyam/slyds/core/query.go:176.9,178.4 1 1
github.com/panyam/slyds/core/query.go:180.2,180.21 1 1
github.com/panyam/slyds/core/query.go:186.85,187.12 1 1
github.com/panyam/slyds/core/query.go:187.12,189.3 1 1
github.com/panyam/slyds/core/query.go:191.2,191.25 1 0
github.com/panyam/slyds/core/query.go:191.25,193.17 2 0
github.com/panyam/slyds/core/query.go:193.17,194.23 1 0
github.com/panyam/slyds/core/query.go:194.23,195.13 1 0
github.com/panyam/slyds/core/query.go:197.4,197.49 1 0
github.com/panyam/slyds/core/query.go:199.3,199.22 1 0
github.com/panyam/slyds/core/query.go:199.22,201.23 2 0
github.com/panyam/slyds/core/query.go:201.23,202.13 1 0
github.com/panyam/slyds/core/query.go:204.4,204.49 1 0
github.com/panyam/slyds/core/query.go:206.3,207.17 2 0
github.com/panyam/slyds/core/query.go:207.17,208.23 1 0
github.com/panyam/slyds/core/query.go:208.23,209.13 1 0
github.com/panyam/slyds/core/query.go:211.4,211.49 1 0
github.com/panyam/slyds/core/query.go:214.2,214.12 1 0
github.com/panyam/slyds/core/query.go:217.61,224.70 3 1
github.com/panyam/slyds/core/query.go:224.70,226.17 2 1
github.com/panyam/slyds/core/query.go:226.17,228.4 1 0
github.com/panyam/slyds/core/query.go:229.3,229.37 1 1
github.com/panyam/slyds/core/query.go:229.37,231.4 1 1
github.com/panyam/slyds/core/query.go:232.3,233.17 2 1
github.com/panyam/slyds/core/query.go:233.17,235.4 1 0
github.com/panyam/slyds/core/query.go:236.3,237.17 2 1
github.com/panyam/slyds/core/query.go:237.17,239.4 1 0
github.com/panyam/slyds/core/query.go:240.3,241.29 2 1
github.com/panyam/slyds/core/query.go:244.2,244.25 1 1
github.com/panyam/slyds/core/query.go:244.25,246.17 2 1
github.com/panyam/slyds/core/query.go:246.17,248.4 1 0
github.com/panyam/slyds/core/query.go:249.3,249.22 1 1
github.com/panyam/slyds/core/query.go:249.22,251.4 1 0
github.com/panyam/slyds/core/query.go:252.3,253.17 2 1
github.com/panyam/slyds/core/query.go:253.17,255.4 1 0
github.com/panyam/slyds/core/query.go:256.3,257.24 2 1
github.com/panyam/slyds/core/query.go:257.24,259.4 1 0
github.com/panyam/slyds/core/query.go:260.3,260.55 1 1
github.com/panyam/slyds/core/query.go:260.55,262.4 1 0
github.com/panyam/slyds/core/query.go:266.2,266.27 1 1
github.com/panyam/slyds/core/query.go:266.27,268.17 2 1
github.com/panyam/slyds/core/query.go:268.17,270.4 1 0
github.com/panyam/slyds/core/query.go:271.3,271.83 1 1
github.com/panyam/slyds/core/query.go:271.83,273.4 1 0
github.com/panyam/slyds/core/query.go:275.2,275.12 1 1
github.com/panyam/slyds/core/query.go:279.63,281.51 2 1
github.com/panyam/slyds/core/query.go:282.13,283.23 1 1
github.com/panyam/slyds/core/query.go:284.18,285.27 1 0
github.com/panyam/slyds/core/query.go:286.16,287.26 1 0
github.com/panyam/slyds/core/query.go:288.18,289.27 1 0
github.com/panyam/slyds/core/query.go:290.16,291.21 1 0
github.com/panyam/slyds/core/query.go:292.10,293.103 1 0
github.com/panyam/slyds/core/query.go:295.2,295.18 1 1
github.com/panyam/slyds/core/query.go:300.63,303.2 2 1
github.com/panyam/slyds/core/query.go:305.61,307.2 1 1
github.com/panyam/slyds/core/query.go:309.89,311.14 2 1
github.com/panyam/slyds/core/query.go:311.14,313.3 1 0
github.com/panyam/slyds/core/query.go:313.8,315.3 1 1
github.com/panyam/slyds/core/query.go:317.2,317.21 1 1
github.com/panyam/slyds/core/query.go:317.21,318.50 1 1
github.com/panyam/slyds/core/query.go:318.50,318.74 1 1
github.com/panyam/slyds/core/query.go:320.2,320.25 1 1
github.com/panyam/slyds/core/query.go:320.25,321.50 1 1
github.com/panyam/slyds/core/query.go:321.50,321.78 1 1
github.com/panyam/slyds/core/query.go:323.2,323.24 1 1
github.com/panyam/slyds/core/query.go:323.24,324.50 1 1
github.com/panyam/slyds/core/query.go:324.50,324.80 1 1
github.com/panyam/slyds/core/query.go:326.2,326.25 1 1
github.com/panyam/slyds/core/query.go:326.25,328.22 2 0
github.com/panyam/slyds/core/query.go:328.22,330.4 1 0
github.com/panyam/slyds/core/query.go:331.3,331.50 1 0
github.com/panyam/slyds/core/query.go:331.50,331.83 1 0
github.com/panyam/slyds/core/query.go:333.2,333.17 1 1
github.com/panyam/slyds/core/query.go:333.17,334.15 1 1
github.com/panyam/slyds/core/query.go:334.15,336.4 1 0
github.com/panyam/slyds/core/query.go:336.9,338.4 1 1
github.com/panyam/slyds/core/query.go:340.2,340.12 1 1
github.com/panyam/slyds/core/scaffold.go:16.103,29.48 7 0
github.com/panyam/slyds/core/scaffold.go:29.48,31.3 1 0
github.com/panyam/slyds/core/scaffold.go:34.2,35.101 2 0
github.com/panyam/slyds/core/scaffold.go:35.101,37.3 1 0
github.com/panyam/slyds/core/scaffold.go:40.2,41.16 2 0
github.com/panyam/slyds/core/scaffold.go:41.16,43.3 1 0
github.com/panyam/slyds/core/scaffold.go:46.2,48.34 3 0
github.com/panyam/slyds/core/scaffold.go:48.34,50.3 1 0
github.com/panyam/slyds/core/scaffold.go:51.2,57.103 2 0
github.com/panyam/slyds/core/scaffold.go:57.103,59.3 1 0
github.com/panyam/slyds/core/scaffold.go:62.2,67.77 3 0
github.com/panyam/slyds/core/scaffold.go:67.77,69.3 1 0
github.com/panyam/slyds/core/scaffold.go:70.2,70.88 1 0
github.com/panyam/slyds/core/scaffold.go:70.88,72.3 1 0
github.com/panyam/slyds/core/scaffold.go:74.2,74.12 1 0
github.com/panyam/slyds/core/scaffold.go:78.138,80.16 2 0
github.com/panyam/slyds/core/scaffold.go:80.16,82.3 1 0
github.com/panyam/slyds/core/scaffold.go:84.2,85.16 2 0
github.com/panyam/slyds/core/scaffold.go:85.16,87.3 1 0
github.com/panyam/slyds/core/scaffold.go:89.2,90.49 2 0
github.com/panyam/slyds/core/scaffold.go:90.49,92.3 1 0
github.com/panyam/slyds/core/scaffold.go:94.2,94.60 1 0
github.com/panyam/slyds/core/scaffold.go:98.160,99.15 1 0
github.com/panyam/slyds/core/scaffold.go:99.15,101.3 1 0
github.com/panyam/slyds/core/scaffold.go:102.2,104.77 2 0
github.com/panyam/slyds/core/scaffold.go:104.77,106.3 1 0
github.com/panyam/slyds/core/scaffold.go:109.2,110.108 2 0
github.com/panyam/slyds/core/scaffold.go:110.108,112.3 1 0
github.com/panyam/slyds/core/scaffold.go:113.2,116.29 2 0
github.com/panyam/slyds/core/scaffold.go:116.29,118.12 2 0
github.com/panyam/slyds/core/scaffold.go:118.12,120.4 1 0
github.com/panyam/slyds/core/scaffold.go:121.3,122.111 2 0
github.com/panyam/slyds/core/scaffold.go:122.111,124.4 1 0
github.com/panyam/slyds/core/scaffold.go:125.3,125.30 1 0
github.com/panyam/slyds/core/scaffold.go:129.2,130.114 2 0
github.com/panyam/slyds/core/scaffold.go:130.114,132.3 1 0
github.com/panyam/slyds/core/scaffold.go:133.2,135.19 2 0
github.com/panyam/slyds/core/scaffold.go:139.66,140.77 1 0
github.com/panyam/slyds/core/scaffold.go:140.77,141.45 1 0
github.com/panyam/slyds/core/scaffold.go:141.45,143.4 1 0
github.com/panyam/slyds/core/scaffold.go:145.3,145.75 1 0
github.com/panyam/slyds/core/scaffold.go:145.75,147.4 1 0
github.com/panyam/slyds/core/scaffold.go:149.3,149.61 1 0
github.com/panyam/slyds/core/scaffold.go:149.61,151.4 1 0
github.com/panyam/slyds/core/scaffold.go:152.3,153.17 2 0
github.com/panyam/slyds/core/scaffold.go:153.17,155.4 1 0
github.com/panyam/slyds/core/scaffold.go:156.3,157.13 2 0
github.com/panyam/slyds/core/scaffold.go:162.37,164.16 2 1
github.com/panyam/slyds/core/scaffold.go:164.16,166.3 1 0
github.com/panyam/slyds/core/scaffold.go:167.2,168.28 2 1
github.com/panyam/slyds/core/scaffold.go:168.28,169.16 1 1
github.com/panyam/slyds/core/scaffold.go:169.16,171.4 1 1
github.com/panyam/slyds/core/scaffold.go:173.2,174.20 2 1
github.com/panyam/slyds/core/scaffold.go:178.37,180.16 2 1
github.com/panyam/slyds/core/scaffold.go:180.16,182.3 1 0
github.com/panyam/slyds/core/scaffold.go:183.2,183.27 1 1
github.com/panyam/slyds/core/scaffold.go:183.27,184.17 1 1
github.com/panyam/slyds/core/scaffold.go:184.17,186.4 1 1
github.com/panyam/slyds/core/scaffold.go:188.2,188.14 1 1
github.com/panyam/slyds/core/scaffold.go:193.54,196.28 3 1
github.com/panyam/slyds/core/scaffold.go:196.28,198.3 1 1
github.com/panyam/slyds/core/scaffold.go:199.2,199.21 1 1
github.com/panyam/slyds/core/scaffold.go:204.45,207.2 2 0
github.com/panyam/slyds/core/scaffold.go:211.69,212.25 1 1
github.com/panyam/slyds/core/scaffold.go:212.25,215.3 2 1
github.com/panyam/slyds/core/scaffold.go:218.2,231.16 8 1
github.com/panyam/slyds/core/scaffold.go:231.16,233.3 1 0
github.com/panyam/slyds/core/scaffold.go:234.2,250.62 6 1
github.com/panyam/slyds/core/scaffold.go:250.62,254.3 3 1
github.com/panyam/slyds/core/scaffold.go:255.2,258.12 3 1
github.com/panyam/slyds/core/scaffold.go:262.69,264.2 1 0
github.com/panyam/slyds/core/scaffold.go:267.30,269.40 2 1
github.com/panyam/slyds/core/scaffold.go:269.40,271.3 1 1
github.com/panyam/slyds/core/scaffold.go:272.2,272.21 1 1
github.com/panyam/slyds/core/scaffold.go:276.34,279.22 3 1
github.com/panyam/slyds/core/scaffold.go:279.22,280.55 1 1
github.com/panyam/slyds/core/scaffold.go:280.55,282.4 1 1
github.com/panyam/slyds/core/scaffold.go:282.9,284.4 1 1
github.com/panyam/slyds/core/scaffold.go:286.2,287.37 2 1
github.com/panyam/slyds/core/scaffold.go:287.37,289.3 1 1
github.com/panyam/slyds/core/scaffold.go:290.2,290.34 1 1
github.com/panyam/slyds/core/scaffold_fs.go:26.78,27.25 1 1
github.com/panyam/slyds/core/scaffold_fs.go:27.25,29.3 1 0
github.com/panyam/slyds/core/scaffold_fs.go:30.2,31.21 2 1
github.com/panyam/slyds/core/scaffold_fs.go:31.21,33.3 1 0
github.com/panyam/slyds/core/scaffold_fs.go:36.2,37.18 2 1
github.com/panyam/slyds/core/scaffold_fs.go:37.18,40.17 3 1
github.com/panyam/slyds/core/scaffold_fs.go:40.17,42.31 1 1
github.com/panyam/slyds/core/scaffold_fs.go:42.31,45.5 2 1
github.com/panyam/slyds/core/scaffold_fs.go:50.2,68.16 11 1
github.com/panyam/slyds/core/scaffold_fs.go:68.16,70.3 1 0
github.com/panyam/slyds/core/scaffold_fs.go:76.2,77.29 2 1
github.com/panyam/slyds/core/scaffold_fs.go:77.29,79.3 1 1
github.com/panyam/slyds/core/scaffold_fs.go:80.2,80.34 1 1
github.com/panyam/slyds/core/scaffold_fs.go:80.34,82.3 1 1
github.com/panyam/slyds/core/scaffold_fs.go:83.2,98.31 6 1
github.com/panyam/slyds/core/scaffold_fs.go:98.31,101.3 2 1
github.com/panyam/slyds/core/scaffold_fs.go:102.2,108.27 2 1
github.com/panyam/slyds/core/scaffold_fs.go:108.27,111.3 2 1
github.com/panyam/slyds/core/scaffold_fs.go:112.2,121.23 4 1
github.com/panyam/slyds/core/scaffold_fs.go:127.49,128.42 1 1
github.com/panyam/slyds/core/scaffold_fs.go:128.42,130.3 1 1
github.com/panyam/slyds/core/scaffold_fs.go:134.112,137.16 2 1
github.com/panyam/slyds/core/scaffold_fs.go:137.16,139.3 1 0
github.com/panyam/slyds/core/scaffold_fs.go:141.2,142.16 2 1
github.com/panyam/slyds/core/scaffold_fs.go:142.16,144.3 1 0
github.com/panyam/slyds/core/scaffold_fs.go:146.2,147.49 2 1
github.com/panyam/slyds/core/scaffold_fs.go:147.49,149.3 1 0
github.com/panyam/slyds/core/scaffold_fs.go:151.2,151.60 1 1
github.com/panyam/slyds/core/scaffold_fs.go:155.63,158.16 2 1
github.com/panyam/slyds/core/scaffold_fs.go:158.16,160.3 1 1
github.com/panyam/slyds/core/scaffold_fs.go:162.2,162.64 1 1
github.com/panyam/slyds/core/scaffold_fs.go:166.119,167.15 1 1
github.com/panyam/slyds/core/scaffold_fs.go:167.15,169.3 1 0
github.com/panyam/slyds/core/scaffold_fs.go:170.2,176.16 5 1
github.com/panyam/slyds/core/scaffold_fs.go:176.16,179.17 2 0
github.com/panyam/slyds/core/scaffold_fs.go:179.17,181.4 1 0
github.com/panyam/slyds/core/scaffold_fs.go:183.2,190.29 3 1
github.com/panyam/slyds/core/scaffold_fs.go:190.29,192.12 2 1
github.com/panyam/slyds/core/scaffold_fs.go:192.12,194.4 1 1
github.com/panyam/slyds/core/scaffold_fs.go:195.3,198.17 4 1
github.com/panyam/slyds/core/scaffold_fs.go:198.17,200.18 2 0
github.com/panyam/slyds/core/scaffold_fs.go:200.18,202.5 1 0
github.com/panyam/slyds/core/scaffold_fs.go:204.3,205.30 2 1
github.com/panyam/slyds/core/scaffold_fs.go:209.2,212.16 4 1
github.com/panyam/slyds/core/scaffold_fs.go:212.16,214.17 2 0
github.com/panyam/slyds/core/scaffold_fs.go:214.17,216.4 1 0
github.com/panyam/slyds/core/scaffold_fs.go:218.2,221.19 3 1
github.com/panyam/slyds/core/scaffold_fs.go:225.87,227.16 2 0
github.com/panyam/slyds/core/scaffold_fs.go:227.16,229.3 1 0
github.com/panyam/slyds/core/scaffold_fs.go:230.2,231.16 2 0
github.com/panyam/slyds/core/scaffold_fs.go:231.16,233.3 1 0
github.com/panyam/slyds/core/scaffold_fs.go:234.2,235.49 2 0
github.com/panyam/slyds/core/scaffold_fs.go:235.49,237.3 1 0
github.com/panyam/slyds/core/scaffold_fs.go:238.2,238.26 1 0
github.com/panyam/slyds/core/scaffold_fs.go:242.66,244.87 2 1
github.com/panyam/slyds/core/scaffold_fs.go:244.87,245.30 1 1
github.com/panyam/slyds/core/scaffold_fs.go:245.30,247.4 1 1
github.com/panyam/slyds/core/scaffold_fs.go:249.3,249.75 1 1
github.com/panyam/slyds/core/scaffold_fs.go:249.75,251.4 1 1
github.com/panyam/slyds/core/scaffold_fs.go:252.3,254.17 3 1
github.com/panyam/slyds/core/scaffold_fs.go:254.17,256.4 1 0
github.com/panyam/slyds/core/scaffold_fs.go:257.3,258.13 2 1
github.com/panyam/slyds/core/scaffold_fs.go:267.65,269.2 1 1
github.com/panyam/slyds/core/scaffold_fs.go:272.69,274.16 2 1
github.com/panyam/slyds/core/scaffold_fs.go:274.16,276.3 1 0
github.com/panyam/slyds/core/scaffold_fs.go:277.2,278.49 2 1
github.com/panyam/slyds/core/scaffold_fs.go:278.49,280.3 1 0
github.com/panyam/slyds/core/scaffold_fs.go:281.2,281.16 1 1
github.com/panyam/slyds/core/scaffold_fs.go:285.64,287.16 2 1
github.com/panyam/slyds/core/scaffold_fs.go:287.16,289.3 1 0
github.com/panyam/slyds/core/scaffold_fs.go:290.2,290.58 1 1
github.com/panyam/slyds/core/scaffold_skills_fs.go:15.51,17.16 2 1
github.com/panyam/slyds/core/scaffold_skills_fs.go:17.16,19.3 1 0
github.com/panyam/slyds/core/scaffold_skills_fs.go:20.2,20.32 1 1
github.com/panyam/slyds/core/scaffold_skills_fs.go:20.32,21.21 1 1
github.com/panyam/slyds/core/scaffold_skills_fs.go:21.21,22.12 1 0
github.com/panyam/slyds/core/scaffold_skills_fs.go:24.3,26.17 3 1
github.com/panyam/slyds/core/scaffold_skills_fs.go:26.17,27.12 1 0
github.com/panyam/slyds/core/scaffold_skills_fs.go:29.3,31.52 3 1
github.com/panyam/slyds/core/scaffold_skills_fs.go:33.2,33.12 1 1
github.com/panyam/slyds/core/slide_id.go:33.26,39.43 2 1
github.com/panyam/slyds/core/slide_id.go:39.43,40.80 1 0
github.com/panyam/slyds/core/slide_id.go:42.2,42.49 1 1
github.com/panyam/slyds/core/slide_id.go:51.49,52.6 1 1
github.com/panyam/slyds/core/slide_id.go:52.6,54.16 2 1
github.com/panyam/slyds/core/slide_id.go:54.16,57.4 2 1
github.com/panyam/slyds/core/slide_id.go:67.31,69.2 1 1
github.com/panyam/slyds/core/slide_ids.go:8.33,11.23 3 1
github.com/panyam/slyds/core/slide_ids.go:11.23,13.3 1 1
github.com/panyam/slyds/core/slide_ids.go:14.2,14.40 1 1
github.com/panyam/slyds/core/slide_ids.go:14.40,17.3 2 1
github.com/panyam/slyds/core/slide_ids.go:22.55,24.2 1 1
github.com/panyam/slyds/core/slide_ids.go:38.39,39.23 1 1
github.com/panyam/slyds/core/slide_ids.go:39.23,41.3 1 1
github.com/panyam/slyds/core/slide_ids.go:43.2,44.16 2 1
github.com/panyam/slyds/core/slide_ids.go:44.16,46.3 1 0
github.com/panyam/slyds/core/slide_ids.go:49.2,50.40 2 1
github.com/panyam/slyds/core/slide_ids.go:50.40,52.3 1 1
github.com/panyam/slyds/core/slide_ids.go:55.2,56.40 2 1
github.com/panyam/slyds/core/slide_ids.go:56.40,58.3 1 1
github.com/panyam/slyds/core/slide_ids.go:61.2,61.27 1 1
github.com/panyam/slyds/core/slide_ids.go:61.27,62.15 1 1
github.com/panyam/slyds/core/slide_ids.go:62.15,63.12 1 1
github.com/panyam/slyds/core/slide_ids.go:65.3,69.5 2 1
github.com/panyam/slyds/core/slide_ids.go:73.2,74.27 2 1
github.com/panyam/slyds/core/slide_ids.go:74.27,76.3 1 1
github.com/panyam/slyds/core/slide_ids.go:77.2,78.40 2 1
github.com/panyam/slyds/core/slide_ids.go:78.40,79.23 1 1
github.com/panyam/slyds/core/slide_ids.go:79.23,81.4 1 1
github.com/panyam/slyds/core/slide_ids.go:83.2,86.12 3 1
github.com/panyam/slyds/core/slide_ids.go:93.64,94.35 1 1
github.com/panyam/slyds/core/slide_ids.go:94.35,95.60 1 1
github.com/panyam/slyds/core/slide_ids.go:95.60,97.4 1 1
github.com/panyam/slyds/core/slide_ids.go:99.2,99.20 1 1
github.com/panyam/slyds/core/slide_ids.go:107.37,108.23 1 1
github.com/panyam/slyds/core/slide_ids.go:108.23,110.3 1 0
github.com/panyam/slyds/core/slide_ids.go:111.2,111.43 1 1
github.com/panyam/slyds/core/slide_ids.go:117.48,119.2 1 1
github.com/panyam/slyds/core/theme.go:24.44,26.16 2 1
github.com/panyam/slyds/core/theme.go:26.16,28.3 1 1
github.com/panyam/slyds/core/theme.go:30.2,31.51 2 1
github.com/panyam/slyds/core/theme.go:31.51,33.3 1 0
github.com/panyam/slyds/core/theme.go:35.2,35.43 1 1
github.com/panyam/slyds/core/theme.go:39.53,41.16 2 1
github.com/panyam/slyds/core/theme.go:41.16,43.3 1 0
github.com/panyam/slyds/core/theme.go:44.2,44.23 1 1
github.com/panyam/slyds/core/theme.go:49.84,51.9 2 1
github.com/panyam/slyds/core/theme.go:51.9,53.38 2 1
github.com/panyam/slyds/core/theme.go:53.38,55.4 1 1
github.com/panyam/slyds/core/theme.go:56.3,56.116 1 1
github.com/panyam/slyds/core/theme.go:59.2,60.16 2 1
github.com/panyam/slyds/core/theme.go:60.16,62.3 1 0
github.com/panyam/slyds/core/theme.go:64.2,65.16 2 1
github.com/panyam/slyds/core/theme.go:65.16,67.3 1 0
github.com/panyam/slyds/core/theme.go:69.2,70.49 2 1
github.com/panyam/slyds/core/theme.go:70.49,72.3 1 0
github.com/panyam/slyds/core/theme.go:73.2,73.26 1 1
github.com/panyam/slyds/core/theme.go:78.112,80.25 2 1
github.com/panyam/slyds/core/theme.go:80.25,82.3 1 1
github.com/panyam/slyds/core/theme.go:83.2,86.4 1 1
github.com/panyam/slyds/core/theme.go:90.39,92.37 2 1
github.com/panyam/slyds/core/theme.go:92.37,94.3 1 1
github.com/panyam/slyds/core/theme.go:95.2,95.14 1 1
github.com/panyam/slyds/core/themeconfig.go:19.58,22.16 3 1
github.com/panyam/slyds/core/themeconfig.go:22.16,24.3 1 1
github.com/panyam/slyds/core/themeconfig.go:26.2,27.51 2 1
github.com/panyam/slyds/core/themeconfig.go:27.51,29.3 1 0
github.com/panyam/slyds/core/themeconfig.go:30.2,30.18 1 1
github.com/panyam/slyds/core/themeconfig.go:36.73,38.9 2 1
github.com/panyam/slyds/core/themeconfig.go:38.9,40.31 2 1
github.com/panyam/slyds/core/themeconfig.go:40.31,42.4 1 1
github.com/panyam/slyds/core/themeconfig.go:43.3,43.109 1 1
github.com/panyam/slyds/core/themeconfig.go:45.2,45.18 1 1
github.com/panyam/slyds/cmd/build.go:17.54,19.20 2 0
github.com/panyam/slyds/cmd/build.go:19.20,21.4 1 0
github.com/panyam/slyds/cmd/build.go:22.3,23.17 2 0
github.com/panyam/slyds/cmd/build.go:23.17,25.4 1 0
github.com/panyam/slyds/cmd/build.go:27.3,28.17 2 0
github.com/panyam/slyds/cmd/build.go:28.17,30.4 1 0
github.com/panyam/slyds/cmd/build.go:32.3,32.16 1 0
github.com/panyam/slyds/cmd/build.go:32.16,34.18 2 0
github.com/panyam/slyds/cmd/build.go:34.18,36.5 1 0
github.com/panyam/slyds/cmd/build.go:37.4,38.14 2 0
github.com/panyam/slyds/cmd/build.go:42.3,43.86 2 0
github.com/panyam/slyds/cmd/build.go:43.86,45.4 1 0
github.com/panyam/slyds/cmd/build.go:47.3,48.31 2 0
github.com/panyam/slyds/cmd/build.go:48.31,50.38 2 0
github.com/panyam/slyds/cmd/build.go:50.38,52.5 1 0
github.com/panyam/slyds/cmd/build.go:54.3,55.13 2 0
github.com/panyam/slyds/cmd/build.go:59.13,62.2 2 1
github.com/panyam/slyds/cmd/check.go:23.54,25.20 2 0
github.com/panyam/slyds/cmd/check.go:25.20,27.4 1 0
github.com/panyam/slyds/cmd/check.go:28.3,29.17 2 0
github.com/panyam/slyds/cmd/check.go:29.17,31.4 1 0
github.com/panyam/slyds/cmd/check.go:33.3,34.17 2 0
github.com/panyam/slyds/cmd/check.go:34.17,36.4 1 0
github.com/panyam/slyds/cmd/check.go:38.3,38.16 1 0
github.com/panyam/slyds/cmd/check.go:38.16,40.18 2 0
github.com/panyam/slyds/cmd/check.go:40.18,42.5 1 0
github.com/panyam/slyds/cmd/check.go:43.4,44.33 2 0
github.com/panyam/slyds/cmd/check.go:44.33,46.5 1 0
github.com/panyam/slyds/cmd/check.go:47.4,47.14 1 0
github.com/panyam/slyds/cmd/check.go:51.3,52.20 2 0
github.com/panyam/slyds/cmd/check.go:52.20,54.4 1 0
github.com/panyam/slyds/cmd/check.go:54.9,56.4 1 0
github.com/panyam/slyds/cmd/check.go:58.3,58.48 1 0
github.com/panyam/slyds/cmd/check.go:58.48,60.4 1 0
github.com/panyam/slyds/cmd/check.go:61.3,61.50 1 0
github.com/panyam/slyds/cmd/check.go:61.50,63.4 1 0
github.com/panyam/slyds/cmd/check.go:65.3,65.34 1 0
github.com/panyam/slyds/cmd/check.go:65.34,67.4 1 0
github.com/panyam/slyds/cmd/check.go:69.3,69.32 1 0
github.com/panyam/slyds/cmd/check.go:69.32,71.4 1 0
github.com/panyam/slyds/cmd/check.go:72.3,72.13 1 0
github.com/panyam/slyds/cmd/check.go:76.13,79.2 2 1
github.com/panyam/slyds/cmd/describe.go:24.54,26.20 2 0
github.com/panyam/slyds/cmd/describe.go:26.20,28.4 1 0
github.com/panyam/slyds/cmd/describe.go:29.3,30.17 2 0
github.com/panyam/slyds/cmd/describe.go:30.17,32.4 1 0
github.com/panyam/slyds/cmd/describe.go:34.3,35.17 2 0
github.com/panyam/slyds/cmd/describe.go:35.17,37.4 1 0
github.com/panyam/slyds/cmd/describe.go:39.3,39.19 1 0
github.com/panyam/slyds/cmd/describe.go:39.19,41.18 2 0
github.com/panyam/slyds/cmd/describe.go:41.18,43.5 1 0
github.com/panyam/slyds/cmd/describe.go:44.4,45.14 2 0
github.com/panyam/slyds/cmd/describe.go:48.3,49.17 2 0
github.com/panyam/slyds/cmd/describe.go:49.17,51.4 1 0
github.com/panyam/slyds/cmd/describe.go:52.3,53.13 2 0
github.com/panyam/slyds/cmd/describe.go:57.13,60.2 2 1
github.com/panyam/slyds/cmd/init.go:23.54,25.18 2 0
github.com/panyam/slyds/cmd/init.go:25.18,27.4 1 0
github.com/panyam/slyds/cmd/init.go:28.3,28.25 1 0
github.com/panyam/slyds/cmd/init.go:28.25,30.4 1 0
github.com/panyam/slyds/cmd/init.go:32.3,33.19 2 0
github.com/panyam/slyds/cmd/init.go:33.19,35.4 1 0
github.com/panyam/slyds/cmd/init.go:37.3,44.17 2 0
github.com/panyam/slyds/cmd/init.go:44.17,46.4 1 0
github.com/panyam/slyds/cmd/init.go:47.3,53.13 7 0
github.com/panyam/slyds/cmd/init.go:57.13,65.2 7 1
github.com/panyam/slyds/cmd/install.go:23.54,25.17 2 0
github.com/panyam/slyds/cmd/install.go:25.17,27.4 1 0
github.com/panyam/slyds/cmd/install.go:29.3,30.38 2 0
github.com/panyam/slyds/cmd/install.go:30.38,32.4 1 0
github.com/panyam/slyds/cmd/install.go:33.3,33.17 1 0
github.com/panyam/slyds/cmd/install.go:33.17,35.4 1 0
github.com/panyam/slyds/cmd/install.go:38.3,42.30 3 0
github.com/panyam/slyds/cmd/install.go:42.30,44.4 1 0
github.com/panyam/slyds/cmd/install.go:46.3,47.20 2 0
github.com/panyam/slyds/cmd/install.go:47.20,48.39 1 0
github.com/panyam/slyds/cmd/install.go:48.39,50.5 1 0
github.com/panyam/slyds/cmd/install.go:50.10,52.5 1 0
github.com/panyam/slyds/cmd/install.go:54.3,57.83 2 0
github.com/panyam/slyds/cmd/install.go:57.83,59.4 1 0
github.com/panyam/slyds/cmd/install.go:62.3,63.75 2 0
github.com/panyam/slyds/cmd/install.go:63.75,65.4 1 0
github.com/panyam/slyds/cmd/install.go:67.3,68.13 2 0
github.com/panyam/slyds/cmd/install.go:73.56,74.49 1 0
github.com/panyam/slyds/cmd/install.go:74.49,76.3 1 0
github.com/panyam/slyds/cmd/install.go:77.2,77.16 1 0
github.com/panyam/slyds/cmd/install.go:82.42,84.20 2 0
github.com/panyam/slyds/cmd/install.go:84.20,86.3 1 0
github.com/panyam/slyds/cmd/install.go:87.2,87.12 1 0
github.com/panyam/slyds/cmd/install.go:90.13,92.2 1 1
github.com/panyam/slyds/cmd/introspect.go:66.54,68.20 2 0
github.com/panyam/slyds/cmd/introspect.go:68.20,70.4 1 0
github.com/panyam/slyds/cmd/introspect.go:71.3,72.17 2 0
github.com/panyam/slyds/cmd/introspect.go:72.17,74.4 1 0
github.com/panyam/slyds/cmd/introspect.go:75.3,77.25 3 0
github.com/panyam/slyds/cmd/introspect.go:82.71,93.16 3 1
github.com/panyam/slyds/cmd/introspect.go:93.16,95.3 1 0
github.com/panyam/slyds/cmd/introspect.go:96.2,97.29 2 1
github.com/panyam/slyds/cmd/introspect.go:97.29,99.3 1 1
github.com/panyam/slyds/cmd/introspect.go:100.2,101.29 2 1
github.com/panyam/slyds/cmd/introspect.go:101.29,109.3 2 1
github.com/panyam/slyds/cmd/introspect.go:111.2,112.16 2 1
github.com/panyam/slyds/cmd/introspect.go:112.16,114.3 1 1
github.com/panyam/slyds/cmd/introspect.go:115.2,118.38 4 1
github.com/panyam/slyds/cmd/introspect.go:118.38,125.3 1 1
github.com/panyam/slyds/cmd/introspect.go:125.8,125.64 1 0
github.com/panyam/slyds/cmd/introspect.go:125.64,127.3 1 0
github.com/panyam/slyds/cmd/introspect.go:128.2,133.17 2 1
github.com/panyam/slyds/cmd/introspect.go:136.47,154.2 1 1
github.com/panyam/slyds/cmd/introspect.go:156.13,158.2 1 1
github.com/panyam/slyds/cmd/mcp.go:33.54,35.3 1 0
github.com/panyam/slyds/cmd/mcp.go:48.13,57.2 8 1
github.com/panyam/slyds/cmd/mcp.go:59.27,65.16 2 0
github.com/panyam/slyds/cmd/mcp.go:65.16,67.3 1 0
github.com/panyam/slyds/cmd/mcp.go:68.2,79.20 8 0
github.com/panyam/slyds/cmd/mcp.go:79.20,81.3 1 0
github.com/panyam/slyds/cmd/mcp.go:83.2,98.17 5 0
github.com/panyam/slyds/cmd/mcp.go:98.17,100.21 2 0
github.com/panyam/slyds/cmd/mcp.go:100.21,102.4 1 0
github.com/panyam/slyds/cmd/mcp.go:103.3,106.27 4 0
github.com/panyam/slyds/cmd/mcp.go:109.2,110.24 2 0
github.com/panyam/slyds/cmd/mcp.go:110.24,112.3 1 0
github.com/panyam/slyds/cmd/mcp.go:113.2,113.30 1 0
github.com/panyam/slyds/cmd/mcp.go:113.30,115.3 1 0
github.com/panyam/slyds/cmd/mcp.go:117.2,118.15 2 0
github.com/panyam/slyds/cmd/mcp.go:118.15,125.3 2 0
github.com/panyam/slyds/cmd/mcp.go:125.8,132.3 2 0
github.com/panyam/slyds/cmd/mcp.go:136.2,139.29 4 0
github.com/panyam/slyds/cmd/mcp.go:139.29,141.3 1 0
github.com/panyam/slyds/cmd/mcp.go:142.2,145.20 3 0
github.com/panyam/slyds/cmd/mcp.go:145.20,147.3 1 0
github.com/panyam/slyds/cmd/mcp.go:148.2,156.40 4 0
github.com/panyam/slyds/cmd/mcp.go:161.47,162.21 1 1
github.com/panyam/slyds/cmd/mcp.go:162.21,164.3 1 1
github.com/panyam/slyds/cmd/mcp.go:165.2,165.37 1 1
github.com/panyam/slyds/cmd/mcp.go:172.47,173.21 1 1
github.com/panyam/slyds/cmd/mcp.go:173.21,175.3 1 1
github.com/panyam/slyds/cmd/mcp.go:176.2,176.52 1 1
github.com/panyam/slyds/cmd/mcp.go:176.52,178.3 1 1
github.com/panyam/slyds/cmd/mcp.go:179.2,179.12 1 1
github.com/panyam/slyds/cmd/mcp.go:184.37,185.21 1 1
github.com/panyam/slyds/cmd/mcp.go:185.21,187.3 1 1
github.com/panyam/slyds/cmd/mcp.go:188.2,188.50 1 1
github.com/panyam/slyds/cmd/mcp.go:201.45,204.2 2 1
github.com/panyam/slyds/cmd/mcp.go:208.119,226.71 4 0
github.com/panyam/slyds/cmd/mcp.go:226.71,227.111 1 0
github.com/panyam/slyds/cmd/mcp.go:227.111,231.4 3 0
github.com/panyam/slyds/cmd/mcp.go:232.3,232.29 1 0
github.com/panyam/slyds/cmd/mcp.go:237.53,242.12 4 0
github.com/panyam/slyds/cmd/mcp.go:242.12,244.3 1 0
github.com/panyam/slyds/cmd/mcp.go:246.2,246.9 1 0
github.com/panyam/slyds/cmd/mcp.go:247.22,248.13 1 0
github.com/panyam/slyds/cmd/mcp.go:249.20,250.21 1 0
github.com/panyam/slyds/cmd/mcp.go:255.44,258.17 3 0
github.com/panyam/slyds/cmd/mcp.go:258.17,270.3 1 0
github.com/panyam/slyds/cmd/mcp.go:270.8,279.3 1 0
github.com/panyam/slyds/cmd/mcp.go:280.2,280.25 1 0
github.com/panyam/slyds/cmd/mcp.go:284.43,286.21 2 0
github.com/panyam/slyds/cmd/mcp.go:286.21,288.3 1 0
github.com/panyam/slyds/cmd/mcp.go:289.2,290.17 2 0
github.com/panyam/slyds/cmd/mcp.go:290.17,292.3 1 0
github.com/panyam/slyds/cmd/mcp.go:293.2,303.25 3 0
github.com/panyam/slyds/cmd/mcp.go:312.80,314.2 1 0
github.com/panyam/slyds/cmd/mcp.go:316.94,318.2 1 0
github.com/panyam/slyds/cmd/mcp_apps.go:43.48,47.2 3 1
github.com/panyam/slyds/cmd/mcp_apps.go:53.62,55.2 1 1
github.com/panyam/slyds/cmd/mcp_apps.go:65.68,67.16 2 1
github.com/panyam/slyds/cmd/mcp_apps.go:67.16,69.3 1 0
github.com/panyam/slyds/cmd/mcp_apps.go:70.2,71.24 2 1
github.com/panyam/slyds/cmd/mcp_apps.go:71.24,73.3 1 0
github.com/panyam/slyds/cmd/mcp_apps.go:74.2,79.19 3 1
github.com/panyam/slyds/cmd/mcp_apps.go:85.91,87.16 2 1
github.com/panyam/slyds/cmd/mcp_apps.go:87.16,89.3 1 1
github.com/panyam/slyds/cmd/mcp_apps.go:90.2,91.16 2 1
github.com/panyam/slyds/cmd/mcp_apps.go:91.16,93.3 1 0
github.com/panyam/slyds/cmd/mcp_apps.go:94.2,95.18 2 1
github.com/panyam/slyds/cmd/mcp_apps.go:95.18,97.17 2 1
github.com/panyam/slyds/cmd/mcp_apps.go:97.17,99.4 1 0
github.com/panyam/slyds/cmd/mcp_apps.go:101.2,101.41 1 1
github.com/panyam/slyds/cmd/mcp_apps.go:107.78,108.20 1 1
github.com/panyam/slyds/cmd/mcp_apps.go:108.20,110.3 1 1
github.com/panyam/slyds/cmd/mcp_apps.go:111.2,111.54 1 1
github.com/panyam/slyds/cmd/mcp_apps.go:137.43,152.99 1 1
github.com/panyam/slyds/cmd/mcp_apps.go:152.99,157.39 2 1
github.com/panyam/slyds/cmd/mcp_apps.go:157.39,159.5 1 0
github.com/panyam/slyds/cmd/mcp_apps.go:160.4,161.24 2 1
github.com/panyam/slyds/cmd/mcp_apps.go:161.24,163.5 1 0
github.com/panyam/slyds/cmd/mcp_apps.go:167.4,173.18 4 1
github.com/panyam/slyds/cmd/mcp_apps.go:173.18,175.5 1 0
github.com/panyam/slyds/cmd/mcp_apps.go:178.4,178.37 1 1
github.com/panyam/slyds/cmd/mcp_apps.go:178.37,180.5 1 1
github.com/panyam/slyds/cmd/mcp_apps.go:182.4,185.32 3 1
github.com/panyam/slyds/cmd/mcp_apps.go:185.32,187.5 1 0
github.com/panyam/slyds/cmd/mcp_apps.go:188.4,188.43 1 1
github.com/panyam/slyds/cmd/mcp_apps.go:190.115,192.18 2 1
github.com/panyam/slyds/cmd/mcp_apps.go:192.18,194.5 1 1
github.com/panyam/slyds/cmd/mcp_apps.go:195.4,201.10 1 1
github.com/panyam/slyds/cmd/mcp_apps.go:210.2,223.99 1 1
github.com/panyam/slyds/cmd/mcp_apps.go:223.99,228.39 2 1
github.com/panyam/slyds/cmd/mcp_apps.go:228.39,230.5 1 0
github.com/panyam/slyds/cmd/mcp_apps.go:231.4,232.24 2 1
github.com/panyam/slyds/cmd/mcp_apps.go:232.24,234.5 1 0
github.com/panyam/slyds/cmd/mcp_apps.go:235.4,236.18 2 1
github.com/panyam/slyds/cmd/mcp_apps.go:236.18,238.5 1 0
github.com/panyam/slyds/cmd/mcp_apps.go:239.4,239.54 1 1
github.com/panyam/slyds/cmd/mcp_apps.go:239.54,243.5 1 1
github.com/panyam/slyds/cmd/mcp_apps.go:246.4,252.18 4 1
github.com/panyam/slyds/cmd/mcp_apps.go:252.18,254.5 1 0
github.com/panyam/slyds/cmd/mcp_apps.go:255.4,256.18 2 1
github.com/panyam/slyds/cmd/mcp_apps.go:256.18,258.5 1 0
github.com/panyam/slyds/cmd/mcp_apps.go:259.4,262.65 3 1
github.com/panyam/slyds/cmd/mcp_apps.go:262.65,264.5 1 1
github.com/panyam/slyds/cmd/mcp_apps.go:265.4,267.32 2 1
github.com/panyam/slyds/cmd/mcp_apps.go:267.32,269.5 1 0
github.com/panyam/slyds/cmd/mcp_apps.go:270.4,270.43 1 1
github.com/panyam/slyds/cmd/mcp_apps.go:272.115,274.18 2 1
github.com/panyam/slyds/cmd/mcp_apps.go:274.18,276.5 1 0
github.com/panyam/slyds/cmd/mcp_apps.go:277.4,283.10 1 1
github.com/panyam/slyds/cmd/mcp_apps.go:292.2,300.117 1 1
github.com/panyam/slyds/cmd/mcp_apps.go:300.117,302.19 2 1
github.com/panyam/slyds/cmd/mcp_apps.go:302.19,304.6 1 1
github.com/panyam/slyds/cmd/mcp_apps.go:305.5,311.11 1 1
github.com/panyam/slyds/cmd/mcp_apps.go:321.117,323.45 2 1
github.com/panyam/slyds/cmd/mcp_apps.go:323.45,325.20 2 1
github.com/panyam/slyds/cmd/mcp_apps.go:325.20,327.7 1 0
github.com/panyam/slyds/cmd/mcp_apps.go:328.6,328.18 1 1
github.com/panyam/slyds/cmd/mcp_apps.go:330.5,331.19 2 1
github.com/panyam/slyds/cmd/mcp_apps.go:331.19,333.6 1 0
github.com/panyam/slyds/cmd/mcp_apps.go:334.5,340.11 1 1
github.com/panyam/slyds/cmd/mcp_resources.go:18.44,28.108 1 1
github.com/panyam/slyds/cmd/mcp_resources.go:28.108,35.43 3 1
github.com/panyam/slyds/cmd/mcp_resources.go:35.43,37.6 1 1
github.com/panyam/slyds/cmd/mcp_resources.go:38.5,47.11 4 1
github.com/panyam/slyds/cmd/mcp_resources.go:59.117,61.18 2 1
github.com/panyam/slyds/cmd/mcp_resources.go:61.18,63.6 1 0
github.com/panyam/slyds/cmd/mcp_resources.go:64.5,65.19 2 1
github.com/panyam/slyds/cmd/mcp_resources.go:65.19,67.6 1 0
github.com/panyam/slyds/cmd/mcp_resources.go:68.5,69.30 2 1
github.com/panyam/slyds/cmd/mcp_resources.go:69.30,71.20 2 1
github.com/panyam/slyds/cmd/mcp_resources.go:71.20,72.15 1 0
github.com/panyam/slyds/cmd/mcp_resources.go:74.6,80.8 2 1
github.com/panyam/slyds/cmd/mcp_resources.go:82.5,89.11 2 1
github.com/panyam/slyds/cmd/mcp_resources.go:101.117,103.19 2 1
github.com/panyam/slyds/cmd/mcp_resources.go:103.19,105.6 1 0
github.com/panyam/slyds/cmd/mcp_resources.go:106.5,107.19 2 1
github.com/panyam/slyds/cmd/mcp_resources.go:107.19,109.6 1 0
github.com/panyam/slyds/cmd/mcp_resources.go:110.5,117.11 2 1
github.com/panyam/slyds/cmd/mcp_resources.go:129.117,131.19 2 0
github.com/panyam/slyds/cmd/mcp_resources.go:131.19,133.6 1 0
github.com/panyam/slyds/cmd/mcp_resources.go:134.5,135.19 2 0
github.com/panyam/slyds/cmd/mcp_resources.go:135.19,137.6 1 0
github.com/panyam/slyds/cmd/mcp_resources.go:138.5,145.11 2 0
github.com/panyam/slyds/cmd/mcp_resources.go:157.117,159.19 2 1
github.com/panyam/slyds/cmd/mcp_resources.go:159.19,161.6 1 0
github.com/panyam/slyds/cmd/mcp_resources.go:162.5,163.19 2 1
github.com/panyam/slyds/cmd/mcp_resources.go:163.19,165.6 1 0
github.com/panyam/slyds/cmd/mcp_resources.go:166.5,167.19 2 1
github.com/panyam/slyds/cmd/mcp_resources.go:167.19,169.6 1 0
github.com/panyam/slyds/cmd/mcp_resources.go:170.5,176.11 1 1
github.com/panyam/slyds/cmd/mcp_resources.go:188.117,190.19 2 0
github.com/panyam/slyds/cmd/mcp_resources.go:190.19,192.6 1 0
github.com/panyam/slyds/cmd/mcp_resources.go:193.5,194.19 2 0
github.com/panyam/slyds/cmd/mcp_resources.go:194.19,196.6 1 0
github.com/panyam/slyds/cmd/mcp_resources.go:197.5,203.11 1 0
github.com/panyam/slyds/cmd/mcp_resources.go:215.117,217.19 2 0
github.com/panyam/slyds/cmd/mcp_resources.go:217.19,219.6 1 0
github.com/panyam/slyds/cmd/mcp_resources.go:220.5,221.19 2 0
github.com/panyam/slyds/cmd/mcp_resources.go:221.19,223.6 1 0
github.com/panyam/slyds/cmd/mcp_resources.go:224.5,230.11 1 0
github.com/panyam/slyds/cmd/mcp_resources.go:239.80,241.15 2 1
github.com/panyam/slyds/cmd/mcp_resources.go:241.15,243.3 1 0
github.com/panyam/slyds/cmd/mcp_resources.go:244.2,245.16 2 1
github.com/panyam/slyds/cmd/mcp_resources.go:245.16,247.3 1 1
github.com/panyam/slyds/cmd/mcp_resources.go:248.2,248.15 1 1
github.com/panyam/slyds/cmd/mcp_tools.go:18.40,32.2 1 1
github.com/panyam/slyds/cmd/mcp_tools.go:53.34,63.95 1 1
github.com/panyam/slyds/cmd/mcp_tools.go:63.95,65.24 2 1
github.com/panyam/slyds/cmd/mcp_tools.go:65.24,67.5 1 1
github.com/panyam/slyds/cmd/mcp_tools.go:68.4,69.18 2 1
github.com/panyam/slyds/cmd/mcp_tools.go:69.18,71.5 1 0
github.com/panyam/slyds/cmd/mcp_tools.go:72.4,73.29 2 1
github.com/panyam/slyds/cmd/mcp_tools.go:73.29,75.19 2 1
github.com/panyam/slyds/cmd/mcp_tools.go:75.19,76.14 1 0
github.com/panyam/slyds/cmd/mcp_tools.go:78.5,84.7 2 1
github.com/panyam/slyds/cmd/mcp_tools.go:86.4,86.28 1 1
github.com/panyam/slyds/cmd/mcp_tools.go:91.35,107.95 1 1
github.com/panyam/slyds/cmd/mcp_tools.go:107.95,109.24 2 1
github.com/panyam/slyds/cmd/mcp_tools.go:109.24,111.5 1 1
github.com/panyam/slyds/cmd/mcp_tools.go:112.4,118.39 2 1
github.com/panyam/slyds/cmd/mcp_tools.go:118.39,120.5 1 0
github.com/panyam/slyds/cmd/mcp_tools.go:121.4,121.21 1 1
github.com/panyam/slyds/cmd/mcp_tools.go:121.21,123.5 1 0
github.com/panyam/slyds/cmd/mcp_tools.go:124.4,124.20 1 1
github.com/panyam/slyds/cmd/mcp_tools.go:124.20,126.5 1 0
github.com/panyam/slyds/cmd/mcp_tools.go:127.4,128.18 2 1
github.com/panyam/slyds/cmd/mcp_tools.go:128.18,130.5 1 0
github.com/panyam/slyds/cmd/mcp_tools.go:131.4,134.18 4 1
github.com/panyam/slyds/cmd/mcp_tools.go:134.18,136.5 1 0
github.com/panyam/slyds/cmd/mcp_tools.go:137.4,137.27 1 1
github.com/panyam/slyds/cmd/mcp_tools.go:142.37,149.95 1 1
github.com/panyam/slyds/cmd/mcp_tools.go:149.95,151.18 2 1
github.com/panyam/slyds/cmd/mcp_tools.go:151.18,153.5 1 0
github.com/panyam/slyds/cmd/mcp_tools.go:154.4,155.24 2 1
github.com/panyam/slyds/cmd/mcp_tools.go:155.24,157.5 1 1
github.com/panyam/slyds/cmd/mcp_tools.go:158.4,159.18 2 1
github.com/panyam/slyds/cmd/mcp_tools.go:159.18,161.5 1 0
github.com/panyam/slyds/cmd/mcp_tools.go:162.4,162.27 1 1
github.com/panyam/slyds/cmd/mcp_tools.go:167.35,174.95 1 1
github.com/panyam/slyds/cmd/mcp_tools.go:174.95,176.18 2 1
github.com/panyam/slyds/cmd/mcp_tools.go:176.18,178.5 1 0
github.com/panyam/slyds/cmd/mcp_tools.go:179.4,180.24 2 1
github.com/panyam/slyds/cmd/mcp_tools.go:180.24,182.5 1 1
github.com/panyam/slyds/cmd/mcp_tools.go:183.4,184.18 2 1
github.com/panyam/slyds/cmd/mcp_tools.go:184.18,186.5 1 0
github.com/panyam/slyds/cmd/mcp_tools.go:187.4,187.34 1 1
github.com/panyam/slyds/cmd/mcp_tools.go:192.34,207.95 1 1
github.com/panyam/slyds/cmd/mcp_tools.go:207.95,213.39 2 1
github.com/panyam/slyds/cmd/mcp_tools.go:213.39,215.5 1 0
github.com/panyam/slyds/cmd/mcp_tools.go:216.4,217.24 2 1
github.com/panyam/slyds/cmd/mcp_tools.go:217.24,219.5 1 1
github.com/panyam/slyds/cmd/mcp_tools.go:220.4,221.18 2 1
github.com/panyam/slyds/cmd/mcp_tools.go:221.18,223.5 1 0
github.com/panyam/slyds/cmd/mcp_tools.go:224.4,225.18 2 1
github.com/panyam/slyds/cmd/mcp_tools.go:225.18,227.5 1 0
github.com/panyam/slyds/cmd/mcp_tools.go:228.4,228.43 1 1
github.com/panyam/slyds/cmd/mcp_tools.go:233.34,249.95 1 1
github.com/panyam/slyds/cmd/mcp_tools.go:249.95,256.39 2 1
github.com/panyam/slyds/cmd/mcp_tools.go:256.39,258.5 1 0
github.com/panyam/slyds/cmd/mcp_tools.go:259.4,260.24 2 1
github.com/panyam/slyds/cmd/mcp_tools.go:260.24,262.5 1 1
github.com/panyam/slyds/cmd/mcp_tools.go:263.4,264.18 2 1
github.com/panyam/slyds/cmd/mcp_tools.go:264.18,266.5 1 1
github.com/panyam/slyds/cmd/mcp_tools.go:267.4,267.61 1 1
github.com/panyam/slyds/cmd/mcp_tools.go:267.61,269.5 1 0
github.com/panyam/slyds/cmd/mcp_tools.go:270.4,272.73 3 1
github.com/panyam/slyds/cmd/mcp_tools.go:283.82,284.17 1 1
github.com/panyam/slyds/cmd/mcp_tools.go:284.17,286.17 2 1
github.com/panyam/slyds/cmd/mcp_tools.go:286.17,288.4 1 0
github.com/panyam/slyds/cmd/mcp_tools.go:289.3,290.17 2 1
github.com/panyam/slyds/cmd/mcp_tools.go:290.17,292.4 1 0
github.com/panyam/slyds/cmd/mcp_tools.go:293.3,293.28 1 1
github.com/panyam/slyds/cmd/mcp_tools.go:293.28,294.21 1 1
github.com/panyam/slyds/cmd/mcp_tools.go:294.21,296.5 1 1
github.com/panyam/slyds/cmd/mcp_tools.go:298.3,298.93 1 0
github.com/panyam/slyds/cmd/mcp_tools.go:300.2,300.19 1 1
github.com/panyam/slyds/cmd/mcp_tools.go:300.19,302.3 1 1
github.com/panyam/slyds/cmd/mcp_tools.go:303.2,303.66 1 1
github.com/panyam/slyds/cmd/mcp_tools.go:306.35,330.95 1 1
github.com/panyam/slyds/cmd/mcp_tools.go:330.95,345.39 2 1
github.com/panyam/slyds/cmd/mcp_tools.go:345.39,347.5 1 0
github.com/panyam/slyds/cmd/mcp_tools.go:348.4,349.24 2 1
github.com/panyam/slyds/cmd/mcp_tools.go:349.24,351.5 1 1
github.com/panyam/slyds/cmd/mcp_tools.go:352.4,364.18 3 1
github.com/panyam/slyds/cmd/mcp_tools.go:364.18,366.5 1 0
github.com/panyam/slyds/cmd/mcp_tools.go:367.4,367.30 1 1
github.com/panyam/slyds/cmd/mcp_tools.go:372.33,389.95 1 1
github.com/panyam/slyds/cmd/mcp_tools.go:389.95,397.39 2 1
github.com/panyam/slyds/cmd/mcp_tools.go:397.39,399.5 1 0
github.com/panyam/slyds/cmd/mcp_tools.go:400.4,400.22 1 1
github.com/panyam/slyds/cmd/mcp_tools.go:400.22,402.5 1 1
github.com/panyam/slyds/cmd/mcp_tools.go:403.4,404.24 2 1
github.com/panyam/slyds/cmd/mcp_tools.go:404.24,406.5 1 1
github.com/panyam/slyds/cmd/mcp_tools.go:407.4,408.18 2 1
github.com/panyam/slyds/cmd/mcp_tools.go:408.18,410.5 1 0
github.com/panyam/slyds/cmd/mcp_tools.go:411.4,413.27 3 1
github.com/panyam/slyds/cmd/mcp_tools.go:413.27,418.5 1 1
github.com/panyam/slyds/cmd/mcp_tools.go:419.4,422.11 1 1
github.com/panyam/slyds/cmd/mcp_tools.go:427.36,441.95 1 1
github.com/panyam/slyds/cmd/mcp_tools.go:441.95,446.39 2 1
github.com/panyam/slyds/cmd/mcp_tools.go:446.39,448.5 1 0
github.com/panyam/slyds/cmd/mcp_tools.go:449.4,450.24 2 1
github.com/panyam/slyds/cmd/mcp_tools.go:450.24,452.5 1 1
github.com/panyam/slyds/cmd/mcp_tools.go:454.4,455.18 2 1
github.com/panyam/slyds/cmd/mcp_tools.go:455.18,457.5 1 0
github.com/panyam/slyds/cmd/mcp_tools.go:458.4,458.50 1 1
github.com/panyam/slyds/cmd/mcp_tools.go:458.50,460.5 1 0
github.com/panyam/slyds/cmd/mcp_tools.go:461.4,463.78 3 1
github.com/panyam/slyds/cmd/mcp_tools.go:468.34,476.95 1 1
github.com/panyam/slyds/cmd/mcp_tools.go:476.95,478.18 2 1
github.com/panyam/slyds/cmd/mcp_tools.go:478.18,480.5 1 0
github.com/panyam/slyds/cmd/mcp_tools.go:481.4,482.24 2 1
github.com/panyam/slyds/cmd/mcp_tools.go:482.24,484.5 1 1
github.com/panyam/slyds/cmd/mcp_tools.go:485.4,489.18 3 1
github.com/panyam/slyds/cmd/mcp_tools.go:489.18,491.5 1 0
github.com/panyam/slyds/cmd/mcp_tools.go:492.4,492.29 1 1
github.com/panyam/slyds/cmd/mcp_tools.go:497.34,505.95 1 1
github.com/panyam/slyds/cmd/mcp_tools.go:505.95,507.18 2 1
github.com/panyam/slyds/cmd/mcp_tools.go:507.18,509.5 1 0
github.com/panyam/slyds/cmd/mcp_tools.go:510.4,511.24 2 1
github.com/panyam/slyds/cmd/mcp_tools.go:511.24,513.5 1 1
github.com/panyam/slyds/cmd/mcp_tools.go:514.4,518.18 3 1
github.com/panyam/slyds/cmd/mcp_tools.go:518.18,520.5 1 0
github.com/panyam/slyds/cmd/mcp_tools.go:522.4,522.32 1 1
github.com/panyam/slyds/cmd/mcp_tools.go:522.32,527.5 1 0
github.com/panyam/slyds/cmd/mcp_tools.go:528.4,528.47 1 1
github.com/panyam/slyds/cmd/mcp_tools.go:536.38,544.2 1 1
github.com/panyam/slyds/cmd/mcp_tools.go:550.64,552.37 2 1
github.com/panyam/slyds/cmd/mcp_tools.go:552.37,554.3 1 0
github.com/panyam/slyds/cmd/mcp_tools.go:555.2,555.18 1 1
github.com/panyam/slyds/cmd/mcp_tools.go:555.18,557.3 1 0
github.com/panyam/slyds/cmd/mcp_tools.go:558.2,558.15 1 1
github.com/panyam/slyds/cmd/mcp_tools.go:564.52,566.16 2 1
github.com/panyam/slyds/cmd/mcp_tools.go:566.16,568.3 1 0
github.com/panyam/slyds/cmd/mcp_tools.go:569.2,569.55 1 1
github.com/panyam/slyds/cmd/mcp_tools.go:572.45,574.2 1 1
github.com/panyam/slyds/cmd/mcp_tools.go:576.42,578.2 1 1
github.com/panyam/slyds/cmd/mcp_tools.go:580.43,582.2 1 1
github.com/panyam/slyds/cmd/preview.go:33.54,35.17 2 0
github.com/panyam/slyds/cmd/preview.go:35.17,37.4 1 0
github.com/panyam/slyds/cmd/preview.go:40.3,41.17 2 0
github.com/panyam/slyds/cmd/preview.go:41.17,43.4 1 0
github.com/panyam/slyds/cmd/preview.go:44.3,48.17 3 0
github.com/panyam/slyds/cmd/preview.go:48.17,50.4 1 0
github.com/panyam/slyds/cmd/preview.go:53.3,57.72 3 0
github.com/panyam/slyds/cmd/preview.go:57.72,59.4 1 0
github.com/panyam/slyds/cmd/preview.go:62.3,63.17 2 0
github.com/panyam/slyds/cmd/preview.go:63.17,65.4 1 0
github.com/panyam/slyds/cmd/preview.go:66.3,70.40 3 0
github.com/panyam/slyds/cmd/preview.go:70.40,71.31 1 0
github.com/panyam/slyds/cmd/preview.go:71.31,72.13 1 0
github.com/panyam/slyds/cmd/preview.go:74.4,75.18 2 0
github.com/panyam/slyds/cmd/preview.go:75.18,77.13 2 0
github.com/panyam/slyds/cmd/preview.go:79.4,80.66 2 0
github.com/panyam/slyds/cmd/preview.go:80.66,82.5 1 0
github.com/panyam/slyds/cmd/preview.go:83.4,83.14 1 0
github.com/panyam/slyds/cmd/preview.go:85.3,94.68 6 0
github.com/panyam/slyds/cmd/preview.go:94.68,96.19 2 0
github.com/panyam/slyds/cmd/preview.go:96.19,98.5 1 0
github.com/panyam/slyds/cmd/preview.go:99.4,99.37 1 0
github.com/panyam/slyds/cmd/preview.go:99.37,102.19 3 0
github.com/panyam/slyds/cmd/preview.go:102.19,105.6 2 0
github.com/panyam/slyds/cmd/preview.go:106.5,107.96 2 0
github.com/panyam/slyds/cmd/preview.go:107.96,110.6 2 0
github.com/panyam/slyds/cmd/preview.go:111.5,111.11 1 0
github.com/panyam/slyds/cmd/preview.go:113.4,113.30 1 0
github.com/panyam/slyds/cmd/preview.go:116.3,127.54 7 0
github.com/panyam/slyds/cmd/preview.go:127.54,127.85 1 0
github.com/panyam/slyds/cmd/preview.go:130.3,130.13 1 0
github.com/panyam/slyds/cmd/preview.go:130.13,134.4 3 0
github.com/panyam/slyds/cmd/preview.go:136.3,137.34 2 0
github.com/panyam/slyds/cmd/preview.go:137.34,139.4 1 0
github.com/panyam/slyds/cmd/preview.go:140.3,140.13 1 0
github.com/panyam/slyds/cmd/preview.go:144.13,147.2 2 1
github.com/panyam/slyds/cmd/query.go:51.54,52.27 1 0
github.com/panyam/slyds/cmd/query.go:52.27,54.4 1 0
github.com/panyam/slyds/cmd/query.go:56.3,56.20 1 0
github.com/panyam/slyds/cmd/query.go:56.20,58.4 1 0
github.com/panyam/slyds/cmd/query.go:60.3,63.20 4 0
github.com/panyam/slyds/cmd/query.go:63.20,65.4 1 0
github.com/panyam/slyds/cmd/query.go:67.3,68.17 2 0
github.com/panyam/slyds/cmd/query.go:68.17,70.4 1 0
github.com/panyam/slyds/cmd/query.go:72.3,79.33 2 0
github.com/panyam/slyds/cmd/query.go:79.33,81.4 1 0
github.com/panyam/slyds/cmd/query.go:82.3,82.38 1 0
github.com/panyam/slyds/cmd/query.go:82.38,84.4 1 0
github.com/panyam/slyds/cmd/query.go:85.3,85.36 1 0
github.com/panyam/slyds/cmd/query.go:85.36,87.4 1 0
github.com/panyam/slyds/cmd/query.go:88.3,88.38 1 0
github.com/panyam/slyds/cmd/query.go:88.38,90.4 1 0
github.com/panyam/slyds/cmd/query.go:92.3,93.17 2 0
github.com/panyam/slyds/cmd/query.go:93.17,95.4 1 0
github.com/panyam/slyds/cmd/query.go:96.3,96.28 1 0
github.com/panyam/slyds/cmd/query.go:96.28,98.4 1 0
github.com/panyam/slyds/cmd/query.go:99.3,99.13 1 0
github.com/panyam/slyds/cmd/query.go:103.39,105.20 2 0
github.com/panyam/slyds/cmd/query.go:105.20,107.3 1 0
github.com/panyam/slyds/cmd/query.go:107.8,107.26 1 0
github.com/panyam/slyds/cmd/query.go:107.26,109.3 1 0
github.com/panyam/slyds/cmd/query.go:111.2,112.16 2 0
github.com/panyam/slyds/cmd/query.go:112.16,114.3 1 0
github.com/panyam/slyds/cmd/query.go:116.2,117.27 2 0
github.com/panyam/slyds/cmd/query.go:117.27,119.3 1 0
github.com/panyam/slyds/cmd/query.go:119.8,121.17 2 0
github.com/panyam/slyds/cmd/query.go:121.17,123.4 1 0
github.com/panyam/slyds/cmd/query.go:124.3,125.8 2 0
github.com/panyam/slyds/cmd/query.go:128.2,129.16 2 0
github.com/panyam/slyds/cmd/query.go:129.16,131.3 1 0
github.com/panyam/slyds/cmd/query.go:133.2,134.53 2 0
github.com/panyam/slyds/cmd/query.go:134.53,136.3 1 0
github.com/panyam/slyds/cmd/query.go:138.2,138.77 1 0
github.com/panyam/slyds/cmd/query.go:141.13,155.2 13 1
github.com/panyam/slyds/cmd/root.go:16.47,18.3 1 0
github.com/panyam/slyds/cmd/root.go:24.47,26.3 1 0
github.com/panyam/slyds/cmd/root.go:29.16,30.42 1 0
github.com/panyam/slyds/cmd/root.go:30.42,33.3 2 0
github.com/panyam/slyds/cmd/root.go:36.13,39.2 2 1
github.com/panyam/slyds/cmd/serve.go:22.54,24.20 2 0
github.com/panyam/slyds/cmd/serve.go:24.20,26.4 1 0
github.com/panyam/slyds/cmd/serve.go:27.3,28.17 2 0
github.com/panyam/slyds/cmd/serve.go:28.17,30.4 1 0
github.com/panyam/slyds/cmd/serve.go:34.3,42.68 5 0
github.com/panyam/slyds/cmd/serve.go:42.68,44.19 2 0
github.com/panyam/slyds/cmd/serve.go:44.19,46.5 1 0
github.com/panyam/slyds/cmd/serve.go:49.4,49.37 1 0
github.com/panyam/slyds/cmd/serve.go:49.37,52.19 3 0
github.com/panyam/slyds/cmd/serve.go:52.19,56.6 3 0
github.com/panyam/slyds/cmd/serve.go:57.5,58.96 2 0
github.com/panyam/slyds/cmd/serve.go:58.96,61.6 2 0
github.com/panyam/slyds/cmd/serve.go:62.5,62.11 1 0
github.com/panyam/slyds/cmd/serve.go:66.4,66.30 1 0
github.com/panyam/slyds/cmd/serve.go:69.3,76.54 4 0
github.com/panyam/slyds/cmd/serve.go:76.54,76.85 1 0
github.com/panyam/slyds/cmd/serve.go:78.3,78.33 1 0
github.com/panyam/slyds/cmd/serve.go:82.13,85.2 2 1
github.com/panyam/slyds/cmd/slides.go:33.54,36.17 3 0
github.com/panyam/slyds/cmd/slides.go:36.17,38.4 1 0
github.com/panyam/slyds/cmd/slides.go:40.3,41.17 2 0
github.com/panyam/slyds/cmd/slides.go:41.17,43.4 1 0
github.com/panyam/slyds/cmd/slides.go:46.3,47.21 2 0
github.com/panyam/slyds/cmd/slides.go:47.21,48.34 1 0
github.com/panyam/slyds/cmd/slides.go:48.34,50.5 1 0
github.com/panyam/slyds/cmd/slides.go:51.4,51.29 1 0
github.com/panyam/slyds/cmd/slides.go:54.3,56.17 3 0
github.com/panyam/slyds/cmd/slides.go:56.17,58.4 1 0
github.com/panyam/slyds/cmd/slides.go:59.3,59.24 1 0
github.com/panyam/slyds/cmd/slides.go:59.24,61.4 1 0
github.com/panyam/slyds/cmd/slides.go:63.3,63.25 1 0
github.com/panyam/slyds/cmd/slides.go:63.25,65.18 2 0
github.com/panyam/slyds/cmd/slides.go:65.18,67.5 1 0
github.com/panyam/slyds/cmd/slides.go:68.4,68.56 1 0
github.com/panyam/slyds/cmd/slides.go:68.56,70.5 1 0
github.com/panyam/slyds/cmd/slides.go:73.3,75.13 3 0
github.com/panyam/slyds/cmd/slides.go:83.54,85.17 2 0
github.com/panyam/slyds/cmd/slides.go:85.17,87.4 1 0
github.com/panyam/slyds/cmd/slides.go:89.3,91.17 3 0
github.com/panyam/slyds/cmd/slides.go:91.17,93.4 1 0
github.com/panyam/slyds/cmd/slides.go:95.3,96.51 2 0
github.com/panyam/slyds/cmd/slides.go:96.51,97.38 1 0
github.com/panyam/slyds/cmd/slides.go:97.38,99.5 1 0
github.com/panyam/slyds/cmd/slides.go:100.4,100.31 1 0
github.com/panyam/slyds/cmd/slides.go:101.9,102.31 1 0
github.com/panyam/slyds/cmd/slides.go:102.31,103.36 1 0
github.com/panyam/slyds/cmd/slides.go:103.36,105.11 2 0
github.com/panyam/slyds/cmd/slides.go:110.3,110.22 1 0
github.com/panyam/slyds/cmd/slides.go:110.22,112.4 1 0
github.com/panyam/slyds/cmd/slides.go:114.3,114.50 1 0
github.com/panyam/slyds/cmd/slides.go:114.50,116.4 1 0
github.com/panyam/slyds/cmd/slides.go:118.3,119.13 2 0
github.com/panyam/slyds/cmd/slides.go:127.54,129.17 2 0
github.com/panyam/slyds/cmd/slides.go:129.17,131.4 1 0
github.com/panyam/slyds/cmd/slides.go:133.3,134.17 2 0
github.com/panyam/slyds/cmd/slides.go:134.17,136.4 1 0
github.com/panyam/slyds/cmd/slides.go:137.3,138.17 2 0
github.com/panyam/slyds/cmd/slides.go:138.17,140.4 1 0
github.com/panyam/slyds/cmd/slides.go:142.3,142.31 1 0
github.com/panyam/slyds/cmd/slides.go:159.54,161.20 2 0
github.com/panyam/slyds/cmd/slides.go:161.20,163.4 1 0
github.com/panyam/slyds/cmd/slides.go:164.3,165.17 2 0
github.com/panyam/slyds/cmd/slides.go:165.17,167.4 1 0
github.com/panyam/slyds/cmd/slides.go:169.3,170.17 2 0
github.com/panyam/slyds/cmd/slides.go:170.17,172.4 1 0
github.com/panyam/slyds/cmd/slides.go:173.3,173.23 1 0
github.com/panyam/slyds/cmd/slides.go:173.23,174.14 1 0
github.com/panyam/slyds/cmd/slides.go:174.14,176.5 1 0
github.com/panyam/slyds/cmd/slides.go:176.10,178.5 1 0
github.com/panyam/slyds/cmd/slides.go:179.4,179.14 1 0
github.com/panyam/slyds/cmd/slides.go:182.3,182.13 1 0
github.com/panyam/slyds/cmd/slides.go:182.13,184.29 2 0
github.com/panyam/slyds/cmd/slides.go:184.29,192.5 2 0
github.com/panyam/slyds/cmd/slides.go:193.4,194.18 2 0
github.com/panyam/slyds/cmd/slides.go:194.18,196.5 1 0
github.com/panyam/slyds/cmd/slides.go:197.4,198.14 2 0
github.com/panyam/slyds/cmd/slides.go:201.3,201.28 1 0
github.com/panyam/slyds/cmd/slides.go:201.28,206.4 4 0
github.com/panyam/slyds/cmd/slides.go:207.3,207.13 1 0
github.com/panyam/slyds/cmd/slides.go:221.54,223.17 2 0
github.com/panyam/slyds/cmd/slides.go:223.17,225.4 1 0
github.com/panyam/slyds/cmd/slides.go:226.3,229.17 3 0
github.com/panyam/slyds/cmd/slides.go:229.17,231.4 1 0
github.com/panyam/slyds/cmd/slides.go:233.3,235.17 3 0
github.com/panyam/slyds/cmd/slides.go:235.17,237.4 1 0
github.com/panyam/slyds/cmd/slides.go:238.3,238.24 1 0
github.com/panyam/slyds/cmd/slides.go:238.24,240.4 1 0
github.com/panyam/slyds/cmd/slides.go:242.3,242.28 1 0
github.com/panyam/slyds/cmd/slides.go:242.28,244.18 2 0
github.com/panyam/slyds/cmd/slides.go:244.18,246.5 1 0
github.com/panyam/slyds/cmd/slides.go:247.4,247.51 1 0
github.com/panyam/slyds/cmd/slides.go:247.51,249.5 1 0
github.com/panyam/slyds/cmd/slides.go:252.3,254.13 3 0
github.com/panyam/slyds/cmd/slides.go:268.54,270.20 2 0
github.com/panyam/slyds/cmd/slides.go:270.20,272.4 1 0
github.com/panyam/slyds/cmd/slides.go:273.3,274.17 2 0
github.com/panyam/slyds/cmd/slides.go:274.17,276.4 1 0
github.com/panyam/slyds/cmd/slides.go:278.3,279.17 2 0
github.com/panyam/slyds/cmd/slides.go:279.17,281.4 1 0
github.com/panyam/slyds/cmd/slides.go:283.3,283.19 1 0
github.com/panyam/slyds/cmd/slides.go:283.19,285.4 1 0
github.com/panyam/slyds/cmd/slides.go:285.9,287.4 1 0
github.com/panyam/slyds/cmd/slides.go:288.3,288.13 1 0
github.com/panyam/slyds/cmd/slides.go:293.13,313.2 17 1
github.com/panyam/slyds/cmd/slides.go:326.60,327.47 1 1
github.com/panyam/slyds/cmd/slides.go:327.47,332.3 3 1
github.com/panyam/slyds/cmd/slides.go:333.2,333.19 1 0
github.com/panyam/slyds/cmd/slides.go:338.60,340.16 2 0
github.com/panyam/slyds/cmd/slides.go:340.16,342.3 1 0
github.com/panyam/slyds/cmd/slides.go:343.2,344.49 2 0
github.com/panyam/slyds/cmd/slides.go:344.49,346.3 1 0
github.com/panyam/slyds/cmd/slides.go:347.2,347.15 1 0
github.com/panyam/slyds/cmd/update.go:26.54,28.20 2 0
github.com/panyam/slyds/cmd/update.go:28.20,30.4 1 0
github.com/panyam/slyds/cmd/update.go:31.3,32.17 2 0
github.com/panyam/slyds/cmd/update.go:32.17,34.4 1 0
github.com/panyam/slyds/cmd/update.go:36.3,36.51 1 0
github.com/panyam/slyds/cmd/update.go:36.51,38.4 1 0
github.com/panyam/slyds/cmd/update.go:40.3,41.38 2 0
github.com/panyam/slyds/cmd/update.go:41.38,43.18 2 0
github.com/panyam/slyds/cmd/update.go:43.18,45.5 1 0
github.com/panyam/slyds/cmd/update.go:46.9,46.24 1 0
github.com/panyam/slyds/cmd/update.go:46.24,48.4 1 0
github.com/panyam/slyds/cmd/update.go:51.3,52.75 2 0
github.com/panyam/slyds/cmd/update.go:52.75,54.4 1 0
github.com/panyam/slyds/cmd/update.go:57.3,57.29 1 0
github.com/panyam/slyds/cmd/update.go:57.29,65.84 3 0
github.com/panyam/slyds/cmd/update.go:65.84,67.5 1 0
github.com/panyam/slyds/cmd/update.go:71.3,72.75 2 0
github.com/panyam/slyds/cmd/update.go:72.75,75.4 2 0
github.com/panyam/slyds/cmd/update.go:75.9,77.4 1 0
github.com/panyam/slyds/cmd/update.go:79.3,80.13 2 0
github.com/panyam/slyds/cmd/update.go:84.50,92.17 7 0
github.com/panyam/slyds/cmd/update.go:92.17,94.3 1 0
github.com/panyam/slyds/cmd/update.go:95.2,95.30 1 0
github.com/panyam/slyds/cmd/update.go:95.30,97.3 1 0
github.com/panyam/slyds/cmd/update.go:99.2,102.17 4 0
github.com/panyam/slyds/cmd/update.go:102.17,104.3 1 0
github.com/panyam/slyds/cmd/update.go:106.2,106.56 1 0
github.com/panyam/slyds/cmd/update.go:109.13,111.2 1 1
github.com/panyam/slyds/cmd/workspace.go:67.42,68.31 1 1
github.com/panyam/slyds/cmd/workspace.go:68.31,70.3 1 1
github.com/panyam/slyds/cmd/workspace.go:71.2,71.73 1 1
github.com/panyam/slyds/cmd/workspace.go:71.73,73.3 1 1
github.com/panyam/slyds/cmd/workspace.go:74.2,74.67 1 1
github.com/panyam/slyds/cmd/workspace.go:74.67,76.3 1 1
github.com/panyam/slyds/cmd/workspace.go:77.2,77.12 1 1
github.com/panyam/slyds/cmd/workspace.go:91.62,93.16 2 1
github.com/panyam/slyds/cmd/workspace.go:93.16,95.3 1 0
github.com/panyam/slyds/cmd/workspace.go:96.2,96.40 1 1
github.com/panyam/slyds/cmd/workspace.go:102.40,102.57 1 1
github.com/panyam/slyds/cmd/workspace.go:107.68,108.47 1 1
github.com/panyam/slyds/cmd/workspace.go:108.47,110.3 1 1
github.com/panyam/slyds/cmd/workspace.go:111.2,112.31 2 1
github.com/panyam/slyds/cmd/workspace.go:112.31,114.3 1 1
github.com/panyam/slyds/cmd/workspace.go:114.8,116.3 1 1
github.com/panyam/slyds/cmd/workspace.go:117.2,118.16 2 1
github.com/panyam/slyds/cmd/workspace.go:118.16,120.3 1 1
github.com/panyam/slyds/cmd/workspace.go:121.2,121.15 1 1
github.com/panyam/slyds/cmd/workspace.go:127.57,129.72 2 1
github.com/panyam/slyds/cmd/workspace.go:129.72,131.3 1 1
github.com/panyam/slyds/cmd/workspace.go:132.2,133.16 2 1
github.com/panyam/slyds/cmd/workspace.go:133.16,137.3 1 0
github.com/panyam/slyds/cmd/workspace.go:138.2,138.28 1 1
github.com/panyam/slyds/cmd/workspace.go:138.28,139.17 1 1
github.com/panyam/slyds/cmd/workspace.go:139.17,140.12 1 1
github.com/panyam/slyds/cmd/workspace.go:142.3,142.83 1 1
github.com/panyam/slyds/cmd/workspace.go:142.83,144.4 1 1
github.com/panyam/slyds/cmd/workspace.go:146.2,146.18 1 1
github.com/panyam/slyds/cmd/workspace.go:152.96,153.47 1 1
github.com/panyam/slyds/cmd/workspace.go:153.47,155.3 1 1
github.com/panyam/slyds/cmd/workspace.go:156.2,156.31 1 1
github.com/panyam/slyds/cmd/workspace.go:156.31,158.3 1 0
github.com/panyam/slyds/cmd/workspace.go:159.2,160.80 2 1
github.com/panyam/slyds/cmd/workspace.go:160.80,162.3 1 0
github.com/panyam/slyds/cmd/workspace.go:163.2,163.25 1 1
github.com/panyam/slyds/cmd/workspace.go:182.58,185.2 2 1
github.com/panyam/slyds/cmd/workspace.go:190.71,192.2 1 1
github.com/panyam/slyds/cmd/workspace.go:199.58,200.103 1 1
github.com/panyam/slyds/cmd/workspace.go:200.103,203.3 2 1
github.com/panyam/slyds/cmd/workspace.go:209.77,211.15 2 1
github.com/panyam/slyds/cmd/workspace.go:211.15,214.3 2 1
github.com/panyam/slyds/cmd/workspace.go:215.2,215.16 1 1
github.com/panyam/slyds/cmd/workspace.go:223.94,225.22 2 1
github.com/panyam/slyds/cmd/workspace.go:225.22,227.3 1 1
github.com/panyam/slyds/cmd/workspace.go:228.2,229.16 2 1
github.com/panyam/slyds/cmd/workspace.go:229.16,232.3 2 1
github.com/panyam/slyds/cmd/workspace.go:233.2,233.15 1 1
github.com/panyam/slyds/cmd/ws.go:35.54,37.17 2 1
github.com/panyam/slyds/cmd/ws.go:37.17,39.4 1 0
github.com/panyam/slyds/cmd/ws.go:40.3,41.17 2 1
github.com/panyam/slyds/cmd/ws.go:41.17,43.4 1 0
github.com/panyam/slyds/cmd/ws.go:44.3,50.13 3 1
github.com/panyam/slyds/cmd/ws.go:50.13,54.4 3 1
github.com/panyam/slyds/cmd/ws.go:55.3,58.13 4 1
github.com/panyam/slyds/cmd/ws.go:65.54,67.17 2 1
github.com/panyam/slyds/cmd/ws.go:67.17,69.4 1 0
github.com/panyam/slyds/cmd/ws.go:70.3,71.17 2 1
github.com/panyam/slyds/cmd/ws.go:71.17,73.4 1 0
github.com/panyam/slyds/cmd/ws.go:74.3,76.13 2 1
github.com/panyam/slyds/cmd/ws.go:76.13,81.29 2 1
github.com/panyam/slyds/cmd/ws.go:81.29,83.19 2 1
github.com/panyam/slyds/cmd/ws.go:83.19,84.14 1 0
github.com/panyam/slyds/cmd/ws.go:86.5,92.7 2 1
github.com/panyam/slyds/cmd/ws.go:94.4,96.14 3 1
github.com/panyam/slyds/cmd/ws.go:99.3,99.21 1 1
github.com/panyam/slyds/cmd/ws.go:99.21,102.4 2 1
github.com/panyam/slyds/cmd/ws.go:103.3,103.28 1 0
github.com/panyam/slyds/cmd/ws.go:103.28,105.18 2 0
github.com/panyam/slyds/cmd/ws.go:105.18,107.13 2 0
github.com/panyam/slyds/cmd/ws.go:109.4,111.43 2 0
github.com/panyam/slyds/cmd/ws.go:113.3,113.13 1 0
github.com/panyam/slyds/cmd/ws.go:117.13,123.2 5 1
